hello now
use broker False
not using broker
initiating discovery client connection
tcp://10.0.0.1:5557
discovery client connection broadcast
dicts {"3": "10.0.0.4"}
pubs {'3': '10.0.0.4'} key 3
key 3 value 10.0.0.4 tcp://10.0.0.4:5556
# starting loop
# starting loop
topic2 ,PUB,3,0,23:40:39.610713,23:40:39.613908,0:00:01.757594,0:00:01.757594
topic2 ,PUB,3,1,23:40:39.624193,23:40:39.630224,0:00:01.773910,0:00:00.016316
topic2 ,PUB,3,2,23:40:39.634782,23:40:39.639913,0:00:01.783599,0:00:00.009689
topic2 ,PUB,3,3,23:40:39.645585,23:40:39.650542,0:00:01.794228,0:00:00.010629
topic2 ,PUB,3,4,23:40:39.656230,23:40:39.660361,0:00:01.804047,0:00:00.009819
topic2 ,PUB,3,5,23:40:39.666909,23:40:39.670551,0:00:01.814237,0:00:00.010190
topic2 ,PUB,3,6,23:40:39.677261,23:40:39.680260,0:00:01.823946,0:00:00.009709
topic2 ,PUB,3,7,23:40:39.689856,23:40:39.694825,0:00:01.838511,0:00:00.014565
topic2 ,PUB,3,8,23:40:39.700512,23:40:39.708732,0:00:01.852418,0:00:00.013907
topic2 ,PUB,3,9,23:40:39.711574,23:40:39.718650,0:00:01.862336,0:00:00.009918
topic2 ,PUB,3,10,23:40:39.723022,23:40:39.728223,0:00:01.871909,0:00:00.009573
topic2 ,PUB,3,11,23:40:39.734187,23:40:39.741514,0:00:01.885200,0:00:00.013291
topic2 ,PUB,3,12,23:40:39.745920,23:40:39.750374,0:00:01.894060,0:00:00.008860
topic2 ,PUB,3,13,23:40:39.756608,23:40:39.760068,0:00:01.903754,0:00:00.009694
topic2 ,PUB,3,14,23:40:39.767239,23:40:39.771269,0:00:01.914955,0:00:00.011201
topic2 ,PUB,3,15,23:40:39.778666,23:40:39.782659,0:00:01.926345,0:00:00.011390
topic2 ,PUB,3,16,23:40:39.789179,23:40:39.793979,0:00:01.937665,0:00:00.011320
topic2 ,PUB,3,17,23:40:39.800028,23:40:39.806289,0:00:01.949975,0:00:00.012310
topic2 ,PUB,3,18,23:40:39.811193,23:40:39.815932,0:00:01.959618,0:00:00.009643
topic2 ,PUB,3,19,23:40:39.822245,23:40:39.829301,0:00:01.972987,0:00:00.013369
topic2 ,PUB,3,20,23:40:39.833179,23:40:39.837748,0:00:01.981434,0:00:00.008447
topic2 ,PUB,3,21,23:40:39.844395,23:40:39.848181,0:00:01.991867,0:00:00.010433
topic2 ,PUB,3,22,23:40:39.854948,23:40:39.861475,0:00:02.005161,0:00:00.013294
topic2 ,PUB,3,23,23:40:39.866551,23:40:39.870310,0:00:02.013996,0:00:00.008835
topic2 ,PUB,3,24,23:40:39.886208,23:40:39.894668,0:00:02.038354,0:00:00.024358
topic2 ,PUB,3,25,23:40:39.897721,23:40:39.902357,0:00:02.046043,0:00:00.007689
topic2 ,PUB,3,26,23:40:39.909993,23:40:39.914381,0:00:02.058067,0:00:00.012024
topic2 ,PUB,3,27,23:40:39.921469,23:40:39.925977,0:00:02.069663,0:00:00.011596
topic2 ,PUB,3,28,23:40:39.932270,23:40:39.936407,0:00:02.080093,0:00:00.010430
topic2 ,PUB,3,29,23:40:39.942931,23:40:39.946275,0:00:02.089961,0:00:00.009868
topic2 ,PUB,3,30,23:40:39.956085,23:40:39.960667,0:00:02.104353,0:00:00.014392
topic2 ,PUB,3,31,23:40:39.966541,23:40:39.969887,0:00:02.113573,0:00:00.009220
topic2 ,PUB,3,32,23:40:39.978553,23:40:39.984372,0:00:02.128058,0:00:00.014485
topic2 ,PUB,3,33,23:40:39.989213,23:40:39.995754,0:00:02.139440,0:00:00.011382
topic2 ,PUB,3,34,23:40:39.999728,23:40:40.005721,0:00:02.149407,0:00:00.009967
topic2 ,PUB,3,35,23:40:40.010627,23:40:40.015051,0:00:02.158737,0:00:00.009330
topic2 ,PUB,3,36,23:40:40.021434,23:40:40.026164,0:00:02.169850,0:00:00.011113
topic2 ,PUB,3,37,23:40:40.033679,23:40:40.042294,0:00:02.185980,0:00:00.016130
topic2 ,PUB,3,38,23:40:40.045298,23:40:40.049801,0:00:02.193487,0:00:00.007507
topic2 ,PUB,3,39,23:40:40.065073,23:40:40.082292,0:00:02.225978,0:00:00.032491
topic2 ,PUB,3,40,23:40:40.083181,23:40:40.091967,0:00:02.235653,0:00:00.009675
topic2 ,PUB,3,41,23:40:40.130475,23:40:40.156914,0:00:02.300600,0:00:00.064947
topic2 ,PUB,3,42,23:40:40.141536,23:40:40.157061,0:00:02.300747,0:00:00.000147
topic2 ,PUB,3,43,23:40:40.152025,23:40:40.177377,0:00:02.321063,0:00:00.020316
topic2 ,PUB,3,44,23:40:40.162457,23:40:40.180106,0:00:02.323792,0:00:00.002729
topic2 ,PUB,3,45,23:40:40.173472,23:40:40.180254,0:00:02.323940,0:00:00.000148
topic2 ,PUB,3,46,23:40:40.184342,23:40:40.188191,0:00:02.331877,0:00:00.007937
topic2 ,PUB,3,47,23:40:40.196122,23:40:40.202505,0:00:02.346191,0:00:00.014314
topic2 ,PUB,3,48,23:40:40.207731,23:40:40.211720,0:00:02.355406,0:00:00.009215
topic2 ,PUB,3,49,23:40:40.219596,23:40:40.226162,0:00:02.369848,0:00:00.014442
topic2 ,PUB,3,50,23:40:40.231705,23:40:40.236861,0:00:02.380547,0:00:00.010699
topic2 ,PUB,3,51,23:40:40.244708,23:40:40.257164,0:00:02.400850,0:00:00.020303
topic2 ,PUB,3,52,23:40:40.258135,23:40:40.265146,0:00:02.408832,0:00:00.007982
topic2 ,PUB,3,53,23:40:40.272301,23:40:40.277015,0:00:02.420701,0:00:00.011869
topic2 ,PUB,3,54,23:40:40.284553,23:40:40.288784,0:00:02.432470,0:00:00.011769
topic2 ,PUB,3,55,23:40:40.370859,23:40:40.394958,0:00:02.538644,0:00:00.106174
topic2 ,PUB,3,56,23:40:40.389971,23:40:40.849457,0:00:02.993143,0:00:00.454499
topic2 ,PUB,3,57,23:40:40.418745,23:40:40.849546,0:00:02.993232,0:00:00.000089
topic2 ,PUB,3,58,23:40:40.437346,23:40:40.849614,0:00:02.993300,0:00:00.000068
topic2 ,PUB,3,59,23:40:40.453546,23:40:40.849671,0:00:02.993357,0:00:00.000057
topic2 ,PUB,3,60,23:40:40.472004,23:40:40.849726,0:00:02.993412,0:00:00.000055
topic2 ,PUB,3,61,23:40:40.486838,23:40:40.849778,0:00:02.993464,0:00:00.000052
topic2 ,PUB,3,62,23:40:40.503800,23:40:40.849831,0:00:02.993517,0:00:00.000053
topic2 ,PUB,3,63,23:40:40.520038,23:40:40.849883,0:00:02.993569,0:00:00.000052
topic2 ,PUB,3,64,23:40:40.540568,23:40:40.849935,0:00:02.993621,0:00:00.000052
topic2 ,PUB,3,65,23:40:40.556336,23:40:40.850017,0:00:02.993703,0:00:00.000082
topic2 ,PUB,3,66,23:40:40.571890,23:40:40.850173,0:00:02.993859,0:00:00.000156
topic2 ,PUB,3,67,23:40:40.590606,23:40:40.850229,0:00:02.993915,0:00:00.000056
topic2 ,PUB,3,68,23:40:40.609358,23:40:40.850282,0:00:02.993968,0:00:00.000053
topic2 ,PUB,3,69,23:40:40.629204,23:40:40.850333,0:00:02.994019,0:00:00.000051
topic2 ,PUB,3,70,23:40:40.652202,23:40:40.850385,0:00:02.994071,0:00:00.000052
topic2 ,PUB,3,71,23:40:40.664271,23:40:40.850436,0:00:02.994122,0:00:00.000051
topic2 ,PUB,3,72,23:40:40.676866,23:40:40.850487,0:00:02.994173,0:00:00.000051
topic2 ,PUB,3,73,23:40:40.692812,23:40:40.850538,0:00:02.994224,0:00:00.000051
topic2 ,PUB,3,74,23:40:40.708496,23:40:40.850588,0:00:02.994274,0:00:00.000050
topic2 ,PUB,3,75,23:40:40.724764,23:40:40.850639,0:00:02.994325,0:00:00.000051
topic2 ,PUB,3,76,23:40:40.740117,23:40:40.850689,0:00:02.994375,0:00:00.000050
topic2 ,PUB,3,77,23:40:40.750985,23:40:40.850740,0:00:02.994426,0:00:00.000051
topic2 ,PUB,3,78,23:40:40.772279,23:40:40.850790,0:00:02.994476,0:00:00.000050
topic2 ,PUB,3,79,23:40:40.797416,23:40:40.850841,0:00:02.994527,0:00:00.000051
topic2 ,PUB,3,80,23:40:40.808160,23:40:40.850891,0:00:02.994577,0:00:00.000050
topic2 ,PUB,3,81,23:40:40.856088,23:40:40.867517,0:00:03.011203,0:00:00.016626
topic2 ,PUB,3,82,23:40:40.868839,23:40:40.872642,0:00:03.016328,0:00:00.005125
topic2 ,PUB,3,83,23:40:40.880083,23:40:40.901975,0:00:03.045661,0:00:00.029333
topic2 ,PUB,3,84,23:40:40.894513,23:40:40.902287,0:00:03.045973,0:00:00.000312
topic2 ,PUB,3,85,23:40:40.906343,23:40:40.910291,0:00:03.053977,0:00:00.008004
topic2 ,PUB,3,86,23:40:40.916974,23:40:40.920450,0:00:03.064136,0:00:00.010159
topic2 ,PUB,3,87,23:40:40.928122,23:40:40.940305,0:00:03.083991,0:00:00.019855
topic2 ,PUB,3,88,23:40:40.940634,23:40:40.945471,0:00:03.089157,0:00:00.005166
topic2 ,PUB,3,89,23:40:40.952079,23:40:40.965979,0:00:03.109665,0:00:00.020508
topic2 ,PUB,3,90,23:40:40.964650,23:40:40.969628,0:00:03.113314,0:00:00.003649
topic2 ,PUB,3,91,23:40:40.976382,23:40:40.980624,0:00:03.124310,0:00:00.010996
topic2 ,PUB,3,92,23:40:40.986822,23:40:40.998762,0:00:03.142448,0:00:00.018138
topic2 ,PUB,3,93,23:40:40.999966,23:40:41.003657,0:00:03.147343,0:00:00.004895
topic2 ,PUB,3,94,23:40:41.010494,23:40:41.014589,0:00:03.158275,0:00:00.010932
topic2 ,PUB,3,95,23:40:41.034093,23:40:41.038367,0:00:03.182053,0:00:00.023778
topic2 ,PUB,3,96,23:40:41.044606,23:40:41.048778,0:00:03.192464,0:00:00.010411
topic2 ,PUB,3,97,23:40:41.057013,23:40:41.061111,0:00:03.204797,0:00:00.012333
topic2 ,PUB,3,98,23:40:41.070497,23:40:41.076490,0:00:03.220176,0:00:00.015379
topic2 ,PUB,3,99,23:40:41.091895,23:40:41.096908,0:00:03.240594,0:00:00.020418
topic2 ,PUB,3,100,23:40:41.107255,23:40:41.112040,0:00:03.255726,0:00:00.015132
topic2 ,PUB,3,101,23:40:41.119155,23:40:41.126541,0:00:03.270227,0:00:00.014501
topic2 ,PUB,3,102,23:40:41.130086,23:40:41.138855,0:00:03.282541,0:00:00.012314
topic2 ,PUB,3,103,23:40:41.141359,23:40:41.152874,0:00:03.296560,0:00:00.014019
topic2 ,PUB,3,104,23:40:41.152450,23:40:41.161344,0:00:03.305030,0:00:00.008470
topic2 ,PUB,3,105,23:40:41.162986,23:40:41.175112,0:00:03.318798,0:00:00.013768
topic2 ,PUB,3,106,23:40:41.178273,23:40:41.184299,0:00:03.327985,0:00:00.009187
topic2 ,PUB,3,107,23:40:41.196623,23:40:41.211947,0:00:03.355633,0:00:00.027648
topic2 ,PUB,3,108,23:40:41.209125,23:40:41.215200,0:00:03.358886,0:00:00.003253
topic2 ,PUB,3,109,23:40:41.221840,23:40:41.229587,0:00:03.373273,0:00:00.014387
topic2 ,PUB,3,110,23:40:41.232555,23:40:41.266272,0:00:03.409958,0:00:00.036685
topic2 ,PUB,3,111,23:40:41.264008,23:40:41.268618,0:00:03.412304,0:00:00.002346
topic2 ,PUB,3,112,23:40:41.274651,23:40:41.295556,0:00:03.439242,0:00:00.026938
topic2 ,PUB,3,113,23:40:41.293206,23:40:41.299914,0:00:03.443600,0:00:00.004358
topic2 ,PUB,3,114,23:40:41.304304,23:40:41.308877,0:00:03.452563,0:00:00.008963
topic2 ,PUB,3,115,23:40:41.321051,23:40:41.330651,0:00:03.474337,0:00:00.021774
topic2 ,PUB,3,116,23:40:41.332190,23:40:41.336016,0:00:03.479702,0:00:00.005365
topic2 ,PUB,3,117,23:40:41.343821,23:40:41.347865,0:00:03.491551,0:00:00.011849
topic2 ,PUB,3,118,23:40:41.369524,23:40:41.374944,0:00:03.518630,0:00:00.027079
topic2 ,PUB,3,119,23:40:41.381492,23:40:41.386910,0:00:03.530596,0:00:00.011966
topic2 ,PUB,3,120,23:40:41.393211,23:40:41.399118,0:00:03.542804,0:00:00.012208
topic2 ,PUB,3,121,23:40:41.408728,23:40:41.413207,0:00:03.556893,0:00:00.014089
topic2 ,PUB,3,122,23:40:41.419830,23:40:41.428425,0:00:03.572111,0:00:00.015218
topic2 ,PUB,3,123,23:40:41.431951,23:40:41.436603,0:00:03.580289,0:00:00.008178
topic2 ,PUB,3,124,23:40:41.453229,23:40:41.460583,0:00:03.604269,0:00:00.023980
topic2 ,PUB,3,125,23:40:41.463994,23:40:41.476456,0:00:03.620142,0:00:00.015873
topic2 ,PUB,3,126,23:40:41.475390,23:40:41.482785,0:00:03.626471,0:00:00.006329
topic2 ,PUB,3,127,23:40:41.488104,23:40:41.492430,0:00:03.636116,0:00:00.009645
topic2 ,PUB,3,128,23:40:41.501019,23:40:41.504370,0:00:03.648056,0:00:00.011940
topic2 ,PUB,3,129,23:40:41.511736,23:40:41.522614,0:00:03.666300,0:00:00.018244
topic2 ,PUB,3,130,23:40:41.523203,23:40:41.527206,0:00:03.670892,0:00:00.004592
topic2 ,PUB,3,131,23:40:41.550517,23:40:41.563097,0:00:03.706783,0:00:00.035891
topic2 ,PUB,3,132,23:40:41.563473,23:40:41.567926,0:00:03.711612,0:00:00.004829
topic2 ,PUB,3,133,23:40:41.578991,23:40:41.596385,0:00:03.740071,0:00:00.028459
topic2 ,PUB,3,134,23:40:41.609655,23:40:41.638216,0:00:03.781902,0:00:00.041831
topic2 ,PUB,3,135,23:40:41.633797,23:40:41.645632,0:00:03.789318,0:00:00.007416
topic2 ,PUB,3,136,23:40:41.646746,23:40:41.654724,0:00:03.798410,0:00:00.009092
topic2 ,PUB,3,137,23:40:41.657523,23:40:41.675021,0:00:03.818707,0:00:00.020297
topic2 ,PUB,3,138,23:40:41.668523,23:40:41.684850,0:00:03.828536,0:00:00.009829
topic2 ,PUB,3,139,23:40:41.692727,23:40:41.725119,0:00:03.868805,0:00:00.040269
topic2 ,PUB,3,140,23:40:41.710950,23:40:41.728437,0:00:03.872123,0:00:00.003318
topic2 ,PUB,3,141,23:40:41.725997,23:40:41.743000,0:00:03.886686,0:00:00.014563
topic2 ,PUB,3,142,23:40:41.740351,23:40:41.753258,0:00:03.896944,0:00:00.010258
topic2 ,PUB,3,143,23:40:41.753689,23:40:41.768907,0:00:03.912593,0:00:00.015649
topic2 ,PUB,3,144,23:40:41.778624,23:40:41.788756,0:00:03.932442,0:00:00.019849
topic2 ,PUB,3,145,23:40:41.818939,23:40:41.831605,0:00:03.975291,0:00:00.042849
topic2 ,PUB,3,146,23:40:41.834513,23:40:41.851796,0:00:03.995482,0:00:00.020191
topic2 ,PUB,3,147,23:40:41.850821,23:40:41.862249,0:00:04.005935,0:00:00.010453
topic2 ,PUB,3,148,23:40:41.864061,23:40:41.896051,0:00:04.039737,0:00:00.033802
topic2 ,PUB,3,149,23:40:41.898830,23:40:41.918286,0:00:04.061972,0:00:00.022235
topic2 ,PUB,3,150,23:40:41.911014,23:40:41.965408,0:00:04.109094,0:00:00.047122
topic2 ,PUB,3,151,23:40:41.922217,23:40:42.040250,0:00:04.183936,0:00:00.074842
topic2 ,PUB,3,152,23:40:41.935292,23:40:42.040407,0:00:04.184093,0:00:00.000157
topic2 ,PUB,3,153,23:40:41.946538,23:40:42.040475,0:00:04.184161,0:00:00.000068
topic2 ,PUB,3,154,23:40:41.957275,23:40:42.040552,0:00:04.184238,0:00:00.000077
topic2 ,PUB,3,155,23:40:41.970782,23:40:42.062003,0:00:04.205689,0:00:00.021451
topic2 ,PUB,3,156,23:40:41.981988,23:40:42.062153,0:00:04.205839,0:00:00.000150
topic2 ,PUB,3,157,23:40:42.027221,23:40:42.075365,0:00:04.219051,0:00:00.013212
topic2 ,PUB,3,158,23:40:42.073385,23:40:42.087342,0:00:04.231028,0:00:00.011977
topic2 ,PUB,3,159,23:40:42.087105,23:40:42.101204,0:00:04.244890,0:00:00.013862
topic2 ,PUB,3,160,23:40:42.100805,23:40:42.108083,0:00:04.251769,0:00:00.006879
topic2 ,PUB,3,161,23:40:42.118718,23:40:42.126271,0:00:04.269957,0:00:00.018188
topic2 ,PUB,3,162,23:40:42.131101,23:40:42.134665,0:00:04.278351,0:00:00.008394
topic2 ,PUB,3,163,23:40:42.147251,23:40:42.155770,0:00:04.299456,0:00:00.021105
topic2 ,PUB,3,164,23:40:42.163992,23:40:42.172561,0:00:04.316247,0:00:00.016791
topic2 ,PUB,3,165,23:40:42.181288,23:40:42.185714,0:00:04.329400,0:00:00.013153
topic2 ,PUB,3,166,23:40:42.196958,23:40:42.200287,0:00:04.343973,0:00:00.014573
topic2 ,PUB,3,167,23:40:42.210540,23:40:42.218750,0:00:04.362436,0:00:00.018463
topic2 ,PUB,3,168,23:40:42.221605,23:40:42.225271,0:00:04.368957,0:00:00.006521
topic2 ,PUB,3,169,23:40:42.232802,23:40:42.237155,0:00:04.380841,0:00:00.011884
topic2 ,PUB,3,170,23:40:42.245832,23:40:42.249404,0:00:04.393090,0:00:00.012249
topic2 ,PUB,3,171,23:40:42.261550,23:40:42.336962,0:00:04.480648,0:00:00.087558
topic2 ,PUB,3,172,23:40:42.334049,23:40:42.344024,0:00:04.487710,0:00:00.007062
topic2 ,PUB,3,173,23:40:42.346849,23:40:42.350658,0:00:04.494344,0:00:00.006634
topic2 ,PUB,3,174,23:40:42.357950,23:40:42.363811,0:00:04.507497,0:00:00.013153
topic2 ,PUB,3,175,23:40:42.376033,23:40:42.380742,0:00:04.524428,0:00:00.016931
topic2 ,PUB,3,176,23:40:42.394717,23:40:42.400569,0:00:04.544255,0:00:00.019827
topic2 ,PUB,3,177,23:40:42.408419,23:40:42.415398,0:00:04.559084,0:00:00.014829
topic2 ,PUB,3,178,23:40:42.419277,23:40:42.424326,0:00:04.568012,0:00:00.008928
topic2 ,PUB,3,179,23:40:42.435802,23:40:42.462503,0:00:04.606189,0:00:00.038177
topic2 ,PUB,3,180,23:40:42.456378,23:40:42.463023,0:00:04.606709,0:00:00.000520
topic2 ,PUB,3,181,23:40:42.467984,23:40:42.487175,0:00:04.630861,0:00:00.024152
topic2 ,PUB,3,182,23:40:42.483450,23:40:42.498083,0:00:04.641769,0:00:00.010908
topic2 ,PUB,3,183,23:40:42.504382,23:40:42.521043,0:00:04.664729,0:00:00.022960
topic2 ,PUB,3,184,23:40:42.518562,23:40:42.527511,0:00:04.671197,0:00:00.006468
topic2 ,PUB,3,185,23:40:42.529600,23:40:42.534573,0:00:04.678259,0:00:00.007062
topic2 ,PUB,3,186,23:40:42.541444,23:40:42.546044,0:00:04.689730,0:00:00.011471
topic2 ,PUB,3,187,23:40:42.553858,23:40:42.567833,0:00:04.711519,0:00:00.021789
topic2 ,PUB,3,188,23:40:42.567799,23:40:42.574345,0:00:04.718031,0:00:00.006512
topic2 ,PUB,3,189,23:40:42.578528,23:40:42.582012,0:00:04.725698,0:00:00.007667
topic2 ,PUB,3,190,23:40:42.590164,23:40:42.595709,0:00:04.739395,0:00:00.013697
topic2 ,PUB,3,191,23:40:42.601454,23:40:42.613404,0:00:04.757090,0:00:00.017695
topic2 ,PUB,3,192,23:40:42.613619,23:40:42.623939,0:00:04.767625,0:00:00.010535
topic2 ,PUB,3,193,23:40:42.628943,23:40:42.633900,0:00:04.777586,0:00:00.009961
topic2 ,PUB,3,194,23:40:42.649984,23:40:42.654413,0:00:04.798099,0:00:00.020513
topic2 ,PUB,3,195,23:40:42.664749,23:40:42.671630,0:00:04.815316,0:00:00.017217
topic2 ,PUB,3,196,23:40:42.676040,23:40:42.681129,0:00:04.824815,0:00:00.009499
topic2 ,PUB,3,197,23:40:42.686875,23:40:42.694358,0:00:04.838044,0:00:00.013229
topic2 ,PUB,3,198,23:40:42.697547,23:40:42.710021,0:00:04.853707,0:00:00.015663
topic2 ,PUB,3,199,23:40:42.710600,23:40:42.715763,0:00:04.859449,0:00:00.005742
