hello now
use broker True
using broker tcp://10.0.0.1:5556
# starting loop
topic1 ,PUB,2,0,22:48:58.912547,22:48:58.921109,0:00:01.795335,0:00:01.795335
topic1 ,PUB,2,1,22:48:58.925802,22:48:58.941864,0:00:01.816090,0:00:00.020755
topic1 ,PUB,2,2,22:48:58.936504,22:48:58.949151,0:00:01.823377,0:00:00.007287
topic1 ,PUB,2,3,22:48:58.948572,22:48:58.960292,0:00:01.834518,0:00:00.011141
topic1 ,PUB,2,4,22:48:58.959891,22:48:58.980774,0:00:01.855000,0:00:00.020482
topic1 ,PUB,2,5,22:48:58.974613,22:48:58.986536,0:00:01.860762,0:00:00.005762
topic1 ,PUB,2,6,22:48:58.985140,22:48:58.997215,0:00:01.871441,0:00:00.010679
topic1 ,PUB,2,7,22:48:58.997022,22:48:59.007102,0:00:01.881328,0:00:00.009887
topic1 ,PUB,2,8,22:48:59.007656,22:48:59.017108,0:00:01.891334,0:00:00.010006
topic1 ,PUB,2,9,22:48:59.018742,22:48:59.026168,0:00:01.900394,0:00:00.009060
topic1 ,PUB,2,10,22:48:59.029637,22:48:59.037761,0:00:01.911987,0:00:00.011593
topic1 ,PUB,2,11,22:48:59.040777,22:48:59.052362,0:00:01.926588,0:00:00.014601
topic1 ,PUB,2,12,22:48:59.052621,22:48:59.065858,0:00:01.940084,0:00:00.013496
topic1 ,PUB,2,13,22:48:59.064649,22:48:59.077527,0:00:01.951753,0:00:00.011669
topic1 ,PUB,2,14,22:48:59.077851,22:48:59.088292,0:00:01.962518,0:00:00.010765
topic1 ,PUB,2,15,22:48:59.088705,22:48:59.102144,0:00:01.976370,0:00:00.013852
topic1 ,PUB,2,16,22:48:59.099860,22:48:59.116635,0:00:01.990861,0:00:00.014491
topic1 ,PUB,2,17,22:48:59.111506,22:48:59.142552,0:00:02.016778,0:00:00.025917
topic1 ,PUB,2,18,22:48:59.140181,22:48:59.156360,0:00:02.030586,0:00:00.013808
topic1 ,PUB,2,19,22:48:59.153626,22:48:59.169334,0:00:02.043560,0:00:00.012974
topic1 ,PUB,2,20,22:48:59.166717,22:48:59.191144,0:00:02.065370,0:00:00.021810
topic1 ,PUB,2,21,22:48:59.188525,22:48:59.201260,0:00:02.075486,0:00:00.010116
topic1 ,PUB,2,22,22:48:59.201528,22:48:59.213673,0:00:02.087899,0:00:00.012413
topic1 ,PUB,2,23,22:48:59.214243,22:48:59.225087,0:00:02.099313,0:00:00.011414
topic1 ,PUB,2,24,22:48:59.224899,22:48:59.232865,0:00:02.107091,0:00:00.007778
topic1 ,PUB,2,25,22:48:59.236674,22:48:59.258545,0:00:02.132771,0:00:00.025680
topic1 ,PUB,2,26,22:48:59.253759,22:48:59.264393,0:00:02.138619,0:00:00.005848
topic1 ,PUB,2,27,22:48:59.265158,22:48:59.280337,0:00:02.154563,0:00:00.015944
topic1 ,PUB,2,28,22:48:59.277828,22:48:59.307705,0:00:02.181931,0:00:00.027368
topic1 ,PUB,2,29,22:48:59.298630,22:48:59.316418,0:00:02.190644,0:00:00.008713
topic1 ,PUB,2,30,22:48:59.312220,22:48:59.322548,0:00:02.196774,0:00:00.006130
topic1 ,PUB,2,31,22:48:59.330325,22:48:59.339876,0:00:02.214102,0:00:00.017328
topic1 ,PUB,2,32,22:48:59.341061,22:48:59.351433,0:00:02.225659,0:00:00.011557
topic1 ,PUB,2,33,22:48:59.353059,22:48:59.363842,0:00:02.238068,0:00:00.012409
topic1 ,PUB,2,34,22:48:59.367184,22:48:59.386558,0:00:02.260784,0:00:00.022716
topic1 ,PUB,2,35,22:48:59.384134,22:48:59.398770,0:00:02.272996,0:00:00.012212
topic1 ,PUB,2,36,22:48:59.395879,22:48:59.413912,0:00:02.288138,0:00:00.015142
topic1 ,PUB,2,37,22:48:59.415419,22:48:59.434901,0:00:02.309127,0:00:00.020989
topic1 ,PUB,2,38,22:48:59.430267,22:48:59.439919,0:00:02.314145,0:00:00.005018
topic1 ,PUB,2,39,22:48:59.442001,22:48:59.449654,0:00:02.323880,0:00:00.009735
topic1 ,PUB,2,40,22:48:59.455746,22:48:59.464896,0:00:02.339122,0:00:00.015242
topic1 ,PUB,2,41,22:48:59.467691,22:48:59.479890,0:00:02.354116,0:00:00.014994
topic1 ,PUB,2,42,22:48:59.501009,22:48:59.518910,0:00:02.393136,0:00:00.039020
topic1 ,PUB,2,43,22:48:59.517082,22:48:59.527595,0:00:02.401821,0:00:00.008685
topic1 ,PUB,2,44,22:48:59.528744,22:48:59.541341,0:00:02.415567,0:00:00.013746
topic1 ,PUB,2,45,22:48:59.539799,22:48:59.554395,0:00:02.428621,0:00:00.013054
topic1 ,PUB,2,46,22:48:59.552588,22:48:59.562752,0:00:02.436978,0:00:00.008357
topic1 ,PUB,2,47,22:48:59.564335,22:48:59.574122,0:00:02.448348,0:00:00.011370
topic1 ,PUB,2,48,22:48:59.575113,22:48:59.585996,0:00:02.460222,0:00:00.011874
topic1 ,PUB,2,49,22:48:59.587987,22:48:59.599064,0:00:02.473290,0:00:00.013068
topic1 ,PUB,2,50,22:48:59.599273,22:48:59.619897,0:00:02.494123,0:00:00.020833
topic1 ,PUB,2,51,22:48:59.610492,22:48:59.626832,0:00:02.501058,0:00:00.006935
topic1 ,PUB,2,52,22:48:59.622635,22:48:59.645497,0:00:02.519723,0:00:00.018665
topic1 ,PUB,2,53,22:48:59.636296,22:48:59.651566,0:00:02.525792,0:00:00.006069
topic1 ,PUB,2,54,22:48:59.648359,22:48:59.658548,0:00:02.532774,0:00:00.006982
topic1 ,PUB,2,55,22:48:59.659036,22:48:59.672969,0:00:02.547195,0:00:00.014421
topic1 ,PUB,2,56,22:48:59.670410,22:48:59.681606,0:00:02.555832,0:00:00.008637
topic1 ,PUB,2,57,22:48:59.682102,22:48:59.694086,0:00:02.568312,0:00:00.012480
topic1 ,PUB,2,58,22:48:59.694293,22:48:59.706458,0:00:02.580684,0:00:00.012372
topic1 ,PUB,2,59,22:48:59.705724,22:48:59.719671,0:00:02.593897,0:00:00.013213
topic1 ,PUB,2,60,22:48:59.717358,22:48:59.730578,0:00:02.604804,0:00:00.010907
topic1 ,PUB,2,61,22:48:59.729004,22:48:59.738531,0:00:02.612757,0:00:00.007953
topic1 ,PUB,2,62,22:48:59.740343,22:48:59.749376,0:00:02.623602,0:00:00.010845
topic1 ,PUB,2,63,22:48:59.752036,22:48:59.760771,0:00:02.634997,0:00:00.011395
topic1 ,PUB,2,64,22:48:59.764746,22:48:59.775310,0:00:02.649536,0:00:00.014539
topic1 ,PUB,2,65,22:48:59.776540,22:48:59.785051,0:00:02.659277,0:00:00.009741
topic1 ,PUB,2,66,22:48:59.787153,22:48:59.797096,0:00:02.671322,0:00:00.012045
topic1 ,PUB,2,67,22:48:59.799058,22:48:59.807769,0:00:02.681995,0:00:00.010673
topic1 ,PUB,2,68,22:48:59.810140,22:48:59.818067,0:00:02.692293,0:00:00.010298
topic1 ,PUB,2,69,22:48:59.821366,22:48:59.829247,0:00:02.703473,0:00:00.011180
topic1 ,PUB,2,70,22:48:59.832196,22:48:59.840330,0:00:02.714556,0:00:00.011083
topic1 ,PUB,2,71,22:48:59.842831,22:48:59.852414,0:00:02.726640,0:00:00.012084
topic1 ,PUB,2,72,22:48:59.853455,22:48:59.865136,0:00:02.739362,0:00:00.012722
topic1 ,PUB,2,73,22:48:59.865329,22:48:59.876792,0:00:02.751018,0:00:00.011656
topic1 ,PUB,2,74,22:48:59.876925,22:48:59.884476,0:00:02.758702,0:00:00.007684
topic1 ,PUB,2,75,22:48:59.887938,22:48:59.896277,0:00:02.770503,0:00:00.011801
topic1 ,PUB,2,76,22:48:59.901147,22:48:59.912433,0:00:02.786659,0:00:00.016156
topic1 ,PUB,2,77,22:48:59.913852,22:48:59.921734,0:00:02.795960,0:00:00.009301
topic1 ,PUB,2,78,22:48:59.927741,22:48:59.941680,0:00:02.815906,0:00:00.019946
topic1 ,PUB,2,79,22:48:59.939223,22:48:59.947049,0:00:02.821275,0:00:00.005369
topic1 ,PUB,2,80,22:48:59.961799,22:48:59.975185,0:00:02.849411,0:00:00.028136
topic1 ,PUB,2,81,22:48:59.973256,22:48:59.987961,0:00:02.862187,0:00:00.012776
topic1 ,PUB,2,82,22:48:59.985839,22:49:00.000895,0:00:02.875121,0:00:00.012934
topic1 ,PUB,2,83,22:48:59.999966,22:49:00.009870,0:00:02.884096,0:00:00.008975
topic1 ,PUB,2,84,22:49:00.010641,22:49:00.021168,0:00:02.895394,0:00:00.011298
topic1 ,PUB,2,85,22:49:00.022236,22:49:00.030535,0:00:02.904761,0:00:00.009367
topic1 ,PUB,2,86,22:49:00.033535,22:49:00.049980,0:00:02.924206,0:00:00.019445
topic1 ,PUB,2,87,22:49:00.045703,22:49:00.061200,0:00:02.935426,0:00:00.011220
topic1 ,PUB,2,88,22:49:00.058143,22:49:00.074495,0:00:02.948721,0:00:00.013295
topic1 ,PUB,2,89,22:49:00.070419,22:49:00.084314,0:00:02.958540,0:00:00.009819
topic1 ,PUB,2,90,22:49:00.082702,22:49:00.093849,0:00:02.968075,0:00:00.009535
topic1 ,PUB,2,91,22:49:00.095739,22:49:00.106736,0:00:02.980962,0:00:00.012887
topic1 ,PUB,2,92,22:49:00.106746,22:49:00.124302,0:00:02.998528,0:00:00.017566
topic1 ,PUB,2,93,22:49:00.120581,22:49:00.130516,0:00:03.004742,0:00:00.006214
topic1 ,PUB,2,94,22:49:00.132110,22:49:00.152428,0:00:03.026654,0:00:00.021912
topic1 ,PUB,2,95,22:49:00.145778,22:49:00.161014,0:00:03.035240,0:00:00.008586
topic1 ,PUB,2,96,22:49:00.159375,22:49:00.169954,0:00:03.044180,0:00:00.008940
topic1 ,PUB,2,97,22:49:00.171425,22:49:00.178816,0:00:03.053042,0:00:00.008862
topic1 ,PUB,2,98,22:49:00.183280,22:49:00.200267,0:00:03.074493,0:00:00.021451
topic1 ,PUB,2,99,22:49:00.196917,22:49:00.206589,0:00:03.080815,0:00:00.006322
topic1 ,PUB,2,100,22:49:00.207924,22:49:00.222740,0:00:03.096966,0:00:00.016151
topic1 ,PUB,2,101,22:49:00.220015,22:49:00.229768,0:00:03.103994,0:00:00.007028
topic1 ,PUB,2,102,22:49:00.230885,22:49:00.243693,0:00:03.117919,0:00:00.013925
topic1 ,PUB,2,103,22:49:00.241519,22:49:00.251123,0:00:03.125349,0:00:00.007430
topic1 ,PUB,2,104,22:49:00.252442,22:49:00.259005,0:00:03.133231,0:00:00.007882
topic1 ,PUB,2,105,22:49:00.263740,22:49:00.278983,0:00:03.153209,0:00:00.019978
topic1 ,PUB,2,106,22:49:00.280600,22:49:00.289841,0:00:03.164067,0:00:00.010858
topic1 ,PUB,2,107,22:49:00.292734,22:49:00.304486,0:00:03.178712,0:00:00.014645
topic1 ,PUB,2,108,22:49:00.304306,22:49:00.318203,0:00:03.192429,0:00:00.013717
topic1 ,PUB,2,109,22:49:00.316722,22:49:00.325726,0:00:03.199952,0:00:00.007523
topic1 ,PUB,2,110,22:49:00.327811,22:49:00.336162,0:00:03.210388,0:00:00.010436
topic1 ,PUB,2,111,22:49:00.339881,22:49:00.356615,0:00:03.230841,0:00:00.020453
topic1 ,PUB,2,112,22:49:00.352421,22:49:00.360309,0:00:03.234535,0:00:00.003694
topic1 ,PUB,2,113,22:49:00.364022,22:49:00.378580,0:00:03.252806,0:00:00.018271
topic1 ,PUB,2,114,22:49:00.375086,22:49:00.382133,0:00:03.256359,0:00:00.003553
topic1 ,PUB,2,115,22:49:00.385500,22:49:00.392624,0:00:03.266850,0:00:00.010491
topic1 ,PUB,2,116,22:49:00.396512,22:49:00.417117,0:00:03.291343,0:00:00.024493
topic1 ,PUB,2,117,22:49:00.413174,22:49:00.442547,0:00:03.316773,0:00:00.025430
topic1 ,PUB,2,118,22:49:00.428878,22:49:00.455923,0:00:03.330149,0:00:00.013376
topic1 ,PUB,2,119,22:49:00.441757,22:49:00.456190,0:00:03.330416,0:00:00.000267
topic1 ,PUB,2,120,22:49:00.454699,22:49:00.466369,0:00:03.340595,0:00:00.010179
topic1 ,PUB,2,121,22:49:00.466665,22:49:00.503518,0:00:03.377744,0:00:00.037149
topic1 ,PUB,2,122,22:49:00.500433,22:49:00.513387,0:00:03.387613,0:00:00.009869
topic1 ,PUB,2,123,22:49:00.511693,22:49:00.537640,0:00:03.411866,0:00:00.024253
topic1 ,PUB,2,124,22:49:00.535955,22:49:00.555899,0:00:03.430125,0:00:00.018259
topic1 ,PUB,2,125,22:49:00.548858,22:49:00.558406,0:00:03.432632,0:00:00.002507
topic1 ,PUB,2,126,22:49:00.563907,22:49:00.590091,0:00:03.464317,0:00:00.031685
topic1 ,PUB,2,127,22:49:00.575095,22:49:00.598220,0:00:03.472446,0:00:00.008129
topic1 ,PUB,2,128,22:49:00.590914,22:49:00.610608,0:00:03.484834,0:00:00.012388
topic1 ,PUB,2,129,22:49:00.604074,22:49:00.631626,0:00:03.505852,0:00:00.021018
topic1 ,PUB,2,130,22:49:00.620337,22:49:00.648944,0:00:03.523170,0:00:00.017318
topic1 ,PUB,2,131,22:49:00.632722,22:49:00.649094,0:00:03.523320,0:00:00.000150
topic1 ,PUB,2,132,22:49:00.644342,22:49:00.657354,0:00:03.531580,0:00:00.008260
topic1 ,PUB,2,133,22:49:00.655940,22:49:00.673744,0:00:03.547970,0:00:00.016390
topic1 ,PUB,2,134,22:49:00.666889,22:49:00.674881,0:00:03.549107,0:00:00.001137
topic1 ,PUB,2,135,22:49:00.677387,22:49:00.694530,0:00:03.568756,0:00:00.019649
topic1 ,PUB,2,136,22:49:00.692158,22:49:00.708042,0:00:03.582268,0:00:00.013512
topic1 ,PUB,2,137,22:49:00.703196,22:49:00.717904,0:00:03.592130,0:00:00.009862
topic1 ,PUB,2,138,22:49:00.714105,22:49:00.736183,0:00:03.610409,0:00:00.018279
topic1 ,PUB,2,139,22:49:00.724466,22:49:00.743044,0:00:03.617270,0:00:00.006861
topic1 ,PUB,2,140,22:49:00.735172,22:49:00.761647,0:00:03.635873,0:00:00.018603
topic1 ,PUB,2,141,22:49:00.757328,22:49:00.773937,0:00:03.648163,0:00:00.012290
topic1 ,PUB,2,142,22:49:00.775680,22:49:00.784438,0:00:03.658664,0:00:00.010501
topic1 ,PUB,2,143,22:49:00.786921,22:49:00.807916,0:00:03.682142,0:00:00.023478
topic1 ,PUB,2,144,22:49:00.797428,22:49:00.818125,0:00:03.692351,0:00:00.010209
topic1 ,PUB,2,145,22:49:00.812234,22:49:00.828900,0:00:03.703126,0:00:00.010775
topic1 ,PUB,2,146,22:49:00.823532,22:49:00.834361,0:00:03.708587,0:00:00.005461
topic1 ,PUB,2,147,22:49:00.835383,22:49:00.848623,0:00:03.722849,0:00:00.014262
topic1 ,PUB,2,148,22:49:00.848216,22:49:00.856827,0:00:03.731053,0:00:00.008204
topic1 ,PUB,2,149,22:49:00.858771,22:49:00.868400,0:00:03.742626,0:00:00.011573
topic1 ,PUB,2,150,22:49:00.869763,22:49:00.882003,0:00:03.756229,0:00:00.013603
topic1 ,PUB,2,151,22:49:00.882131,22:49:00.889121,0:00:03.763347,0:00:00.007118
topic1 ,PUB,2,152,22:49:00.894275,22:49:00.902809,0:00:03.777035,0:00:00.013688
topic1 ,PUB,2,153,22:49:00.906174,22:49:00.914868,0:00:03.789094,0:00:00.012059
topic1 ,PUB,2,154,22:49:00.917413,22:49:00.928937,0:00:03.803163,0:00:00.014069
topic1 ,PUB,2,155,22:49:00.929482,22:49:00.938630,0:00:03.812856,0:00:00.009693
topic1 ,PUB,2,156,22:49:00.940214,22:49:00.946858,0:00:03.821084,0:00:00.008228
topic1 ,PUB,2,157,22:49:00.951597,22:49:00.983711,0:00:03.857937,0:00:00.036853
topic1 ,PUB,2,158,22:49:00.980121,22:49:00.994221,0:00:03.868447,0:00:00.010510
topic1 ,PUB,2,159,22:49:00.991253,22:49:01.006972,0:00:03.881198,0:00:00.012751
topic1 ,PUB,2,160,22:49:01.002418,22:49:01.014321,0:00:03.888547,0:00:00.007349
topic1 ,PUB,2,161,22:49:01.013300,22:49:01.026918,0:00:03.901144,0:00:00.012597
topic1 ,PUB,2,162,22:49:01.024929,22:49:01.034166,0:00:03.908392,0:00:00.007248
topic1 ,PUB,2,163,22:49:01.035451,22:49:01.049780,0:00:03.924006,0:00:00.015614
topic1 ,PUB,2,164,22:49:01.048520,22:49:01.061193,0:00:03.935419,0:00:00.011413
topic1 ,PUB,2,165,22:49:01.061572,22:49:01.084983,0:00:03.959209,0:00:00.023790
topic1 ,PUB,2,166,22:49:01.073525,22:49:01.105752,0:00:03.979978,0:00:00.020769
topic1 ,PUB,2,167,22:49:01.104436,22:49:01.124150,0:00:03.998376,0:00:00.018398
topic1 ,PUB,2,168,22:49:01.124618,22:49:01.148510,0:00:04.022736,0:00:00.024360
topic1 ,PUB,2,169,22:49:01.137241,22:49:01.155785,0:00:04.030011,0:00:00.007275
topic1 ,PUB,2,170,22:49:01.149840,22:49:01.184977,0:00:04.059203,0:00:00.029192
topic1 ,PUB,2,171,22:49:01.161780,22:49:01.196027,0:00:04.070253,0:00:00.011050
topic1 ,PUB,2,172,22:49:01.184472,22:49:01.210463,0:00:04.084689,0:00:00.014436
topic1 ,PUB,2,173,22:49:01.196403,22:49:01.231078,0:00:04.105304,0:00:00.020615
topic1 ,PUB,2,174,22:49:01.213278,22:49:01.231222,0:00:04.105448,0:00:00.000144
topic1 ,PUB,2,175,22:49:01.235683,22:49:01.249986,0:00:04.124212,0:00:00.018764
topic1 ,PUB,2,176,22:49:01.248686,22:49:01.276273,0:00:04.150499,0:00:00.026287
topic1 ,PUB,2,177,22:49:01.260604,22:49:01.276385,0:00:04.150611,0:00:00.000112
topic1 ,PUB,2,178,22:49:01.277246,22:49:01.306644,0:00:04.180870,0:00:00.030259
topic1 ,PUB,2,179,22:49:01.288244,22:49:01.318521,0:00:04.192747,0:00:00.011877
topic1 ,PUB,2,180,22:49:01.302251,22:49:01.318632,0:00:04.192858,0:00:00.000111
topic1 ,PUB,2,181,22:49:01.321188,22:49:01.341903,0:00:04.216129,0:00:00.023271
topic1 ,PUB,2,182,22:49:01.332632,22:49:01.354757,0:00:04.228983,0:00:00.012854
topic1 ,PUB,2,183,22:49:01.353175,22:49:01.367541,0:00:04.241767,0:00:00.012784
topic1 ,PUB,2,184,22:49:01.366547,22:49:01.399527,0:00:04.273753,0:00:00.031986
topic1 ,PUB,2,185,22:49:01.376847,22:49:01.399645,0:00:04.273871,0:00:00.000118
topic1 ,PUB,2,186,22:49:01.388017,22:49:01.412930,0:00:04.287156,0:00:00.013285
topic1 ,PUB,2,187,22:49:01.400094,22:49:01.420249,0:00:04.294475,0:00:00.007319
topic1 ,PUB,2,188,22:49:01.413401,22:49:01.434480,0:00:04.308706,0:00:00.014231
topic1 ,PUB,2,189,22:49:01.427784,22:49:01.444355,0:00:04.318581,0:00:00.009875
topic1 ,PUB,2,190,22:49:01.441370,22:49:01.460787,0:00:04.335013,0:00:00.016432
topic1 ,PUB,2,191,22:49:01.457107,22:49:01.479860,0:00:04.354086,0:00:00.019073
topic1 ,PUB,2,192,22:49:01.468050,22:49:01.492232,0:00:04.366458,0:00:00.012372
topic1 ,PUB,2,193,22:49:01.486210,22:49:01.495291,0:00:04.369517,0:00:00.003059
topic1 ,PUB,2,194,22:49:01.501662,22:49:01.514644,0:00:04.388870,0:00:00.019353
topic1 ,PUB,2,195,22:49:01.512601,22:49:01.533611,0:00:04.407837,0:00:00.018967
topic1 ,PUB,2,196,22:49:01.526425,22:49:01.553013,0:00:04.427239,0:00:00.019402
topic1 ,PUB,2,197,22:49:01.541929,22:49:01.575928,0:00:04.450154,0:00:00.022915
topic1 ,PUB,2,198,22:49:01.553338,22:49:01.593604,0:00:04.467830,0:00:00.017676
topic1 ,PUB,2,199,22:49:01.564192,22:49:01.593717,0:00:04.467943,0:00:00.000113
