hello now
use broker True
using broker tcp://10.0.0.1:5556
# starting loop
topic0 ,PUB,1,0,22:48:58.281805,22:48:58.291931,0:00:01.644280,0:00:01.644280
topic0 ,PUB,1,1,22:48:58.296776,22:48:58.314438,0:00:01.666787,0:00:00.022507
topic0 ,PUB,1,2,22:48:58.309264,22:48:58.319173,0:00:01.671522,0:00:00.004735
topic0 ,PUB,1,3,22:48:58.320743,22:48:58.329825,0:00:01.682174,0:00:00.010652
topic0 ,PUB,1,4,22:48:58.331240,22:48:58.339179,0:00:01.691528,0:00:00.009354
topic0 ,PUB,1,5,22:48:58.343406,22:48:58.353574,0:00:01.705923,0:00:00.014395
topic0 ,PUB,1,6,22:48:58.354172,22:48:58.360501,0:00:01.712850,0:00:00.006927
topic0 ,PUB,1,7,22:48:58.364843,22:48:58.372866,0:00:01.725215,0:00:00.012365
topic0 ,PUB,1,8,22:48:58.376120,22:48:58.382994,0:00:01.735343,0:00:00.010128
topic0 ,PUB,1,9,22:48:58.388119,22:48:58.407100,0:00:01.759449,0:00:00.024106
topic0 ,PUB,1,10,22:48:58.401232,22:48:58.408856,0:00:01.761205,0:00:00.001756
topic0 ,PUB,1,11,22:48:58.412080,22:48:58.422388,0:00:01.774737,0:00:00.013532
topic0 ,PUB,1,12,22:48:58.422991,22:48:58.433794,0:00:01.786143,0:00:00.011406
topic0 ,PUB,1,13,22:48:58.433386,22:48:58.452063,0:00:01.804412,0:00:00.018269
topic0 ,PUB,1,14,22:48:58.444932,22:48:58.453380,0:00:01.805729,0:00:00.001317
topic0 ,PUB,1,15,22:48:58.465195,22:48:58.473916,0:00:01.826265,0:00:00.020536
topic0 ,PUB,1,16,22:48:58.480966,22:48:58.490230,0:00:01.842579,0:00:00.016314
topic0 ,PUB,1,17,22:48:58.491877,22:48:58.500654,0:00:01.853003,0:00:00.010424
topic0 ,PUB,1,18,22:48:58.502768,22:48:58.510853,0:00:01.863202,0:00:00.010199
topic0 ,PUB,1,19,22:48:58.514472,22:48:58.522104,0:00:01.874453,0:00:00.011251
topic0 ,PUB,1,20,22:48:58.527333,22:48:58.540559,0:00:01.892908,0:00:00.018455
topic0 ,PUB,1,21,22:48:58.538483,22:48:58.546507,0:00:01.898856,0:00:00.005948
topic0 ,PUB,1,22,22:48:58.549989,22:48:58.561302,0:00:01.913651,0:00:00.014795
topic0 ,PUB,1,23,22:48:58.560731,22:48:58.568615,0:00:01.920964,0:00:00.007313
topic0 ,PUB,1,24,22:48:58.572048,22:48:58.580653,0:00:01.933002,0:00:00.012038
topic0 ,PUB,1,25,22:48:58.582907,22:48:58.593174,0:00:01.945523,0:00:00.012521
topic0 ,PUB,1,26,22:48:58.593962,22:48:58.604428,0:00:01.956777,0:00:00.011254
topic0 ,PUB,1,27,22:48:58.604743,22:48:58.623434,0:00:01.975783,0:00:00.019006
topic0 ,PUB,1,28,22:48:58.615204,22:48:58.630490,0:00:01.982839,0:00:00.007056
topic0 ,PUB,1,29,22:48:58.627548,22:48:58.637557,0:00:01.989906,0:00:00.007067
topic0 ,PUB,1,30,22:48:58.638074,22:48:58.647183,0:00:01.999532,0:00:00.009626
topic0 ,PUB,1,31,22:48:58.649153,22:48:58.655804,0:00:02.008153,0:00:00.008621
topic0 ,PUB,1,32,22:48:58.659970,22:48:58.669718,0:00:02.022067,0:00:00.013914
topic0 ,PUB,1,33,22:48:58.670632,22:48:58.679551,0:00:02.031900,0:00:00.009833
topic0 ,PUB,1,34,22:48:58.682324,22:48:58.695782,0:00:02.048131,0:00:00.016231
topic0 ,PUB,1,35,22:48:58.693458,22:48:58.706119,0:00:02.058468,0:00:00.010337
topic0 ,PUB,1,36,22:48:58.705015,22:48:58.716027,0:00:02.068376,0:00:00.009908
topic0 ,PUB,1,37,22:48:58.716342,22:48:58.729322,0:00:02.081671,0:00:00.013295
topic0 ,PUB,1,38,22:48:58.727916,22:48:58.744083,0:00:02.096432,0:00:00.014761
topic0 ,PUB,1,39,22:48:58.744322,22:48:58.757207,0:00:02.109556,0:00:00.013124
topic0 ,PUB,1,40,22:48:58.755750,22:48:58.764014,0:00:02.116363,0:00:00.006807
topic0 ,PUB,1,41,22:48:58.768169,22:48:58.777611,0:00:02.129960,0:00:00.013597
topic0 ,PUB,1,42,22:48:58.780005,22:48:58.795851,0:00:02.148200,0:00:00.018240
topic0 ,PUB,1,43,22:48:58.794220,22:48:58.812665,0:00:02.165014,0:00:00.016814
topic0 ,PUB,1,44,22:48:58.809241,22:48:58.826553,0:00:02.178902,0:00:00.013888
topic0 ,PUB,1,45,22:48:58.822265,22:48:58.834497,0:00:02.186846,0:00:00.007944
topic0 ,PUB,1,46,22:48:58.833411,22:48:58.842713,0:00:02.195062,0:00:00.008216
topic0 ,PUB,1,47,22:48:58.844365,22:48:58.852578,0:00:02.204927,0:00:00.009865
topic0 ,PUB,1,48,22:48:58.855220,22:48:58.862882,0:00:02.215231,0:00:00.010304
topic0 ,PUB,1,49,22:48:58.866740,22:48:58.876020,0:00:02.228369,0:00:00.013138
topic0 ,PUB,1,50,22:48:58.878128,22:48:58.886676,0:00:02.239025,0:00:00.010656
topic0 ,PUB,1,51,22:48:58.889017,22:48:58.896275,0:00:02.248624,0:00:00.009599
topic0 ,PUB,1,52,22:48:58.900365,22:48:58.907025,0:00:02.259374,0:00:00.010750
topic0 ,PUB,1,53,22:48:58.911930,22:48:58.921060,0:00:02.273409,0:00:00.014035
topic0 ,PUB,1,54,22:48:58.925423,22:48:58.942512,0:00:02.294861,0:00:00.021452
topic0 ,PUB,1,55,22:48:58.936027,22:48:58.949799,0:00:02.302148,0:00:00.007287
topic0 ,PUB,1,56,22:48:58.948197,22:48:58.957241,0:00:02.309590,0:00:00.007442
topic0 ,PUB,1,57,22:48:58.959233,22:48:58.984319,0:00:02.336668,0:00:00.027078
topic0 ,PUB,1,58,22:48:58.973896,22:48:58.984521,0:00:02.336870,0:00:00.000202
topic0 ,PUB,1,59,22:48:58.984736,22:48:58.998954,0:00:02.351303,0:00:00.014433
topic0 ,PUB,1,60,22:48:58.996279,22:48:59.007751,0:00:02.360100,0:00:00.008797
topic0 ,PUB,1,61,22:48:59.007227,22:48:59.017354,0:00:02.369703,0:00:00.009603
topic0 ,PUB,1,62,22:48:59.018391,22:48:59.026179,0:00:02.378528,0:00:00.008825
topic0 ,PUB,1,63,22:48:59.029253,22:48:59.038608,0:00:02.390957,0:00:00.012429
topic0 ,PUB,1,64,22:48:59.040163,22:48:59.053676,0:00:02.406025,0:00:00.015068
topic0 ,PUB,1,65,22:48:59.051986,22:48:59.068996,0:00:02.421345,0:00:00.015320
topic0 ,PUB,1,66,22:48:59.062712,22:48:59.074400,0:00:02.426749,0:00:00.005404
topic0 ,PUB,1,67,22:48:59.078121,22:48:59.088883,0:00:02.441232,0:00:00.014483
topic0 ,PUB,1,68,22:48:59.090258,22:48:59.102870,0:00:02.455219,0:00:00.013987
topic0 ,PUB,1,69,22:48:59.102288,22:48:59.121583,0:00:02.473932,0:00:00.018713
topic0 ,PUB,1,70,22:48:59.113373,22:48:59.149243,0:00:02.501592,0:00:00.027660
topic0 ,PUB,1,71,22:48:59.141458,22:48:59.158206,0:00:02.510555,0:00:00.008963
topic0 ,PUB,1,72,22:48:59.154441,22:48:59.169588,0:00:02.521937,0:00:00.011382
topic0 ,PUB,1,73,22:48:59.167009,22:48:59.192732,0:00:02.545081,0:00:00.023144
topic0 ,PUB,1,74,22:48:59.190255,22:48:59.200027,0:00:02.552376,0:00:00.007295
topic0 ,PUB,1,75,22:48:59.201681,22:48:59.215173,0:00:02.567522,0:00:00.015146
topic0 ,PUB,1,76,22:48:59.214415,22:48:59.225064,0:00:02.577413,0:00:00.009891
topic0 ,PUB,1,77,22:48:59.226983,22:48:59.236799,0:00:02.589148,0:00:00.011735
topic0 ,PUB,1,78,22:48:59.243095,22:48:59.259782,0:00:02.612131,0:00:00.022983
topic0 ,PUB,1,79,22:48:59.254407,22:48:59.275425,0:00:02.627774,0:00:00.015643
topic0 ,PUB,1,80,22:48:59.266049,22:48:59.275575,0:00:02.627924,0:00:00.000150
topic0 ,PUB,1,81,22:48:59.278144,22:48:59.303741,0:00:02.656090,0:00:00.028166
topic0 ,PUB,1,82,22:48:59.299017,22:48:59.315761,0:00:02.668110,0:00:00.012020
topic0 ,PUB,1,83,22:48:59.318973,22:48:59.327199,0:00:02.679548,0:00:00.011438
topic0 ,PUB,1,84,22:48:59.329837,22:48:59.341560,0:00:02.693909,0:00:00.014361
topic0 ,PUB,1,85,22:48:59.340986,22:48:59.351547,0:00:02.703896,0:00:00.009987
topic0 ,PUB,1,86,22:48:59.352870,22:48:59.364409,0:00:02.716758,0:00:00.012862
topic0 ,PUB,1,87,22:48:59.364094,22:48:59.372994,0:00:02.725343,0:00:00.008585
topic0 ,PUB,1,88,22:48:59.376000,22:48:59.397661,0:00:02.750010,0:00:00.024667
topic0 ,PUB,1,89,22:48:59.387206,22:48:59.402661,0:00:02.755010,0:00:00.005000
topic0 ,PUB,1,90,22:48:59.398836,22:48:59.414589,0:00:02.766938,0:00:00.011928
topic0 ,PUB,1,91,22:48:59.414764,22:48:59.437879,0:00:02.790228,0:00:00.023290
topic0 ,PUB,1,92,22:48:59.437628,22:48:59.447814,0:00:02.800163,0:00:00.009935
topic0 ,PUB,1,93,22:48:59.448648,22:48:59.461277,0:00:02.813626,0:00:00.013463
topic0 ,PUB,1,94,22:48:59.460394,22:48:59.476928,0:00:02.829277,0:00:00.015651
topic0 ,PUB,1,95,22:48:59.477261,22:48:59.488672,0:00:02.841021,0:00:00.011744
topic0 ,PUB,1,96,22:48:59.490184,22:48:59.503357,0:00:02.855706,0:00:00.014685
topic0 ,PUB,1,97,22:48:59.502098,22:48:59.520225,0:00:02.872574,0:00:00.016868
topic0 ,PUB,1,98,22:48:59.522644,22:48:59.534592,0:00:02.886941,0:00:00.014367
topic0 ,PUB,1,99,22:48:59.533892,22:48:59.549293,0:00:02.901642,0:00:00.014701
topic0 ,PUB,1,100,22:48:59.548112,22:48:59.560538,0:00:02.912887,0:00:00.011245
topic0 ,PUB,1,101,22:48:59.559604,22:48:59.569133,0:00:02.921482,0:00:00.008595
topic0 ,PUB,1,102,22:48:59.571928,22:48:59.580872,0:00:02.933221,0:00:00.011739
topic0 ,PUB,1,103,22:48:59.584107,22:48:59.594135,0:00:02.946484,0:00:00.013263
topic0 ,PUB,1,104,22:48:59.595377,22:48:59.612307,0:00:02.964656,0:00:00.018172
topic0 ,PUB,1,105,22:48:59.608392,22:48:59.620783,0:00:02.973132,0:00:00.008476
topic0 ,PUB,1,106,22:48:59.626302,22:48:59.647889,0:00:03.000238,0:00:00.027106
topic0 ,PUB,1,107,22:48:59.639133,22:48:59.653839,0:00:03.006188,0:00:00.005950
topic0 ,PUB,1,108,22:48:59.658117,22:48:59.669653,0:00:03.022002,0:00:00.015814
topic0 ,PUB,1,109,22:48:59.677318,22:48:59.686784,0:00:03.039133,0:00:00.017131
topic0 ,PUB,1,110,22:48:59.689477,22:48:59.700750,0:00:03.053099,0:00:00.013966
topic0 ,PUB,1,111,22:48:59.703060,22:48:59.712824,0:00:03.065173,0:00:00.012074
topic0 ,PUB,1,112,22:48:59.714157,22:48:59.725627,0:00:03.077976,0:00:00.012803
topic0 ,PUB,1,113,22:48:59.724917,22:48:59.738348,0:00:03.090697,0:00:00.012721
topic0 ,PUB,1,114,22:48:59.735669,22:48:59.745547,0:00:03.097896,0:00:00.007199
topic0 ,PUB,1,115,22:48:59.747156,22:48:59.757437,0:00:03.109786,0:00:00.011890
topic0 ,PUB,1,116,22:48:59.759926,22:48:59.769446,0:00:03.121795,0:00:00.012009
topic0 ,PUB,1,117,22:48:59.772875,22:48:59.781233,0:00:03.133582,0:00:00.011787
topic0 ,PUB,1,118,22:48:59.783854,22:48:59.789982,0:00:03.142331,0:00:00.008749
topic0 ,PUB,1,119,22:48:59.794457,22:48:59.805598,0:00:03.157947,0:00:00.015616
topic0 ,PUB,1,120,22:48:59.806180,22:48:59.813033,0:00:03.165382,0:00:00.007435
topic0 ,PUB,1,121,22:48:59.817089,22:48:59.826378,0:00:03.178727,0:00:00.013345
topic0 ,PUB,1,122,22:48:59.827941,22:48:59.835662,0:00:03.188011,0:00:00.009284
topic0 ,PUB,1,123,22:48:59.838424,22:48:59.846601,0:00:03.198950,0:00:00.010939
topic0 ,PUB,1,124,22:48:59.849575,22:48:59.858772,0:00:03.211121,0:00:00.012171
topic0 ,PUB,1,125,22:48:59.861345,22:48:59.874631,0:00:03.226980,0:00:00.015859
topic0 ,PUB,1,126,22:48:59.875395,22:48:59.883224,0:00:03.235573,0:00:00.008593
topic0 ,PUB,1,127,22:48:59.886126,22:48:59.894203,0:00:03.246552,0:00:00.010979
topic0 ,PUB,1,128,22:48:59.898293,22:48:59.906419,0:00:03.258768,0:00:00.012216
topic0 ,PUB,1,129,22:48:59.909016,22:48:59.917743,0:00:03.270092,0:00:00.011324
topic0 ,PUB,1,130,22:48:59.919904,22:48:59.940988,0:00:03.293337,0:00:00.023245
topic0 ,PUB,1,131,22:48:59.930789,22:48:59.944811,0:00:03.297160,0:00:00.003823
topic0 ,PUB,1,132,22:48:59.943061,22:48:59.973004,0:00:03.325353,0:00:00.028193
topic0 ,PUB,1,133,22:48:59.972798,22:48:59.982991,0:00:03.335340,0:00:00.009987
topic0 ,PUB,1,134,22:48:59.985089,22:48:59.998483,0:00:03.350832,0:00:00.015492
topic0 ,PUB,1,135,22:48:59.997797,22:49:00.009822,0:00:03.362171,0:00:00.011339
topic0 ,PUB,1,136,22:49:00.009196,22:49:00.018525,0:00:03.370874,0:00:00.008703
topic0 ,PUB,1,137,22:49:00.020693,22:49:00.030389,0:00:03.382738,0:00:00.011864
topic0 ,PUB,1,138,22:49:00.032819,22:49:00.045415,0:00:03.397764,0:00:00.015026
topic0 ,PUB,1,139,22:49:00.045023,22:49:00.054271,0:00:03.406620,0:00:00.008856
topic0 ,PUB,1,140,22:49:00.057445,22:49:00.068109,0:00:03.420458,0:00:00.013838
topic0 ,PUB,1,141,22:49:00.069808,22:49:00.081290,0:00:03.433639,0:00:00.013181
topic0 ,PUB,1,142,22:49:00.081827,22:49:00.094800,0:00:03.447149,0:00:00.013510
topic0 ,PUB,1,143,22:49:00.092810,22:49:00.108536,0:00:03.460885,0:00:00.013736
topic0 ,PUB,1,144,22:49:00.106190,22:49:00.122800,0:00:03.475149,0:00:00.014264
topic0 ,PUB,1,145,22:49:00.117879,22:49:00.128863,0:00:03.481212,0:00:00.006063
topic0 ,PUB,1,146,22:49:00.129218,22:49:00.145286,0:00:03.497635,0:00:00.016423
topic0 ,PUB,1,147,22:49:00.144956,22:49:00.155853,0:00:03.508202,0:00:00.010567
topic0 ,PUB,1,148,22:49:00.156865,22:49:00.169161,0:00:03.521510,0:00:00.013308
topic0 ,PUB,1,149,22:49:00.171978,22:49:00.180873,0:00:03.533222,0:00:00.011712
topic0 ,PUB,1,150,22:49:00.185235,22:49:00.198840,0:00:03.551189,0:00:00.017967
topic0 ,PUB,1,151,22:49:00.198316,22:49:00.208095,0:00:03.560444,0:00:00.009255
topic0 ,PUB,1,152,22:49:00.209612,22:49:00.223845,0:00:03.576194,0:00:00.015750
topic0 ,PUB,1,153,22:49:00.224185,22:49:00.236838,0:00:03.589187,0:00:00.012993
topic0 ,PUB,1,154,22:49:00.236447,22:49:00.250476,0:00:03.602825,0:00:00.013638
topic0 ,PUB,1,155,22:49:00.246865,22:49:00.256994,0:00:03.609343,0:00:00.006518
topic0 ,PUB,1,156,22:49:00.257866,22:49:00.268840,0:00:03.621189,0:00:00.011846
topic0 ,PUB,1,157,22:49:00.270027,22:49:00.288239,0:00:03.640588,0:00:00.019399
topic0 ,PUB,1,158,22:49:00.283979,22:49:00.292532,0:00:03.644881,0:00:00.004293
topic0 ,PUB,1,159,22:49:00.295163,22:49:00.317828,0:00:03.670177,0:00:00.025296
topic0 ,PUB,1,160,22:49:00.307147,22:49:00.318737,0:00:03.671086,0:00:00.000909
topic0 ,PUB,1,161,22:49:00.321558,22:49:00.329110,0:00:03.681459,0:00:00.010373
topic0 ,PUB,1,162,22:49:00.332298,22:49:00.350432,0:00:03.702781,0:00:00.021322
topic0 ,PUB,1,163,22:49:00.348250,22:49:00.356756,0:00:03.709105,0:00:00.006324
topic0 ,PUB,1,164,22:49:00.358663,22:49:00.373458,0:00:03.725807,0:00:00.016702
topic0 ,PUB,1,165,22:49:00.375252,22:49:00.382603,0:00:03.734952,0:00:00.009145
topic0 ,PUB,1,166,22:49:00.387123,22:49:00.394345,0:00:03.746694,0:00:00.011742
topic0 ,PUB,1,167,22:49:00.397751,22:49:00.417421,0:00:03.769770,0:00:00.023076
topic0 ,PUB,1,168,22:49:00.412418,22:49:00.427188,0:00:03.779537,0:00:00.009767
topic0 ,PUB,1,169,22:49:00.425915,22:49:00.444881,0:00:03.797230,0:00:00.017693
topic0 ,PUB,1,170,22:49:00.441799,22:49:00.456487,0:00:03.808836,0:00:00.011606
topic0 ,PUB,1,171,22:49:00.453952,22:49:00.466029,0:00:03.818378,0:00:00.009542
topic0 ,PUB,1,172,22:49:00.470080,22:49:00.512919,0:00:03.865268,0:00:00.046890
topic0 ,PUB,1,173,22:49:00.498648,22:49:00.517119,0:00:03.869468,0:00:00.004200
topic0 ,PUB,1,174,22:49:00.517968,22:49:00.552446,0:00:03.904795,0:00:00.035327
topic0 ,PUB,1,175,22:49:00.532385,22:49:00.557113,0:00:03.909462,0:00:00.004667
topic0 ,PUB,1,176,22:49:00.543899,22:49:00.557770,0:00:03.910119,0:00:00.000657
topic0 ,PUB,1,177,22:49:00.554826,22:49:00.574521,0:00:03.926870,0:00:00.016751
topic0 ,PUB,1,178,22:49:00.567465,22:49:00.589677,0:00:03.942026,0:00:00.015156
topic0 ,PUB,1,179,22:49:00.583313,22:49:00.603163,0:00:03.955512,0:00:00.013486
topic0 ,PUB,1,180,22:49:00.595599,22:49:00.629567,0:00:03.981916,0:00:00.026404
topic0 ,PUB,1,181,22:49:00.606179,22:49:00.632920,0:00:03.985269,0:00:00.003353
topic0 ,PUB,1,182,22:49:00.620100,22:49:00.646060,0:00:03.998409,0:00:00.013140
topic0 ,PUB,1,183,22:49:00.632537,22:49:00.646211,0:00:03.998560,0:00:00.000151
topic0 ,PUB,1,184,22:49:00.644830,22:49:00.658501,0:00:04.010850,0:00:00.012290
topic0 ,PUB,1,185,22:49:00.656997,22:49:00.673113,0:00:04.025462,0:00:00.014612
topic0 ,PUB,1,186,22:49:00.672427,22:49:00.683916,0:00:04.036265,0:00:00.010803
topic0 ,PUB,1,187,22:49:00.684036,22:49:00.702265,0:00:04.054614,0:00:00.018349
topic0 ,PUB,1,188,22:49:00.694836,22:49:00.708523,0:00:04.060872,0:00:00.006258
topic0 ,PUB,1,189,22:49:00.706514,22:49:00.719743,0:00:04.072092,0:00:00.011220
topic0 ,PUB,1,190,22:49:00.720109,22:49:00.737469,0:00:04.089818,0:00:00.017726
topic0 ,PUB,1,191,22:49:00.735287,22:49:00.744750,0:00:04.097099,0:00:00.007281
topic0 ,PUB,1,192,22:49:00.760597,22:49:00.774227,0:00:04.126576,0:00:00.029477
topic0 ,PUB,1,193,22:49:00.773177,22:49:00.783908,0:00:04.136257,0:00:00.009681
topic0 ,PUB,1,194,22:49:00.785639,22:49:00.805942,0:00:04.158291,0:00:00.022034
topic0 ,PUB,1,195,22:49:00.796789,22:49:00.817821,0:00:04.170170,0:00:00.011879
topic0 ,PUB,1,196,22:49:00.808875,22:49:00.828753,0:00:04.181102,0:00:00.010932
topic0 ,PUB,1,197,22:49:00.824058,22:49:00.832454,0:00:04.184803,0:00:00.003701
topic0 ,PUB,1,198,22:49:00.835866,22:49:00.852623,0:00:04.204972,0:00:00.020169
topic0 ,PUB,1,199,22:49:00.850970,22:49:00.858099,0:00:04.210448,0:00:00.005476
