hello now
use broker True
using broker tcp://10.0.0.1:5556
# starting loop
topic0 ,PUB,1,0,22:48:58.281805,22:48:58.292501,0:00:01.942783,0:00:01.942783
topic0 ,PUB,1,1,22:48:58.296776,22:48:58.313675,0:00:01.963957,0:00:00.021174
topic0 ,PUB,1,2,22:48:58.309264,22:48:58.319323,0:00:01.969605,0:00:00.005648
topic0 ,PUB,1,3,22:48:58.320743,22:48:58.331079,0:00:01.981361,0:00:00.011756
topic0 ,PUB,1,4,22:48:58.331240,22:48:58.338567,0:00:01.988849,0:00:00.007488
topic0 ,PUB,1,5,22:48:58.343406,22:48:58.354968,0:00:02.005250,0:00:00.016401
topic0 ,PUB,1,6,22:48:58.354172,22:48:58.361926,0:00:02.012208,0:00:00.006958
topic0 ,PUB,1,7,22:48:58.364843,22:48:58.372372,0:00:02.022654,0:00:00.010446
topic0 ,PUB,1,8,22:48:58.376120,22:48:58.382658,0:00:02.032940,0:00:00.010286
topic0 ,PUB,1,9,22:48:58.388119,22:48:58.407089,0:00:02.057371,0:00:00.024431
topic0 ,PUB,1,10,22:48:58.401232,22:48:58.408893,0:00:02.059175,0:00:00.001804
topic0 ,PUB,1,11,22:48:58.412080,22:48:58.422209,0:00:02.072491,0:00:00.013316
topic0 ,PUB,1,12,22:48:58.422991,22:48:58.433180,0:00:02.083462,0:00:00.010971
topic0 ,PUB,1,13,22:48:58.433386,22:48:58.451978,0:00:02.102260,0:00:00.018798
topic0 ,PUB,1,14,22:48:58.444932,22:48:58.453809,0:00:02.104091,0:00:00.001831
topic0 ,PUB,1,15,22:48:58.465195,22:48:58.473417,0:00:02.123699,0:00:00.019608
topic0 ,PUB,1,16,22:48:58.480966,22:48:58.490129,0:00:02.140411,0:00:00.016712
topic0 ,PUB,1,17,22:48:58.491877,22:48:58.500864,0:00:02.151146,0:00:00.010735
topic0 ,PUB,1,18,22:48:58.502768,22:48:58.510758,0:00:02.161040,0:00:00.009894
topic0 ,PUB,1,19,22:48:58.514472,22:48:58.522303,0:00:02.172585,0:00:00.011545
topic0 ,PUB,1,20,22:48:58.527333,22:48:58.540462,0:00:02.190744,0:00:00.018159
topic0 ,PUB,1,21,22:48:58.538483,22:48:58.546224,0:00:02.196506,0:00:00.005762
topic0 ,PUB,1,22,22:48:58.549989,22:48:58.562250,0:00:02.212532,0:00:00.016026
topic0 ,PUB,1,23,22:48:58.560731,22:48:58.569205,0:00:02.219487,0:00:00.006955
topic0 ,PUB,1,24,22:48:58.572048,22:48:58.580584,0:00:02.230866,0:00:00.011379
topic0 ,PUB,1,25,22:48:58.582907,22:48:58.593001,0:00:02.243283,0:00:00.012417
topic0 ,PUB,1,26,22:48:58.593962,22:48:58.604154,0:00:02.254436,0:00:00.011153
topic0 ,PUB,1,27,22:48:58.604743,22:48:58.620397,0:00:02.270679,0:00:00.016243
topic0 ,PUB,1,28,22:48:58.615204,22:48:58.630579,0:00:02.280861,0:00:00.010182
topic0 ,PUB,1,29,22:48:58.627548,22:48:58.637531,0:00:02.287813,0:00:00.006952
topic0 ,PUB,1,30,22:48:58.638074,22:48:58.647015,0:00:02.297297,0:00:00.009484
topic0 ,PUB,1,31,22:48:58.649153,22:48:58.655688,0:00:02.305970,0:00:00.008673
topic0 ,PUB,1,32,22:48:58.659970,22:48:58.669634,0:00:02.319916,0:00:00.013946
topic0 ,PUB,1,33,22:48:58.670632,22:48:58.679590,0:00:02.329872,0:00:00.009956
topic0 ,PUB,1,34,22:48:58.682324,22:48:58.692210,0:00:02.342492,0:00:00.012620
topic0 ,PUB,1,35,22:48:58.693458,22:48:58.707898,0:00:02.358180,0:00:00.015688
topic0 ,PUB,1,36,22:48:58.705015,22:48:58.715643,0:00:02.365925,0:00:00.007745
topic0 ,PUB,1,37,22:48:58.716342,22:48:58.728744,0:00:02.379026,0:00:00.013101
topic0 ,PUB,1,38,22:48:58.727916,22:48:58.745597,0:00:02.395879,0:00:00.016853
topic0 ,PUB,1,39,22:48:58.744322,22:48:58.756554,0:00:02.406836,0:00:00.010957
topic0 ,PUB,1,40,22:48:58.755750,22:48:58.763319,0:00:02.413601,0:00:00.006765
topic0 ,PUB,1,41,22:48:58.768169,22:48:58.777445,0:00:02.427727,0:00:00.014126
topic0 ,PUB,1,42,22:48:58.780005,22:48:58.794962,0:00:02.445244,0:00:00.017517
topic0 ,PUB,1,43,22:48:58.794220,22:48:58.814187,0:00:02.464469,0:00:00.019225
topic0 ,PUB,1,44,22:48:58.809241,22:48:58.827584,0:00:02.477866,0:00:00.013397
topic0 ,PUB,1,45,22:48:58.822265,22:48:58.834693,0:00:02.484975,0:00:00.007109
topic0 ,PUB,1,46,22:48:58.833411,22:48:58.842511,0:00:02.492793,0:00:00.007818
topic0 ,PUB,1,47,22:48:58.844365,22:48:58.852331,0:00:02.502613,0:00:00.009820
topic0 ,PUB,1,48,22:48:58.855220,22:48:58.862702,0:00:02.512984,0:00:00.010371
topic0 ,PUB,1,49,22:48:58.866740,22:48:58.875766,0:00:02.526048,0:00:00.013064
topic0 ,PUB,1,50,22:48:58.878128,22:48:58.886504,0:00:02.536786,0:00:00.010738
topic0 ,PUB,1,51,22:48:58.889017,22:48:58.896080,0:00:02.546362,0:00:00.009576
topic0 ,PUB,1,52,22:48:58.900365,22:48:58.906860,0:00:02.557142,0:00:00.010780
topic0 ,PUB,1,53,22:48:58.911930,22:48:58.920771,0:00:02.571053,0:00:00.013911
topic0 ,PUB,1,54,22:48:58.925423,22:48:58.942267,0:00:02.592549,0:00:00.021496
topic0 ,PUB,1,55,22:48:58.936027,22:48:58.950309,0:00:02.600591,0:00:00.008042
topic0 ,PUB,1,56,22:48:58.948197,22:48:58.956922,0:00:02.607204,0:00:00.006613
topic0 ,PUB,1,57,22:48:58.959233,22:48:58.983885,0:00:02.634167,0:00:00.026963
topic0 ,PUB,1,58,22:48:58.973896,22:48:58.984046,0:00:02.634328,0:00:00.000161
topic0 ,PUB,1,59,22:48:58.984736,22:48:58.998241,0:00:02.648523,0:00:00.014195
topic0 ,PUB,1,60,22:48:58.996279,22:48:59.008510,0:00:02.658792,0:00:00.010269
topic0 ,PUB,1,61,22:48:59.007227,22:48:59.017485,0:00:02.667767,0:00:00.008975
topic0 ,PUB,1,62,22:48:59.018391,22:48:59.025896,0:00:02.676178,0:00:00.008411
topic0 ,PUB,1,63,22:48:59.029253,22:48:59.038390,0:00:02.688672,0:00:00.012494
topic0 ,PUB,1,64,22:48:59.040163,22:48:59.053400,0:00:02.703682,0:00:00.015010
topic0 ,PUB,1,65,22:48:59.051986,22:48:59.068749,0:00:02.719031,0:00:00.015349
topic0 ,PUB,1,66,22:48:59.062712,22:48:59.074226,0:00:02.724508,0:00:00.005477
topic0 ,PUB,1,67,22:48:59.078121,22:48:59.088096,0:00:02.738378,0:00:00.013870
topic0 ,PUB,1,68,22:48:59.090258,22:48:59.102292,0:00:02.752574,0:00:00.014196
topic0 ,PUB,1,69,22:48:59.102288,22:48:59.121363,0:00:02.771645,0:00:00.019071
topic0 ,PUB,1,70,22:48:59.113373,22:48:59.148530,0:00:02.798812,0:00:00.027167
topic0 ,PUB,1,71,22:48:59.141458,22:48:59.157961,0:00:02.808243,0:00:00.009431
topic0 ,PUB,1,72,22:48:59.154441,22:48:59.169364,0:00:02.819646,0:00:00.011403
topic0 ,PUB,1,73,22:48:59.167009,22:48:59.192167,0:00:02.842449,0:00:00.022803
topic0 ,PUB,1,74,22:48:59.190255,22:48:59.200768,0:00:02.851050,0:00:00.008601
topic0 ,PUB,1,75,22:48:59.201681,22:48:59.214469,0:00:02.864751,0:00:00.013701
topic0 ,PUB,1,76,22:48:59.214415,22:48:59.224909,0:00:02.875191,0:00:00.010440
topic0 ,PUB,1,77,22:48:59.226983,22:48:59.236491,0:00:02.886773,0:00:00.011582
topic0 ,PUB,1,78,22:48:59.243095,22:48:59.259559,0:00:02.909841,0:00:00.023068
topic0 ,PUB,1,79,22:48:59.254407,22:48:59.275095,0:00:02.925377,0:00:00.015536
topic0 ,PUB,1,80,22:48:59.266049,22:48:59.275262,0:00:02.925544,0:00:00.000167
topic0 ,PUB,1,81,22:48:59.278144,22:48:59.303517,0:00:02.953799,0:00:00.028255
topic0 ,PUB,1,82,22:48:59.299017,22:48:59.314507,0:00:02.964789,0:00:00.010990
topic0 ,PUB,1,83,22:48:59.318973,22:48:59.326844,0:00:02.977126,0:00:00.012337
topic0 ,PUB,1,84,22:48:59.329837,22:48:59.337780,0:00:02.988062,0:00:00.010936
topic0 ,PUB,1,85,22:48:59.340986,22:48:59.351055,0:00:03.001337,0:00:00.013275
topic0 ,PUB,1,86,22:48:59.352870,22:48:59.362874,0:00:03.013156,0:00:00.011819
topic0 ,PUB,1,87,22:48:59.364094,22:48:59.372646,0:00:03.022928,0:00:00.009772
topic0 ,PUB,1,88,22:48:59.376000,22:48:59.397479,0:00:03.047761,0:00:00.024833
topic0 ,PUB,1,89,22:48:59.387206,22:48:59.402517,0:00:03.052799,0:00:00.005038
topic0 ,PUB,1,90,22:48:59.398836,22:48:59.414408,0:00:03.064690,0:00:00.011891
topic0 ,PUB,1,91,22:48:59.414764,22:48:59.434081,0:00:03.084363,0:00:00.019673
topic0 ,PUB,1,92,22:48:59.437628,22:48:59.445575,0:00:03.095857,0:00:00.011494
topic0 ,PUB,1,93,22:48:59.448648,22:48:59.459689,0:00:03.109971,0:00:00.014114
topic0 ,PUB,1,94,22:48:59.460394,22:48:59.471837,0:00:03.122119,0:00:00.012148
topic0 ,PUB,1,95,22:48:59.477261,22:48:59.484511,0:00:03.134793,0:00:00.012674
topic0 ,PUB,1,96,22:48:59.490184,22:48:59.503198,0:00:03.153480,0:00:00.018687
topic0 ,PUB,1,97,22:48:59.502098,22:48:59.520092,0:00:03.170374,0:00:00.016894
topic0 ,PUB,1,98,22:48:59.522644,22:48:59.534447,0:00:03.184729,0:00:00.014355
topic0 ,PUB,1,99,22:48:59.533892,22:48:59.546047,0:00:03.196329,0:00:00.011600
topic0 ,PUB,1,100,22:48:59.548112,22:48:59.559899,0:00:03.210181,0:00:00.013852
topic0 ,PUB,1,101,22:48:59.559604,22:48:59.568996,0:00:03.219278,0:00:00.009097
topic0 ,PUB,1,102,22:48:59.571928,22:48:59.581445,0:00:03.231727,0:00:00.012449
topic0 ,PUB,1,103,22:48:59.584107,22:48:59.593453,0:00:03.243735,0:00:00.012008
topic0 ,PUB,1,104,22:48:59.595377,22:48:59.611144,0:00:03.261426,0:00:00.017691
topic0 ,PUB,1,105,22:48:59.608392,22:48:59.627158,0:00:03.277440,0:00:00.016014
topic0 ,PUB,1,106,22:48:59.626302,22:48:59.656186,0:00:03.306468,0:00:00.029028
topic0 ,PUB,1,107,22:48:59.639133,22:48:59.656510,0:00:03.306792,0:00:00.000324
topic0 ,PUB,1,108,22:48:59.658117,22:48:59.673887,0:00:03.324169,0:00:00.017377
topic0 ,PUB,1,109,22:48:59.677318,22:48:59.686035,0:00:03.336317,0:00:00.012148
topic0 ,PUB,1,110,22:48:59.689477,22:48:59.700419,0:00:03.350701,0:00:00.014384
topic0 ,PUB,1,111,22:48:59.703060,22:48:59.712539,0:00:03.362821,0:00:00.012120
topic0 ,PUB,1,112,22:48:59.714157,22:48:59.725260,0:00:03.375542,0:00:00.012721
topic0 ,PUB,1,113,22:48:59.724917,22:48:59.737582,0:00:03.387864,0:00:00.012322
topic0 ,PUB,1,114,22:48:59.735669,22:48:59.745690,0:00:03.395972,0:00:00.008108
topic0 ,PUB,1,115,22:48:59.747156,22:48:59.756890,0:00:03.407172,0:00:00.011200
topic0 ,PUB,1,116,22:48:59.759926,22:48:59.768870,0:00:03.419152,0:00:00.011980
topic0 ,PUB,1,117,22:48:59.772875,22:48:59.780929,0:00:03.431211,0:00:00.012059
topic0 ,PUB,1,118,22:48:59.783854,22:48:59.789820,0:00:03.440102,0:00:00.008891
topic0 ,PUB,1,119,22:48:59.794457,22:48:59.804303,0:00:03.454585,0:00:00.014483
topic0 ,PUB,1,120,22:48:59.806180,22:48:59.814302,0:00:03.464584,0:00:00.009999
topic0 ,PUB,1,121,22:48:59.817089,22:48:59.826131,0:00:03.476413,0:00:00.011829
topic0 ,PUB,1,122,22:48:59.827941,22:48:59.835339,0:00:03.485621,0:00:00.009208
topic0 ,PUB,1,123,22:48:59.838424,22:48:59.846331,0:00:03.496613,0:00:00.010992
topic0 ,PUB,1,124,22:48:59.849575,22:48:59.858303,0:00:03.508585,0:00:00.011972
topic0 ,PUB,1,125,22:48:59.861345,22:48:59.873465,0:00:03.523747,0:00:00.015162
topic0 ,PUB,1,126,22:48:59.875395,22:48:59.884387,0:00:03.534669,0:00:00.010922
topic0 ,PUB,1,127,22:48:59.886126,22:48:59.893908,0:00:03.544190,0:00:00.009521
topic0 ,PUB,1,128,22:48:59.898293,22:48:59.906161,0:00:03.556443,0:00:00.012253
topic0 ,PUB,1,129,22:48:59.909016,22:48:59.917358,0:00:03.567640,0:00:00.011197
topic0 ,PUB,1,130,22:48:59.919904,22:48:59.940828,0:00:03.591110,0:00:00.023470
topic0 ,PUB,1,131,22:48:59.930789,22:48:59.945155,0:00:03.595437,0:00:00.004327
topic0 ,PUB,1,132,22:48:59.943061,22:48:59.972763,0:00:03.623045,0:00:00.027608
topic0 ,PUB,1,133,22:48:59.972798,22:48:59.982649,0:00:03.632931,0:00:00.009886
topic0 ,PUB,1,134,22:48:59.985089,22:48:59.997141,0:00:03.647423,0:00:00.014492
topic0 ,PUB,1,135,22:48:59.997797,22:49:00.009447,0:00:03.659729,0:00:00.012306
topic0 ,PUB,1,136,22:49:00.009196,22:49:00.020148,0:00:03.670430,0:00:00.010701
topic0 ,PUB,1,137,22:49:00.020693,22:49:00.031118,0:00:03.681400,0:00:00.010970
topic0 ,PUB,1,138,22:49:00.032819,22:49:00.047275,0:00:03.697557,0:00:00.016157
topic0 ,PUB,1,139,22:49:00.045023,22:49:00.055243,0:00:03.705525,0:00:00.007968
topic0 ,PUB,1,140,22:49:00.057445,22:49:00.067945,0:00:03.718227,0:00:00.012702
topic0 ,PUB,1,141,22:49:00.069808,22:49:00.083073,0:00:03.733355,0:00:00.015128
topic0 ,PUB,1,142,22:49:00.081827,22:49:00.095000,0:00:03.745282,0:00:00.011927
topic0 ,PUB,1,143,22:49:00.092810,22:49:00.108799,0:00:03.759081,0:00:00.013799
topic0 ,PUB,1,144,22:49:00.106190,22:49:00.121833,0:00:03.772115,0:00:00.013034
topic0 ,PUB,1,145,22:49:00.117879,22:49:00.132471,0:00:03.782753,0:00:00.010638
topic0 ,PUB,1,146,22:49:00.129218,22:49:00.146312,0:00:03.796594,0:00:00.013841
topic0 ,PUB,1,147,22:49:00.144956,22:49:00.158534,0:00:03.808816,0:00:00.012222
topic0 ,PUB,1,148,22:49:00.156865,22:49:00.169985,0:00:03.820267,0:00:00.011451
topic0 ,PUB,1,149,22:49:00.171978,22:49:00.180705,0:00:03.830987,0:00:00.010720
topic0 ,PUB,1,150,22:49:00.185235,22:49:00.200519,0:00:03.850801,0:00:00.019814
topic0 ,PUB,1,151,22:49:00.198316,22:49:00.209279,0:00:03.859561,0:00:00.008760
topic0 ,PUB,1,152,22:49:00.209612,22:49:00.219855,0:00:03.870137,0:00:00.010576
topic0 ,PUB,1,153,22:49:00.224185,22:49:00.235836,0:00:03.886118,0:00:00.015981
topic0 ,PUB,1,154,22:49:00.236447,22:49:00.250642,0:00:03.900924,0:00:00.014806
topic0 ,PUB,1,155,22:49:00.246865,22:49:00.257477,0:00:03.907759,0:00:00.006835
topic0 ,PUB,1,156,22:49:00.257866,22:49:00.269873,0:00:03.920155,0:00:00.012396
topic0 ,PUB,1,157,22:49:00.270027,22:49:00.289362,0:00:03.939644,0:00:00.019489
topic0 ,PUB,1,158,22:49:00.283979,22:49:00.293576,0:00:03.943858,0:00:00.004214
topic0 ,PUB,1,159,22:49:00.295163,22:49:00.316571,0:00:03.966853,0:00:00.022995
topic0 ,PUB,1,160,22:49:00.307147,22:49:00.319270,0:00:03.969552,0:00:00.002699
topic0 ,PUB,1,161,22:49:00.321558,22:49:00.330531,0:00:03.980813,0:00:00.011261
topic0 ,PUB,1,162,22:49:00.332298,22:49:00.351665,0:00:04.001947,0:00:00.021134
topic0 ,PUB,1,163,22:49:00.348250,22:49:00.356900,0:00:04.007182,0:00:00.005235
topic0 ,PUB,1,164,22:49:00.358663,22:49:00.376746,0:00:04.027028,0:00:00.019846
topic0 ,PUB,1,165,22:49:00.375252,22:49:00.382813,0:00:04.033095,0:00:00.006067
topic0 ,PUB,1,166,22:49:00.387123,22:49:00.394007,0:00:04.044289,0:00:00.011194
topic0 ,PUB,1,167,22:49:00.397751,22:49:00.417249,0:00:04.067531,0:00:00.023242
topic0 ,PUB,1,168,22:49:00.412418,22:49:00.426871,0:00:04.077153,0:00:00.009622
topic0 ,PUB,1,169,22:49:00.425915,22:49:00.444727,0:00:04.095009,0:00:00.017856
topic0 ,PUB,1,170,22:49:00.441799,22:49:00.456322,0:00:04.106604,0:00:00.011595
topic0 ,PUB,1,171,22:49:00.453952,22:49:00.466198,0:00:04.116480,0:00:00.009876
topic0 ,PUB,1,172,22:49:00.470080,22:49:00.511304,0:00:04.161586,0:00:00.045106
topic0 ,PUB,1,173,22:49:00.498648,22:49:00.518821,0:00:04.169103,0:00:00.007517
topic0 ,PUB,1,174,22:49:00.517968,22:49:00.554223,0:00:04.204505,0:00:00.035402
topic0 ,PUB,1,175,22:49:00.532385,22:49:00.555777,0:00:04.206059,0:00:00.001554
topic0 ,PUB,1,176,22:49:00.543899,22:49:00.555891,0:00:04.206173,0:00:00.000114
topic0 ,PUB,1,177,22:49:00.554826,22:49:00.573680,0:00:04.223962,0:00:00.017789
topic0 ,PUB,1,178,22:49:00.567465,22:49:00.591283,0:00:04.241565,0:00:00.017603
topic0 ,PUB,1,179,22:49:00.583313,22:49:00.603739,0:00:04.254021,0:00:00.012456
topic0 ,PUB,1,180,22:49:00.595599,22:49:00.632438,0:00:04.282720,0:00:00.028699
topic0 ,PUB,1,181,22:49:00.606179,22:49:00.635847,0:00:04.286129,0:00:00.003409
topic0 ,PUB,1,182,22:49:00.620100,22:49:00.646404,0:00:04.296686,0:00:00.010557
topic0 ,PUB,1,183,22:49:00.632537,22:49:00.646804,0:00:04.297086,0:00:00.000400
topic0 ,PUB,1,184,22:49:00.644830,22:49:00.659165,0:00:04.309447,0:00:00.012361
topic0 ,PUB,1,185,22:49:00.656997,22:49:00.670692,0:00:04.320974,0:00:00.011527
topic0 ,PUB,1,186,22:49:00.672427,22:49:00.687417,0:00:04.337699,0:00:00.016725
topic0 ,PUB,1,187,22:49:00.684036,22:49:00.702754,0:00:04.353036,0:00:00.015337
topic0 ,PUB,1,188,22:49:00.694836,22:49:00.709049,0:00:04.359331,0:00:00.006295
topic0 ,PUB,1,189,22:49:00.706514,22:49:00.713940,0:00:04.364222,0:00:00.004891
topic0 ,PUB,1,190,22:49:00.720109,22:49:00.736882,0:00:04.387164,0:00:00.022942
topic0 ,PUB,1,191,22:49:00.735287,22:49:00.744824,0:00:04.395106,0:00:00.007942
topic0 ,PUB,1,192,22:49:00.760597,22:49:00.775307,0:00:04.425589,0:00:00.030483
topic0 ,PUB,1,193,22:49:00.773177,22:49:00.785280,0:00:04.435562,0:00:00.009973
topic0 ,PUB,1,194,22:49:00.785639,22:49:00.807093,0:00:04.457375,0:00:00.021813
topic0 ,PUB,1,195,22:49:00.796789,22:49:00.817502,0:00:04.467784,0:00:00.010409
topic0 ,PUB,1,196,22:49:00.808875,22:49:00.827678,0:00:04.477960,0:00:00.010176
topic0 ,PUB,1,197,22:49:00.824058,22:49:00.832691,0:00:04.482973,0:00:00.005013
topic0 ,PUB,1,198,22:49:00.835866,22:49:00.857208,0:00:04.507490,0:00:00.024517
topic0 ,PUB,1,199,22:49:00.850970,22:49:00.859382,0:00:04.509664,0:00:00.002174
