hello now
use broker True
using broker tcp://10.0.0.1:5556
# starting loop
topic2 ,PUB,3,0,22:48:58.769027,22:48:58.779066,0:00:01.928214,0:00:01.928214
topic2 ,PUB,3,1,22:48:58.781837,22:48:58.802260,0:00:01.951408,0:00:00.023194
topic2 ,PUB,3,2,22:48:58.794106,22:48:58.814381,0:00:01.963529,0:00:00.012121
topic2 ,PUB,3,3,22:48:58.813777,22:48:58.830959,0:00:01.980107,0:00:00.016578
topic2 ,PUB,3,4,22:48:58.824317,22:48:58.838539,0:00:01.987687,0:00:00.007580
topic2 ,PUB,3,5,22:48:58.835737,22:48:58.843892,0:00:01.993040,0:00:00.005353
topic2 ,PUB,3,6,22:48:58.846486,22:48:58.853880,0:00:02.003028,0:00:00.009988
topic2 ,PUB,3,7,22:48:58.857921,22:48:58.864080,0:00:02.013228,0:00:00.010200
topic2 ,PUB,3,8,22:48:58.870964,22:48:58.878981,0:00:02.028129,0:00:00.014901
topic2 ,PUB,3,9,22:48:58.881541,22:48:58.887958,0:00:02.037106,0:00:00.008977
topic2 ,PUB,3,10,22:48:58.891799,22:48:58.897852,0:00:02.047000,0:00:00.009894
topic2 ,PUB,3,11,22:48:58.902099,22:48:58.908498,0:00:02.057646,0:00:00.010646
topic2 ,PUB,3,12,22:48:58.912629,22:48:58.921918,0:00:02.071066,0:00:00.013420
topic2 ,PUB,3,13,22:48:58.923567,22:48:58.940793,0:00:02.089941,0:00:00.018875
topic2 ,PUB,3,14,22:48:58.935735,22:48:58.949039,0:00:02.098187,0:00:00.008246
topic2 ,PUB,3,15,22:48:58.950458,22:48:58.958316,0:00:02.107464,0:00:00.009277
topic2 ,PUB,3,16,22:48:58.974587,22:48:58.985582,0:00:02.134730,0:00:00.027266
topic2 ,PUB,3,17,22:48:58.986180,22:48:59.000476,0:00:02.149624,0:00:00.014894
topic2 ,PUB,3,18,22:48:58.999388,22:48:59.012840,0:00:02.161988,0:00:00.012364
topic2 ,PUB,3,19,22:48:59.011873,22:48:59.018527,0:00:02.167675,0:00:00.005687
topic2 ,PUB,3,20,22:48:59.024828,22:48:59.033460,0:00:02.182608,0:00:00.014933
topic2 ,PUB,3,21,22:48:59.035268,22:48:59.042673,0:00:02.191821,0:00:00.009213
topic2 ,PUB,3,22,22:48:59.046229,22:48:59.063761,0:00:02.212909,0:00:00.021088
topic2 ,PUB,3,23,22:48:59.056985,22:48:59.070697,0:00:02.219845,0:00:00.006936
topic2 ,PUB,3,24,22:48:59.068048,22:48:59.077904,0:00:02.227052,0:00:00.007207
topic2 ,PUB,3,25,22:48:59.078841,22:48:59.089619,0:00:02.238767,0:00:00.011715
topic2 ,PUB,3,26,22:48:59.089998,22:48:59.101980,0:00:02.251128,0:00:00.012361
topic2 ,PUB,3,27,22:48:59.101006,22:48:59.136125,0:00:02.285273,0:00:00.034145
topic2 ,PUB,3,28,22:48:59.111646,22:48:59.144955,0:00:02.294103,0:00:00.008830
topic2 ,PUB,3,29,22:48:59.124553,22:48:59.150231,0:00:02.299379,0:00:00.005276
topic2 ,PUB,3,30,22:48:59.139600,22:48:59.150462,0:00:02.299610,0:00:00.000231
topic2 ,PUB,3,31,22:48:59.154710,22:48:59.190419,0:00:02.339567,0:00:00.039957
topic2 ,PUB,3,32,22:48:59.167172,22:48:59.190869,0:00:02.340017,0:00:00.000450
topic2 ,PUB,3,33,22:48:59.186298,22:48:59.210364,0:00:02.359512,0:00:00.019495
topic2 ,PUB,3,34,22:48:59.216213,22:48:59.225936,0:00:02.375084,0:00:00.015572
topic2 ,PUB,3,35,22:48:59.226903,22:48:59.235816,0:00:02.384964,0:00:00.009880
topic2 ,PUB,3,36,22:48:59.242623,22:48:59.259282,0:00:02.408430,0:00:00.023466
topic2 ,PUB,3,37,22:48:59.256948,22:48:59.274593,0:00:02.423741,0:00:00.015311
topic2 ,PUB,3,38,22:48:59.267772,22:48:59.280348,0:00:02.429496,0:00:00.005755
topic2 ,PUB,3,39,22:48:59.278885,22:48:59.302864,0:00:02.452012,0:00:00.022516
topic2 ,PUB,3,40,22:48:59.297350,22:48:59.314037,0:00:02.463185,0:00:00.011173
topic2 ,PUB,3,41,22:48:59.309484,22:48:59.322015,0:00:02.471163,0:00:00.007978
topic2 ,PUB,3,42,22:48:59.320588,22:48:59.329958,0:00:02.479106,0:00:00.007943
topic2 ,PUB,3,43,22:48:59.332430,22:48:59.345128,0:00:02.494276,0:00:00.015170
topic2 ,PUB,3,44,22:48:59.343133,22:48:59.356630,0:00:02.505778,0:00:00.011502
topic2 ,PUB,3,45,22:48:59.357325,22:48:59.366271,0:00:02.515419,0:00:00.009641
topic2 ,PUB,3,46,22:48:59.367905,22:48:59.387025,0:00:02.536173,0:00:00.020754
topic2 ,PUB,3,47,22:48:59.383805,22:48:59.401263,0:00:02.550411,0:00:00.014238
topic2 ,PUB,3,48,22:48:59.395378,22:48:59.412953,0:00:02.562101,0:00:00.011690
topic2 ,PUB,3,49,22:48:59.407484,22:48:59.428709,0:00:02.577857,0:00:00.015756
topic2 ,PUB,3,50,22:48:59.430461,22:48:59.440480,0:00:02.589628,0:00:00.011771
topic2 ,PUB,3,51,22:48:59.442280,22:48:59.449715,0:00:02.598863,0:00:00.009235
topic2 ,PUB,3,52,22:48:59.456419,22:48:59.465863,0:00:02.615011,0:00:00.016148
topic2 ,PUB,3,53,22:48:59.466939,22:48:59.478727,0:00:02.627875,0:00:00.012864
topic2 ,PUB,3,54,22:48:59.487025,22:48:59.499988,0:00:02.649136,0:00:00.021261
topic2 ,PUB,3,55,22:48:59.499233,22:48:59.508147,0:00:02.657295,0:00:00.008159
topic2 ,PUB,3,56,22:48:59.517728,22:48:59.526489,0:00:02.675637,0:00:00.018342
topic2 ,PUB,3,57,22:48:59.529020,22:48:59.541501,0:00:02.690649,0:00:00.015012
topic2 ,PUB,3,58,22:48:59.540800,22:48:59.555340,0:00:02.704488,0:00:00.013839
topic2 ,PUB,3,59,22:48:59.553914,22:48:59.568291,0:00:02.717439,0:00:00.012951
topic2 ,PUB,3,60,22:48:59.564526,22:48:59.574331,0:00:02.723479,0:00:00.006040
topic2 ,PUB,3,61,22:48:59.576232,22:48:59.586716,0:00:02.735864,0:00:00.012385
topic2 ,PUB,3,62,22:48:59.588253,22:48:59.599874,0:00:02.749022,0:00:00.013158
topic2 ,PUB,3,63,22:48:59.599555,22:48:59.620183,0:00:02.769331,0:00:00.020309
topic2 ,PUB,3,64,22:48:59.611027,22:48:59.624374,0:00:02.773522,0:00:00.004191
topic2 ,PUB,3,65,22:48:59.623196,22:48:59.638330,0:00:02.787478,0:00:00.013956
topic2 ,PUB,3,66,22:48:59.636933,22:48:59.654919,0:00:02.804067,0:00:00.016589
topic2 ,PUB,3,67,22:48:59.648699,22:48:59.657951,0:00:02.807099,0:00:00.003032
topic2 ,PUB,3,68,22:48:59.659760,22:48:59.672968,0:00:02.822116,0:00:00.015017
topic2 ,PUB,3,69,22:48:59.670698,22:48:59.682361,0:00:02.831509,0:00:00.009393
topic2 ,PUB,3,70,22:48:59.682390,22:48:59.692158,0:00:02.841306,0:00:00.009797
topic2 ,PUB,3,71,22:48:59.694474,22:48:59.705391,0:00:02.854539,0:00:00.013233
topic2 ,PUB,3,72,22:48:59.707184,22:48:59.718145,0:00:02.867293,0:00:00.012754
topic2 ,PUB,3,73,22:48:59.720233,22:48:59.729791,0:00:02.878939,0:00:00.011646
topic2 ,PUB,3,74,22:48:59.732908,22:48:59.740604,0:00:02.889752,0:00:00.010813
topic2 ,PUB,3,75,22:48:59.745814,22:48:59.754908,0:00:02.904056,0:00:00.014304
topic2 ,PUB,3,76,22:48:59.756640,22:48:59.765981,0:00:02.915129,0:00:00.011073
topic2 ,PUB,3,77,22:48:59.766963,22:48:59.776430,0:00:02.925578,0:00:00.010449
topic2 ,PUB,3,78,22:48:59.778053,22:48:59.784850,0:00:02.933998,0:00:00.008420
topic2 ,PUB,3,79,22:48:59.788708,22:48:59.796733,0:00:02.945881,0:00:00.011883
topic2 ,PUB,3,80,22:48:59.799829,22:48:59.807762,0:00:02.956910,0:00:00.011029
topic2 ,PUB,3,81,22:48:59.810822,22:48:59.818562,0:00:02.967710,0:00:00.010800
topic2 ,PUB,3,82,22:48:59.821704,22:48:59.829054,0:00:02.978202,0:00:00.010492
topic2 ,PUB,3,83,22:48:59.832468,22:48:59.840212,0:00:02.989360,0:00:00.011158
topic2 ,PUB,3,84,22:48:59.843916,22:48:59.850134,0:00:02.999282,0:00:00.009922
topic2 ,PUB,3,85,22:48:59.855780,22:48:59.865360,0:00:03.014508,0:00:00.015226
topic2 ,PUB,3,86,22:48:59.866868,22:48:59.879943,0:00:03.029091,0:00:00.014583
topic2 ,PUB,3,87,22:48:59.878256,22:48:59.888143,0:00:03.037291,0:00:00.008200
topic2 ,PUB,3,88,22:48:59.891754,22:48:59.900719,0:00:03.049867,0:00:00.012576
topic2 ,PUB,3,89,22:48:59.903102,22:48:59.912555,0:00:03.061703,0:00:00.011836
topic2 ,PUB,3,90,22:48:59.914423,22:48:59.921578,0:00:03.070726,0:00:00.009023
topic2 ,PUB,3,91,22:48:59.927569,22:48:59.941374,0:00:03.090522,0:00:00.019796
topic2 ,PUB,3,92,22:48:59.939856,22:48:59.948969,0:00:03.098117,0:00:00.007595
topic2 ,PUB,3,93,22:48:59.950752,22:48:59.974814,0:00:03.123962,0:00:00.025845
topic2 ,PUB,3,94,22:48:59.971366,22:48:59.984912,0:00:03.134060,0:00:00.010098
topic2 ,PUB,3,95,22:48:59.984760,22:49:00.000206,0:00:03.149354,0:00:00.015294
topic2 ,PUB,3,96,22:48:59.996358,22:49:00.006560,0:00:03.155708,0:00:00.006354
topic2 ,PUB,3,97,22:49:00.008284,22:49:00.016653,0:00:03.165801,0:00:00.010093
topic2 ,PUB,3,98,22:49:00.022617,22:49:00.033044,0:00:03.182192,0:00:00.016391
topic2 ,PUB,3,99,22:49:00.034218,22:49:00.048984,0:00:03.198132,0:00:00.015940
topic2 ,PUB,3,100,22:49:00.046586,22:49:00.060820,0:00:03.209968,0:00:00.011836
topic2 ,PUB,3,101,22:49:00.058439,22:49:00.073124,0:00:03.222272,0:00:00.012304
topic2 ,PUB,3,102,22:49:00.071307,22:49:00.083294,0:00:03.232442,0:00:00.010170
topic2 ,PUB,3,103,22:49:00.086978,22:49:00.099679,0:00:03.248827,0:00:00.016385
topic2 ,PUB,3,104,22:49:00.105234,22:49:00.123369,0:00:03.272517,0:00:00.023690
topic2 ,PUB,3,105,22:49:00.117545,22:49:00.129249,0:00:03.278397,0:00:00.005880
topic2 ,PUB,3,106,22:49:00.128641,22:49:00.146443,0:00:03.295591,0:00:00.017194
topic2 ,PUB,3,107,22:49:00.144655,22:49:00.157794,0:00:03.306942,0:00:00.011351
topic2 ,PUB,3,108,22:49:00.155215,22:49:00.165291,0:00:03.314439,0:00:00.007497
topic2 ,PUB,3,109,22:49:00.176921,22:49:00.187983,0:00:03.337131,0:00:00.022692
topic2 ,PUB,3,110,22:49:00.189376,22:49:00.204338,0:00:03.353486,0:00:00.016355
topic2 ,PUB,3,111,22:49:00.200817,22:49:00.209375,0:00:03.358523,0:00:00.005037
topic2 ,PUB,3,112,22:49:00.212194,22:49:00.226413,0:00:03.375561,0:00:00.017038
topic2 ,PUB,3,113,22:49:00.224379,22:49:00.237383,0:00:03.386531,0:00:00.010970
topic2 ,PUB,3,114,22:49:00.236606,22:49:00.245249,0:00:03.394397,0:00:00.007866
topic2 ,PUB,3,115,22:49:00.249550,22:49:00.259551,0:00:03.408699,0:00:00.014302
topic2 ,PUB,3,116,22:49:00.262500,22:49:00.281300,0:00:03.430448,0:00:00.021749
topic2 ,PUB,3,117,22:49:00.278340,22:49:00.291196,0:00:03.440344,0:00:00.009896
topic2 ,PUB,3,118,22:49:00.293172,22:49:00.306534,0:00:03.455682,0:00:00.015338
topic2 ,PUB,3,119,22:49:00.305772,22:49:00.316033,0:00:03.465181,0:00:00.009499
topic2 ,PUB,3,120,22:49:00.318818,22:49:00.328090,0:00:03.477238,0:00:00.012057
topic2 ,PUB,3,121,22:49:00.330687,22:49:00.348926,0:00:03.498074,0:00:00.020836
topic2 ,PUB,3,122,22:49:00.347939,22:49:00.356296,0:00:03.505444,0:00:00.007370
topic2 ,PUB,3,123,22:49:00.358390,22:49:00.374582,0:00:03.523730,0:00:00.018286
topic2 ,PUB,3,124,22:49:00.371916,22:49:00.382998,0:00:03.532146,0:00:00.008416
topic2 ,PUB,3,125,22:49:00.383035,22:49:00.391090,0:00:03.540238,0:00:00.008092
topic2 ,PUB,3,126,22:49:00.394750,22:49:00.416751,0:00:03.565899,0:00:00.025661
topic2 ,PUB,3,127,22:49:00.405135,22:49:00.428463,0:00:03.577611,0:00:00.011712
topic2 ,PUB,3,128,22:49:00.424748,22:49:00.442742,0:00:03.591890,0:00:00.014279
topic2 ,PUB,3,129,22:49:00.444914,22:49:00.464568,0:00:03.613716,0:00:00.021826
topic2 ,PUB,3,130,22:49:00.456705,22:49:00.469862,0:00:03.619010,0:00:00.005294
topic2 ,PUB,3,131,22:49:00.468130,22:49:00.501608,0:00:03.650756,0:00:00.031746
topic2 ,PUB,3,132,22:49:00.500691,22:49:00.513462,0:00:03.662610,0:00:00.011854
topic2 ,PUB,3,133,22:49:00.513610,22:49:00.537002,0:00:03.686150,0:00:00.023540
topic2 ,PUB,3,134,22:49:00.531414,22:49:00.555097,0:00:03.704245,0:00:00.018095
topic2 ,PUB,3,135,22:49:00.549009,22:49:00.573280,0:00:03.722428,0:00:00.018183
topic2 ,PUB,3,136,22:49:00.561993,22:49:00.587100,0:00:03.736248,0:00:00.013820
topic2 ,PUB,3,137,22:49:00.573913,22:49:00.590305,0:00:03.739453,0:00:00.003205
topic2 ,PUB,3,138,22:49:00.585177,22:49:00.603318,0:00:03.752466,0:00:00.013013
topic2 ,PUB,3,139,22:49:00.596122,22:49:00.632001,0:00:03.781149,0:00:00.028683
topic2 ,PUB,3,140,22:49:00.607477,22:49:00.632424,0:00:03.781572,0:00:00.000423
topic2 ,PUB,3,141,22:49:00.620466,22:49:00.646709,0:00:03.795857,0:00:00.014285
topic2 ,PUB,3,142,22:49:00.630776,22:49:00.646876,0:00:03.796024,0:00:00.000167
topic2 ,PUB,3,143,22:49:00.644627,22:49:00.657697,0:00:03.806845,0:00:00.010821
topic2 ,PUB,3,144,22:49:00.654901,22:49:00.665636,0:00:03.814784,0:00:00.007939
topic2 ,PUB,3,145,22:49:00.672771,22:49:00.683126,0:00:03.832274,0:00:00.017490
topic2 ,PUB,3,146,22:49:00.684184,22:49:00.702527,0:00:03.851675,0:00:00.019401
topic2 ,PUB,3,147,22:49:00.695590,22:49:00.709156,0:00:03.858304,0:00:00.006629
topic2 ,PUB,3,148,22:49:00.706099,22:49:00.718492,0:00:03.867640,0:00:00.009336
topic2 ,PUB,3,149,22:49:00.719960,22:49:00.736757,0:00:03.885905,0:00:00.018265
topic2 ,PUB,3,150,22:49:00.733986,22:49:00.743311,0:00:03.892459,0:00:00.006554
topic2 ,PUB,3,151,22:49:00.755247,22:49:00.765674,0:00:03.914822,0:00:00.022363
topic2 ,PUB,3,152,22:49:00.771845,22:49:00.784059,0:00:03.933207,0:00:00.018385
topic2 ,PUB,3,153,22:49:00.782325,22:49:00.807599,0:00:03.956747,0:00:00.023540
topic2 ,PUB,3,154,22:49:00.792710,22:49:00.813218,0:00:03.962366,0:00:00.005619
topic2 ,PUB,3,155,22:49:00.808941,22:49:00.830669,0:00:03.979817,0:00:00.017451
topic2 ,PUB,3,156,22:49:00.822774,22:49:00.835254,0:00:03.984402,0:00:00.004585
topic2 ,PUB,3,157,22:49:00.834004,22:49:00.850435,0:00:03.999583,0:00:00.015181
topic2 ,PUB,3,158,22:49:00.844763,22:49:00.859223,0:00:04.008371,0:00:00.008788
topic2 ,PUB,3,159,22:49:00.860180,22:49:00.871917,0:00:04.021065,0:00:00.012694
topic2 ,PUB,3,160,22:49:00.872529,22:49:00.882734,0:00:04.031882,0:00:00.010817
topic2 ,PUB,3,161,22:49:00.883446,22:49:00.895762,0:00:04.044910,0:00:00.013028
topic2 ,PUB,3,162,22:49:00.894746,22:49:00.903112,0:00:04.052260,0:00:00.007350
topic2 ,PUB,3,163,22:49:00.906452,22:49:00.915124,0:00:04.064272,0:00:00.012012
topic2 ,PUB,3,164,22:49:00.917594,22:49:00.929208,0:00:04.078356,0:00:00.014084
topic2 ,PUB,3,165,22:49:00.929747,22:49:00.938872,0:00:04.088020,0:00:00.009664
topic2 ,PUB,3,166,22:49:00.940473,22:49:00.946905,0:00:04.096053,0:00:00.008033
topic2 ,PUB,3,167,22:49:00.951979,22:49:00.985101,0:00:04.134249,0:00:00.038196
topic2 ,PUB,3,168,22:49:00.980486,22:49:00.993901,0:00:04.143049,0:00:00.008800
topic2 ,PUB,3,169,22:49:00.991470,22:49:01.009670,0:00:04.158818,0:00:00.015769
topic2 ,PUB,3,170,22:49:01.002670,22:49:01.012759,0:00:04.161907,0:00:00.003089
topic2 ,PUB,3,171,22:49:01.013643,22:49:01.026709,0:00:04.175857,0:00:00.013950
topic2 ,PUB,3,172,22:49:01.025185,22:49:01.033724,0:00:04.182872,0:00:00.007015
topic2 ,PUB,3,173,22:49:01.036359,22:49:01.050198,0:00:04.199346,0:00:00.016474
topic2 ,PUB,3,174,22:49:01.048022,22:49:01.068987,0:00:04.218135,0:00:00.018789
topic2 ,PUB,3,175,22:49:01.061366,22:49:01.089470,0:00:04.238618,0:00:00.020483
topic2 ,PUB,3,176,22:49:01.083558,22:49:01.106682,0:00:04.255830,0:00:00.017212
topic2 ,PUB,3,177,22:49:01.103697,22:49:01.123375,0:00:04.272523,0:00:00.016693
topic2 ,PUB,3,178,22:49:01.119545,22:49:01.139563,0:00:04.288711,0:00:00.016188
topic2 ,PUB,3,179,22:49:01.136871,22:49:01.154359,0:00:04.303507,0:00:00.014796
topic2 ,PUB,3,180,22:49:01.149148,22:49:01.190618,0:00:04.339766,0:00:00.036259
topic2 ,PUB,3,181,22:49:01.161307,22:49:01.194489,0:00:04.343637,0:00:00.003871
topic2 ,PUB,3,182,22:49:01.184222,22:49:01.204543,0:00:04.353691,0:00:00.010054
topic2 ,PUB,3,183,22:49:01.197009,22:49:01.230491,0:00:04.379639,0:00:00.025948
topic2 ,PUB,3,184,22:49:01.213897,22:49:01.230712,0:00:04.379860,0:00:00.000221
topic2 ,PUB,3,185,22:49:01.235080,22:49:01.249730,0:00:04.398878,0:00:00.019018
topic2 ,PUB,3,186,22:49:01.248110,22:49:01.262140,0:00:04.411288,0:00:00.012410
topic2 ,PUB,3,187,22:49:01.260274,22:49:01.276166,0:00:04.425314,0:00:00.014026
topic2 ,PUB,3,188,22:49:01.276912,22:49:01.304695,0:00:04.453843,0:00:00.028529
topic2 ,PUB,3,189,22:49:01.287623,22:49:01.317073,0:00:04.466221,0:00:00.012378
topic2 ,PUB,3,190,22:49:01.302031,22:49:01.325365,0:00:04.474513,0:00:00.008292
topic2 ,PUB,3,191,22:49:01.318709,22:49:01.345761,0:00:04.494909,0:00:00.020396
topic2 ,PUB,3,192,22:49:01.330391,22:49:01.354933,0:00:04.504081,0:00:00.009172
topic2 ,PUB,3,193,22:49:01.357572,22:49:01.377738,0:00:04.526886,0:00:00.022805
topic2 ,PUB,3,194,22:49:01.377281,22:49:01.405092,0:00:04.554240,0:00:00.027354
topic2 ,PUB,3,195,22:49:01.388416,22:49:01.405413,0:00:04.554561,0:00:00.000321
topic2 ,PUB,3,196,22:49:01.401046,22:49:01.433167,0:00:04.582315,0:00:00.027754
topic2 ,PUB,3,197,22:49:01.414285,22:49:01.448021,0:00:04.597169,0:00:00.014854
topic2 ,PUB,3,198,22:49:01.427994,22:49:01.465841,0:00:04.614989,0:00:00.017820
topic2 ,PUB,3,199,22:49:01.441843,22:49:01.485857,0:00:04.635005,0:00:00.020016
