hello now
Not using broker. Connecting to sdiscovery server @ 10.0.0.1
tcp://10.0.0.1:5557
discovery_server_response b'SUBs discovered: {"3": "10.0.0.3", "2": "10.0.0.2"}'
0,14:23:48.221025
1,14:23:48.232211
2,14:23:48.245891
3,14:23:48.259652
4,14:23:48.287347
5,14:23:48.300080
6,14:23:48.310670
7,14:23:48.329707
8,14:23:48.345200
9,14:23:48.356147
10,14:23:48.366711
11,14:23:48.384439
12,14:23:48.394920
13,14:23:48.408545
14,14:23:48.419087
15,14:23:48.431967
16,14:23:48.449643
17,14:23:48.460178
18,14:23:48.474002
19,14:23:48.484971
20,14:23:48.495881
21,14:23:48.515512
22,14:23:48.531968
23,14:23:48.550721
24,14:23:48.563898
25,14:23:48.574325
26,14:23:48.586367
27,14:23:48.612928
28,14:23:48.632063
29,14:23:48.651621
30,14:23:48.664219
31,14:23:48.696473
32,14:23:48.713678
33,14:23:48.775788
34,14:23:48.818911
35,14:23:48.857245
36,14:23:49.001591
37,14:23:49.012981
38,14:23:49.028130
39,14:23:49.038734
40,14:23:49.051154
41,14:23:49.063127
42,14:23:49.075529
43,14:23:49.088017
44,14:23:49.098881
45,14:23:49.109546
46,14:23:49.120530
47,14:23:49.131751
48,14:23:49.144296
49,14:23:49.156837
50,14:23:49.170178
51,14:23:49.188533
52,14:23:49.203578
53,14:23:49.214830
54,14:23:49.226228
55,14:23:49.253032
56,14:23:49.268404
57,14:23:49.280396
58,14:23:49.291183
59,14:23:49.302476
60,14:23:49.314024
61,14:23:49.333248
62,14:23:49.345826
63,14:23:49.361663
64,14:23:49.373610
65,14:23:49.384997
66,14:23:49.396062
67,14:23:49.409677
68,14:23:49.420301
69,14:23:49.431082
70,14:23:49.442849
71,14:23:49.454343
72,14:23:49.469154
73,14:23:49.479700
74,14:23:49.490580
75,14:23:49.502988
76,14:23:49.520972
77,14:23:49.532649
78,14:23:49.543709
79,14:23:49.554604
80,14:23:49.565491
81,14:23:49.576956
82,14:23:49.587718
83,14:23:49.598609
84,14:23:49.609449
85,14:23:49.620004
86,14:23:49.632607
87,14:23:49.644074
88,14:23:49.655198
89,14:23:49.677718
90,14:23:49.689015
91,14:23:49.699872
92,14:23:49.711234
93,14:23:49.722482
94,14:23:49.733095
95,14:23:49.745090
96,14:23:49.755759
97,14:23:49.766609
98,14:23:49.777713
99,14:23:49.788267
100,14:23:49.799110
101,14:23:49.812655
102,14:23:49.823225
103,14:23:49.835374
104,14:23:49.847836
105,14:23:49.868371
106,14:23:49.879454
107,14:23:49.891020
108,14:23:49.902593
109,14:23:49.913235
110,14:23:49.923786
111,14:23:49.934842
112,14:23:49.946787
113,14:23:49.957361
114,14:23:49.968486
115,14:23:49.979505
116,14:23:49.990423
117,14:23:50.001068
118,14:23:50.011629
119,14:23:50.023275
120,14:23:50.034311
121,14:23:50.045005
122,14:23:50.056304
123,14:23:50.066617
124,14:23:50.077011
125,14:23:50.087815
126,14:23:50.098567
127,14:23:50.110467
128,14:23:50.121607
129,14:23:50.132891
130,14:23:50.143632
131,14:23:50.157646
132,14:23:50.188882
133,14:23:50.200568
134,14:23:50.211647
135,14:23:50.237247
136,14:23:50.247943
137,14:23:50.259909
138,14:23:50.270756
139,14:23:50.282249
140,14:23:50.293617
141,14:23:50.304582
142,14:23:50.316708
143,14:23:50.328516
144,14:23:50.354298
145,14:23:50.366175
146,14:23:50.381709
147,14:23:50.394875
148,14:23:50.410273
149,14:23:50.421006
150,14:23:50.431760
151,14:23:50.442966
152,14:23:50.454408
153,14:23:50.464727
154,14:23:50.475516
155,14:23:50.486217
156,14:23:50.496980
157,14:23:50.508069
158,14:23:50.518509
159,14:23:50.529220
160,14:23:50.540348
161,14:23:50.551992
162,14:23:50.564863
163,14:23:50.575927
164,14:23:50.590170
165,14:23:50.605178
166,14:23:50.618154
167,14:23:50.636597
168,14:23:50.648628
169,14:23:50.659209
170,14:23:50.671823
171,14:23:50.682427
172,14:23:50.693602
173,14:23:50.704441
174,14:23:50.724851
175,14:23:50.736270
176,14:23:50.747030
177,14:23:50.758293
178,14:23:50.768916
179,14:23:50.779325
180,14:23:50.791977
181,14:23:50.804295
182,14:23:50.824104
183,14:23:50.835066
184,14:23:50.848184
185,14:23:50.860299
186,14:23:50.870822
187,14:23:50.894130
188,14:23:50.904497
189,14:23:50.915086
190,14:23:50.926607
191,14:23:50.937439
192,14:23:50.951165
193,14:23:50.981529
194,14:23:50.992483
195,14:23:51.005878
196,14:23:51.024447
197,14:23:51.037741
198,14:23:51.058536
199,14:23:51.069218
hello now
Not using broker. Connecting to sdiscovery server @ 10.0.0.1
tcp://10.0.0.1:5557
discovery_server_response b'SUBs discovered: {"3": "10.0.0.3", "2": "10.0.0.2", "5": "10.0.0.5", "4": "10.0.0.4"}'
0,14:25:08.772717
1,14:25:08.784753
2,14:25:08.796307
3,14:25:08.807182
4,14:25:08.818698
5,14:25:08.829298
6,14:25:08.839990
7,14:25:08.851828
8,14:25:08.862361
9,14:25:08.876028
10,14:25:08.886422
11,14:25:08.896962
12,14:25:08.908450
13,14:25:08.919000
14,14:25:08.929494
15,14:25:08.940131
16,14:25:08.951366
17,14:25:08.962204
18,14:25:08.972529
19,14:25:08.983187
20,14:25:08.994104
21,14:25:09.004778
22,14:25:09.015522
23,14:25:09.026095
24,14:25:09.037085
25,14:25:09.048006
26,14:25:09.058880
27,14:25:09.080124
28,14:25:09.112175
29,14:25:09.124899
30,14:25:09.135845
31,14:25:09.152248
32,14:25:09.171897
33,14:25:09.214309
34,14:25:09.229546
35,14:25:09.240310
36,14:25:09.251911
37,14:25:09.266771
38,14:25:09.290980
39,14:25:09.302269
40,14:25:09.313500
41,14:25:09.323989
42,14:25:09.338720
43,14:25:09.350357
44,14:25:09.361363
45,14:25:09.372299
46,14:25:09.382676
47,14:25:09.394081
48,14:25:09.405019
49,14:25:09.416084
50,14:25:09.429142
51,14:25:09.440471
52,14:25:09.451772
53,14:25:09.463129
54,14:25:09.473968
55,14:25:09.485118
56,14:25:09.495981
57,14:25:09.506952
58,14:25:09.518262
59,14:25:09.529866
60,14:25:09.540635
61,14:25:09.551663
62,14:25:09.562529
63,14:25:09.573568
64,14:25:09.587678
65,14:25:09.599089
66,14:25:09.613838
67,14:25:09.625365
68,14:25:09.640921
69,14:25:09.653376
70,14:25:09.682154
71,14:25:09.693063
72,14:25:09.709444
73,14:25:09.725361
74,14:25:09.736377
75,14:25:09.747531
76,14:25:09.761657
77,14:25:09.780098
78,14:25:09.790834
79,14:25:09.803625
80,14:25:09.815890
81,14:25:09.827939
82,14:25:09.846635
83,14:25:09.858950
84,14:25:09.870243
85,14:25:09.882986
86,14:25:09.900329
87,14:25:09.911071
88,14:25:09.921751
89,14:25:09.932880
90,14:25:09.944948
91,14:25:09.955811
92,14:25:09.967005
93,14:25:09.978745
94,14:25:09.989975
95,14:25:10.000869
96,14:25:10.011506
97,14:25:10.023239
98,14:25:10.041526
99,14:25:10.056926
100,14:25:10.068610
101,14:25:10.083566
102,14:25:10.094910
103,14:25:10.106954
104,14:25:10.119847
105,14:25:10.132564
106,14:25:10.144366
107,14:25:10.162337
108,14:25:10.173532
109,14:25:10.200271
110,14:25:10.211886
111,14:25:10.222965
112,14:25:10.235061
113,14:25:10.247625
114,14:25:10.260978
115,14:25:10.276918
116,14:25:10.288753
117,14:25:10.300207
118,14:25:10.310966
119,14:25:10.328101
120,14:25:10.339339
121,14:25:10.351462
122,14:25:10.362386
123,14:25:10.373474
124,14:25:10.384905
125,14:25:10.397241
126,14:25:10.408367
127,14:25:10.420383
128,14:25:10.432133
129,14:25:10.444631
130,14:25:10.458209
131,14:25:10.469604
132,14:25:10.480500
133,14:25:10.498787
134,14:25:10.510164
135,14:25:10.522221
136,14:25:10.536186
137,14:25:10.547661
138,14:25:10.560346
139,14:25:10.572587
140,14:25:10.585831
141,14:25:10.601690
142,14:25:10.616236
143,14:25:10.630914
144,14:25:10.643762
145,14:25:10.655056
146,14:25:10.668274
147,14:25:10.683048
148,14:25:10.694128
149,14:25:10.705756
150,14:25:10.716788
151,14:25:10.727880
152,14:25:10.744217
153,14:25:10.755835
154,14:25:10.766693
155,14:25:10.778486
156,14:25:10.794236
157,14:25:10.806106
158,14:25:10.818746
159,14:25:10.833097
160,14:25:10.844025
161,14:25:10.857102
162,14:25:10.869054
163,14:25:10.880150
164,14:25:10.892652
165,14:25:10.905984
166,14:25:10.917339
167,14:25:10.928668
168,14:25:10.944071
169,14:25:10.960130
170,14:25:10.974916
171,14:25:10.994725
172,14:25:11.005095
173,14:25:11.016773
174,14:25:11.028717
175,14:25:11.083583
176,14:25:11.094376
177,14:25:11.108353
178,14:25:11.118877
179,14:25:11.129281
180,14:25:11.141079
181,14:25:11.155367
182,14:25:11.166219
183,14:25:11.177083
184,14:25:11.192102
185,14:25:11.205871
186,14:25:11.220275
187,14:25:11.231220
188,14:25:11.241994
189,14:25:11.252335
190,14:25:11.263128
191,14:25:11.273921
192,14:25:11.285718
193,14:25:11.297623
194,14:25:11.308639
195,14:25:11.319806
196,14:25:11.331611
197,14:25:11.348353
198,14:25:11.359670
199,14:25:11.371058
