hello now
use broker False
not using broker
initiating discovery client connection
tcp://10.0.0.1:5557
discovery client connection broadcast
dicts None found
None found
# starting loop
waiting for publishers... 0
initiating discovery client connection
tcp://10.0.0.1:5557
discovery client connection broadcast
dicts {"9": "10.0.0.9", "8": "10.0.0.8", "7": "10.0.0.7"}
pubs {'9': '10.0.0.9', '8': '10.0.0.8', '7': '10.0.0.7'} key 9
key 9 value 10.0.0.9 tcp://10.0.0.9:5556
topic2 ,PUB,9,0,14:23:48.221025,14:23:48.224428,0:00:02.067380,0:00:02.067380
topic2 ,PUB,9,1,14:23:48.232211,14:23:48.233128,0:00:02.076080,0:00:00.008700
topic2 ,PUB,9,2,14:23:48.245891,14:23:48.248049,0:00:02.091001,0:00:00.014921
topic2 ,PUB,9,3,14:23:48.259652,14:23:48.264776,0:00:02.107728,0:00:00.016727
topic2 ,PUB,9,4,14:23:48.287347,14:23:48.291210,0:00:02.134162,0:00:00.026434
topic2 ,PUB,9,5,14:23:48.300080,14:23:48.301311,0:00:02.144263,0:00:00.010101
topic2 ,PUB,9,6,14:23:48.310670,14:23:48.313988,0:00:02.156940,0:00:00.012677
topic2 ,PUB,9,7,14:23:48.329707,14:23:48.332646,0:00:02.175598,0:00:00.018658
topic2 ,PUB,9,8,14:23:48.345200,14:23:48.354205,0:00:02.197157,0:00:00.021559
topic2 ,PUB,9,9,14:23:48.356147,14:23:48.357229,0:00:02.200181,0:00:00.003024
topic2 ,PUB,9,10,14:23:48.366711,14:23:48.376736,0:00:02.219688,0:00:00.019507
topic2 ,PUB,9,11,14:23:48.384439,14:23:48.386134,0:00:02.229086,0:00:00.009398
topic2 ,PUB,9,12,14:23:48.394920,14:23:48.398097,0:00:02.241049,0:00:00.011963
topic2 ,PUB,9,13,14:23:48.408545,14:23:48.412317,0:00:02.255269,0:00:00.014220
topic2 ,PUB,9,14,14:23:48.419087,14:23:48.421521,0:00:02.264473,0:00:00.009204
topic2 ,PUB,9,15,14:23:48.431967,14:23:48.433231,0:00:02.276183,0:00:00.011710
topic2 ,PUB,9,16,14:23:48.449643,14:23:48.452571,0:00:02.295523,0:00:00.019340
topic2 ,PUB,9,17,14:23:48.460178,14:23:48.463057,0:00:02.306009,0:00:00.010486
topic2 ,PUB,9,18,14:23:48.474002,14:23:48.477638,0:00:02.320590,0:00:00.014581
topic2 ,PUB,9,19,14:23:48.484971,14:23:48.487949,0:00:02.330901,0:00:00.010311
topic2 ,PUB,9,20,14:23:48.495881,14:23:48.498235,0:00:02.341187,0:00:00.010286
topic2 ,PUB,9,21,14:23:48.515512,14:23:48.521878,0:00:02.364830,0:00:00.023643
topic2 ,PUB,9,22,14:23:48.531968,14:23:48.534357,0:00:02.377309,0:00:00.012479
topic2 ,PUB,9,23,14:23:48.550721,14:23:48.556766,0:00:02.399718,0:00:00.022409
topic2 ,PUB,9,24,14:23:48.563898,14:23:48.566824,0:00:02.409776,0:00:00.010058
topic2 ,PUB,9,25,14:23:48.574325,14:23:48.585807,0:00:02.428759,0:00:00.018983
topic2 ,PUB,9,26,14:23:48.586367,14:23:48.594119,0:00:02.437071,0:00:00.008312
topic2 ,PUB,9,27,14:23:48.612928,14:23:48.616060,0:00:02.459012,0:00:00.021941
topic2 ,PUB,9,28,14:23:48.632063,14:23:48.635763,0:00:02.478715,0:00:00.019703
topic2 ,PUB,9,29,14:23:48.651621,14:23:48.653723,0:00:02.496675,0:00:00.017960
topic2 ,PUB,9,30,14:23:48.664219,14:23:48.681314,0:00:02.524266,0:00:00.027591
topic2 ,PUB,9,31,14:23:48.696473,14:23:48.708440,0:00:02.551392,0:00:00.027126
topic2 ,PUB,9,32,14:23:48.713678,14:23:48.716994,0:00:02.559946,0:00:00.008554
topic2 ,PUB,9,33,14:23:48.775788,14:23:48.778459,0:00:02.621411,0:00:00.061465
topic2 ,PUB,9,34,14:23:48.818911,14:23:48.821900,0:00:02.664852,0:00:00.043441
topic2 ,PUB,9,35,14:23:48.857245,14:23:48.860090,0:00:02.703042,0:00:00.038190
topic2 ,PUB,9,36,14:23:49.001591,14:23:49.003597,0:00:02.846549,0:00:00.143507
topic2 ,PUB,9,37,14:23:49.012981,14:23:49.019631,0:00:02.862583,0:00:00.016034
topic2 ,PUB,9,38,14:23:49.028130,14:23:49.029277,0:00:02.872229,0:00:00.009646
topic2 ,PUB,9,39,14:23:49.038734,14:23:49.044257,0:00:02.887209,0:00:00.014980
topic2 ,PUB,9,40,14:23:49.051154,14:23:49.055975,0:00:02.898927,0:00:00.011718
topic2 ,PUB,9,41,14:23:49.063127,14:23:49.065309,0:00:02.908261,0:00:00.009334
topic2 ,PUB,9,42,14:23:49.075529,14:23:49.081859,0:00:02.924811,0:00:00.016550
topic2 ,PUB,9,43,14:23:49.088017,14:23:49.093013,0:00:02.935965,0:00:00.011154
topic2 ,PUB,9,44,14:23:49.098881,14:23:49.103170,0:00:02.946122,0:00:00.010157
topic2 ,PUB,9,45,14:23:49.109546,14:23:49.110809,0:00:02.953761,0:00:00.007639
topic2 ,PUB,9,46,14:23:49.120530,14:23:49.125958,0:00:02.968910,0:00:00.015149
topic2 ,PUB,9,47,14:23:49.131751,14:23:49.134456,0:00:02.977408,0:00:00.008498
topic2 ,PUB,9,48,14:23:49.144296,14:23:49.145290,0:00:02.988242,0:00:00.010834
topic2 ,PUB,9,49,14:23:49.156837,14:23:49.160970,0:00:03.003922,0:00:00.015680
topic2 ,PUB,9,50,14:23:49.170178,14:23:49.174415,0:00:03.017367,0:00:00.013445
topic2 ,PUB,9,51,14:23:49.188533,14:23:49.197591,0:00:03.040543,0:00:00.023176
topic2 ,PUB,9,52,14:23:49.203578,14:23:49.207353,0:00:03.050305,0:00:00.009762
topic2 ,PUB,9,53,14:23:49.214830,14:23:49.218286,0:00:03.061238,0:00:00.010933
topic2 ,PUB,9,54,14:23:49.226228,14:23:49.227388,0:00:03.070340,0:00:00.009102
topic2 ,PUB,9,55,14:23:49.253032,14:23:49.257018,0:00:03.099970,0:00:00.029630
topic2 ,PUB,9,56,14:23:49.268404,14:23:49.269589,0:00:03.112541,0:00:00.012571
topic2 ,PUB,9,57,14:23:49.280396,14:23:49.281561,0:00:03.124513,0:00:00.011972
topic2 ,PUB,9,58,14:23:49.291183,14:23:49.296443,0:00:03.139395,0:00:00.014882
topic2 ,PUB,9,59,14:23:49.302476,14:23:49.306757,0:00:03.149709,0:00:00.010314
topic2 ,PUB,9,60,14:23:49.314024,14:23:49.318259,0:00:03.161211,0:00:00.011502
topic2 ,PUB,9,61,14:23:49.333248,14:23:49.336064,0:00:03.179016,0:00:00.017805
topic2 ,PUB,9,62,14:23:49.345826,14:23:49.346964,0:00:03.189916,0:00:00.010900
topic2 ,PUB,9,63,14:23:49.361663,14:23:49.364272,0:00:03.207224,0:00:00.017308
topic2 ,PUB,9,64,14:23:49.373610,14:23:49.379715,0:00:03.222667,0:00:00.015443
topic2 ,PUB,9,65,14:23:49.384997,14:23:49.385924,0:00:03.228876,0:00:00.006209
topic2 ,PUB,9,66,14:23:49.396062,14:23:49.396773,0:00:03.239725,0:00:00.010849
topic2 ,PUB,9,67,14:23:49.409677,14:23:49.411858,0:00:03.254810,0:00:00.015085
topic2 ,PUB,9,68,14:23:49.420301,14:23:49.422704,0:00:03.265656,0:00:00.010846
topic2 ,PUB,9,69,14:23:49.431082,14:23:49.440994,0:00:03.283946,0:00:00.018290
topic2 ,PUB,9,70,14:23:49.442849,14:23:49.447044,0:00:03.289996,0:00:00.006050
topic2 ,PUB,9,71,14:23:49.454343,14:23:49.457816,0:00:03.300768,0:00:00.010772
topic2 ,PUB,9,72,14:23:49.469154,14:23:49.471319,0:00:03.314271,0:00:00.013503
topic2 ,PUB,9,73,14:23:49.479700,14:23:49.481678,0:00:03.324630,0:00:00.010359
topic2 ,PUB,9,74,14:23:49.490580,14:23:49.493030,0:00:03.335982,0:00:00.011352
topic2 ,PUB,9,75,14:23:49.502988,14:23:49.506762,0:00:03.349714,0:00:00.013732
topic2 ,PUB,9,76,14:23:49.520972,14:23:49.524350,0:00:03.367302,0:00:00.017588
topic2 ,PUB,9,77,14:23:49.532649,14:23:49.534392,0:00:03.377344,0:00:00.010042
topic2 ,PUB,9,78,14:23:49.543709,14:23:49.545374,0:00:03.388326,0:00:00.010982
topic2 ,PUB,9,79,14:23:49.554604,14:23:49.556239,0:00:03.399191,0:00:00.010865
topic2 ,PUB,9,80,14:23:49.565491,14:23:49.567138,0:00:03.410090,0:00:00.010899
topic2 ,PUB,9,81,14:23:49.576956,14:23:49.578787,0:00:03.421739,0:00:00.011649
topic2 ,PUB,9,82,14:23:49.587718,14:23:49.590184,0:00:03.433136,0:00:00.011397
topic2 ,PUB,9,83,14:23:49.598609,14:23:49.601334,0:00:03.444286,0:00:00.011150
topic2 ,PUB,9,84,14:23:49.609449,14:23:49.611192,0:00:03.454144,0:00:00.009858
topic2 ,PUB,9,85,14:23:49.620004,14:23:49.627918,0:00:03.470870,0:00:00.016726
topic2 ,PUB,9,86,14:23:49.632607,14:23:49.634765,0:00:03.477717,0:00:00.006847
topic2 ,PUB,9,87,14:23:49.644074,14:23:49.645504,0:00:03.488456,0:00:00.010739
topic2 ,PUB,9,88,14:23:49.655198,14:23:49.658903,0:00:03.501855,0:00:00.013399
topic2 ,PUB,9,89,14:23:49.677718,14:23:49.681317,0:00:03.524269,0:00:00.022414
topic2 ,PUB,9,90,14:23:49.689015,14:23:49.690411,0:00:03.533363,0:00:00.009094
topic2 ,PUB,9,91,14:23:49.699872,14:23:49.701468,0:00:03.544420,0:00:00.011057
topic2 ,PUB,9,92,14:23:49.711234,14:23:49.713282,0:00:03.556234,0:00:00.011814
topic2 ,PUB,9,93,14:23:49.722482,14:23:49.724530,0:00:03.567482,0:00:00.011248
topic2 ,PUB,9,94,14:23:49.733095,14:23:49.734716,0:00:03.577668,0:00:00.010186
topic2 ,PUB,9,95,14:23:49.745090,14:23:49.747552,0:00:03.590504,0:00:00.012836
topic2 ,PUB,9,96,14:23:49.755759,14:23:49.761346,0:00:03.604298,0:00:00.013794
topic2 ,PUB,9,97,14:23:49.766609,14:23:49.769034,0:00:03.611986,0:00:00.007688
topic2 ,PUB,9,98,14:23:49.777713,14:23:49.779566,0:00:03.622518,0:00:00.010532
topic2 ,PUB,9,99,14:23:49.788267,14:23:49.790352,0:00:03.633304,0:00:00.010786
topic2 ,PUB,9,100,14:23:49.799110,14:23:49.802190,0:00:03.645142,0:00:00.011838
topic2 ,PUB,9,101,14:23:49.812655,14:23:49.814792,0:00:03.657744,0:00:00.012602
topic2 ,PUB,9,102,14:23:49.823225,14:23:49.825851,0:00:03.668803,0:00:00.011059
topic2 ,PUB,9,103,14:23:49.835374,14:23:49.837363,0:00:03.680315,0:00:00.011512
topic2 ,PUB,9,104,14:23:49.847836,14:23:49.850793,0:00:03.693745,0:00:00.013430
topic2 ,PUB,9,105,14:23:49.868371,14:23:49.872038,0:00:03.714990,0:00:00.021245
topic2 ,PUB,9,106,14:23:49.879454,14:23:49.881719,0:00:03.724671,0:00:00.009681
topic2 ,PUB,9,107,14:23:49.891020,14:23:49.892772,0:00:03.735724,0:00:00.011053
topic2 ,PUB,9,108,14:23:49.902593,14:23:49.904308,0:00:03.747260,0:00:00.011536
topic2 ,PUB,9,109,14:23:49.913235,14:23:49.914995,0:00:03.757947,0:00:00.010687
topic2 ,PUB,9,110,14:23:49.923786,14:23:49.925867,0:00:03.768819,0:00:00.010872
topic2 ,PUB,9,111,14:23:49.934842,14:23:49.936649,0:00:03.779601,0:00:00.010782
topic2 ,PUB,9,112,14:23:49.946787,14:23:49.949098,0:00:03.792050,0:00:00.012449
topic2 ,PUB,9,113,14:23:49.957361,14:23:49.959747,0:00:03.802699,0:00:00.010649
topic2 ,PUB,9,114,14:23:49.968486,14:23:49.970645,0:00:03.813597,0:00:00.010898
topic2 ,PUB,9,115,14:23:49.979505,14:23:49.981118,0:00:03.824070,0:00:00.010473
topic2 ,PUB,9,116,14:23:49.990423,14:23:49.992591,0:00:03.835543,0:00:00.011473
topic2 ,PUB,9,117,14:23:50.001068,14:23:50.002816,0:00:03.845768,0:00:00.010225
topic2 ,PUB,9,118,14:23:50.011629,14:23:50.013176,0:00:03.856128,0:00:00.010360
topic2 ,PUB,9,119,14:23:50.023275,14:23:50.025691,0:00:03.868643,0:00:00.012515
topic2 ,PUB,9,120,14:23:50.034311,14:23:50.036270,0:00:03.879222,0:00:00.010579
topic2 ,PUB,9,121,14:23:50.045005,14:23:50.048680,0:00:03.891632,0:00:00.012410
topic2 ,PUB,9,122,14:23:50.056304,14:23:50.057709,0:00:03.900661,0:00:00.009029
topic2 ,PUB,9,123,14:23:50.066617,14:23:50.068503,0:00:03.911455,0:00:00.010794
topic2 ,PUB,9,124,14:23:50.077011,14:23:50.078289,0:00:03.921241,0:00:00.009786
topic2 ,PUB,9,125,14:23:50.087815,14:23:50.089475,0:00:03.932427,0:00:00.011186
topic2 ,PUB,9,126,14:23:50.098567,14:23:50.100597,0:00:03.943549,0:00:00.011122
topic2 ,PUB,9,127,14:23:50.110467,14:23:50.113349,0:00:03.956301,0:00:00.012752
topic2 ,PUB,9,128,14:23:50.121607,14:23:50.126598,0:00:03.969550,0:00:00.013249
topic2 ,PUB,9,129,14:23:50.132891,14:23:50.134301,0:00:03.977253,0:00:00.007703
topic2 ,PUB,9,130,14:23:50.143632,14:23:50.144556,0:00:03.987508,0:00:00.010255
topic2 ,PUB,9,131,14:23:50.157646,14:23:50.158450,0:00:04.001402,0:00:00.013894
topic2 ,PUB,9,132,14:23:50.188882,14:23:50.190452,0:00:04.033404,0:00:00.032002
topic2 ,PUB,9,133,14:23:50.200568,14:23:50.202915,0:00:04.045867,0:00:00.012463
topic2 ,PUB,9,134,14:23:50.211647,14:23:50.214108,0:00:04.057060,0:00:00.011193
topic2 ,PUB,9,135,14:23:50.237247,14:23:50.240475,0:00:04.083427,0:00:00.026367
topic2 ,PUB,9,136,14:23:50.247943,14:23:50.249183,0:00:04.092135,0:00:00.008708
topic2 ,PUB,9,137,14:23:50.259909,14:23:50.261639,0:00:04.104591,0:00:00.012456
topic2 ,PUB,9,138,14:23:50.270756,14:23:50.272593,0:00:04.115545,0:00:00.010954
topic2 ,PUB,9,139,14:23:50.282249,14:23:50.283489,0:00:04.126441,0:00:00.010896
topic2 ,PUB,9,140,14:23:50.293617,14:23:50.295024,0:00:04.137976,0:00:00.011535
topic2 ,PUB,9,141,14:23:50.304582,14:23:50.305929,0:00:04.148881,0:00:00.010905
topic2 ,PUB,9,142,14:23:50.316708,14:23:50.320173,0:00:04.163125,0:00:00.014244
topic2 ,PUB,9,143,14:23:50.328516,14:23:50.333436,0:00:04.176388,0:00:00.013263
topic2 ,PUB,9,144,14:23:50.354298,14:23:50.357181,0:00:04.200133,0:00:00.023745
topic2 ,PUB,9,145,14:23:50.366175,14:23:50.368259,0:00:04.211211,0:00:00.011078
topic2 ,PUB,9,146,14:23:50.381709,14:23:50.383871,0:00:04.226823,0:00:00.015612
topic2 ,PUB,9,147,14:23:50.394875,14:23:50.397163,0:00:04.240115,0:00:00.013292
topic2 ,PUB,9,148,14:23:50.410273,14:23:50.413089,0:00:04.256041,0:00:00.015926
topic2 ,PUB,9,149,14:23:50.421006,14:23:50.422619,0:00:04.265571,0:00:00.009530
topic2 ,PUB,9,150,14:23:50.431760,14:23:50.434668,0:00:04.277620,0:00:00.012049
topic2 ,PUB,9,151,14:23:50.442966,14:23:50.444551,0:00:04.287503,0:00:00.009883
topic2 ,PUB,9,152,14:23:50.454408,14:23:50.456372,0:00:04.299324,0:00:00.011821
topic2 ,PUB,9,153,14:23:50.464727,14:23:50.465727,0:00:04.308679,0:00:00.009355
topic2 ,PUB,9,154,14:23:50.475516,14:23:50.477771,0:00:04.320723,0:00:00.012044
topic2 ,PUB,9,155,14:23:50.486217,14:23:50.487693,0:00:04.330645,0:00:00.009922
topic2 ,PUB,9,156,14:23:50.496980,14:23:50.499520,0:00:04.342472,0:00:00.011827
topic2 ,PUB,9,157,14:23:50.508069,14:23:50.509021,0:00:04.351973,0:00:00.009501
topic2 ,PUB,9,158,14:23:50.518509,14:23:50.521368,0:00:04.364320,0:00:00.012347
topic2 ,PUB,9,159,14:23:50.529220,14:23:50.532139,0:00:04.375091,0:00:00.010771
topic2 ,PUB,9,160,14:23:50.540348,14:23:50.542143,0:00:04.385095,0:00:00.010004
topic2 ,PUB,9,161,14:23:50.551992,14:23:50.553010,0:00:04.395962,0:00:00.010867
topic2 ,PUB,9,162,14:23:50.564863,14:23:50.568168,0:00:04.411120,0:00:00.015158
topic2 ,PUB,9,163,14:23:50.575927,14:23:50.578716,0:00:04.421668,0:00:00.010548
topic2 ,PUB,9,164,14:23:50.590170,14:23:50.592194,0:00:04.435146,0:00:00.013478
topic2 ,PUB,9,165,14:23:50.605178,14:23:50.606892,0:00:04.449844,0:00:00.014698
topic2 ,PUB,9,166,14:23:50.618154,14:23:50.623908,0:00:04.466860,0:00:00.017016
topic2 ,PUB,9,167,14:23:50.636597,14:23:50.637875,0:00:04.480827,0:00:00.013967
topic2 ,PUB,9,168,14:23:50.648628,14:23:50.650074,0:00:04.493026,0:00:00.012199
topic2 ,PUB,9,169,14:23:50.659209,14:23:50.660410,0:00:04.503362,0:00:00.010336
topic2 ,PUB,9,170,14:23:50.671823,14:23:50.672873,0:00:04.515825,0:00:00.012463
topic2 ,PUB,9,171,14:23:50.682427,14:23:50.683834,0:00:04.526786,0:00:00.010961
topic2 ,PUB,9,172,14:23:50.693602,14:23:50.697849,0:00:04.540801,0:00:00.014015
topic2 ,PUB,9,173,14:23:50.704441,14:23:50.705523,0:00:04.548475,0:00:00.007674
topic2 ,PUB,9,174,14:23:50.724851,14:23:50.730194,0:00:04.573146,0:00:00.024671
topic2 ,PUB,9,175,14:23:50.736270,14:23:50.738656,0:00:04.581608,0:00:00.008462
topic2 ,PUB,9,176,14:23:50.747030,14:23:50.748740,0:00:04.591692,0:00:00.010084
topic2 ,PUB,9,177,14:23:50.758293,14:23:50.762085,0:00:04.605037,0:00:00.013345
topic2 ,PUB,9,178,14:23:50.768916,14:23:50.770516,0:00:04.613468,0:00:00.008431
topic2 ,PUB,9,179,14:23:50.779325,14:23:50.780807,0:00:04.623759,0:00:00.010291
topic2 ,PUB,9,180,14:23:50.791977,14:23:50.793409,0:00:04.636361,0:00:00.012602
topic2 ,PUB,9,181,14:23:50.804295,14:23:50.805345,0:00:04.648297,0:00:00.011936
topic2 ,PUB,9,182,14:23:50.824104,14:23:50.825548,0:00:04.668500,0:00:00.020203
topic2 ,PUB,9,183,14:23:50.835066,14:23:50.837466,0:00:04.680418,0:00:00.011918
topic2 ,PUB,9,184,14:23:50.848184,14:23:50.849562,0:00:04.692514,0:00:00.012096
topic2 ,PUB,9,185,14:23:50.860299,14:23:50.861364,0:00:04.704316,0:00:00.011802
topic2 ,PUB,9,186,14:23:50.870822,14:23:50.873015,0:00:04.715967,0:00:00.011651
topic2 ,PUB,9,187,14:23:50.894130,14:23:50.897478,0:00:04.740430,0:00:00.024463
topic2 ,PUB,9,188,14:23:50.904497,14:23:50.906561,0:00:04.749513,0:00:00.009083
topic2 ,PUB,9,189,14:23:50.915086,14:23:50.917435,0:00:04.760387,0:00:00.010874
topic2 ,PUB,9,190,14:23:50.926607,14:23:50.928240,0:00:04.771192,0:00:00.010805
topic2 ,PUB,9,191,14:23:50.937439,14:23:50.938969,0:00:04.781921,0:00:00.010729
topic2 ,PUB,9,192,14:23:50.951165,14:23:50.952797,0:00:04.795749,0:00:00.013828
topic2 ,PUB,9,193,14:23:50.981529,14:23:50.982477,0:00:04.825429,0:00:00.029680
topic2 ,PUB,9,194,14:23:50.992483,14:23:50.994528,0:00:04.837480,0:00:00.012051
topic2 ,PUB,9,195,14:23:51.005878,14:23:51.007642,0:00:04.850594,0:00:00.013114
topic2 ,PUB,9,196,14:23:51.024447,14:23:51.026311,0:00:04.869263,0:00:00.018669
topic2 ,PUB,9,197,14:23:51.037741,14:23:51.045978,0:00:04.888930,0:00:00.019667
topic2 ,PUB,9,198,14:23:51.058536,14:23:51.061087,0:00:04.904039,0:00:00.015109
topic2 ,PUB,9,199,14:23:51.069218,14:23:51.070622,0:00:04.913574,0:00:00.009535
hello now
use broker False
not using broker
initiating discovery client connection
tcp://10.0.0.1:5557
discovery client connection broadcast
dicts None found
None found
# starting loop
waiting for publishers... 0
initiating discovery client connection
tcp://10.0.0.1:5557
discovery client connection broadcast
dicts {"7": "10.0.0.7", "8": "10.0.0.8", "9": "10.0.0.9"}
pubs {'7': '10.0.0.7', '8': '10.0.0.8', '9': '10.0.0.9'} key 7
key 7 value 10.0.0.7 tcp://10.0.0.7:5556
topic2 ,PUB,7,0,14:25:08.518905,14:25:08.520927,0:00:02.097415,0:00:02.097415
topic2 ,PUB,7,1,14:25:08.535567,14:25:08.538169,0:00:02.114657,0:00:00.017242
topic2 ,PUB,7,2,14:25:08.546599,14:25:08.548599,0:00:02.125087,0:00:00.010430
topic2 ,PUB,7,3,14:25:08.557895,14:25:08.559732,0:00:02.136220,0:00:00.011133
topic2 ,PUB,7,4,14:25:08.568567,14:25:08.572183,0:00:02.148671,0:00:00.012451
topic2 ,PUB,7,5,14:25:08.580011,14:25:08.582474,0:00:02.158962,0:00:00.010291
topic2 ,PUB,7,6,14:25:08.590583,14:25:08.591762,0:00:02.168250,0:00:00.009288
topic2 ,PUB,7,7,14:25:08.601151,14:25:08.602670,0:00:02.179158,0:00:00.010908
topic2 ,PUB,7,8,14:25:08.612153,14:25:08.612957,0:00:02.189445,0:00:00.010287
topic2 ,PUB,7,9,14:25:08.622782,14:25:08.624373,0:00:02.200861,0:00:00.011416
topic2 ,PUB,7,10,14:25:08.633647,14:25:08.634892,0:00:02.211380,0:00:00.010519
topic2 ,PUB,7,11,14:25:08.645542,14:25:08.648100,0:00:02.224588,0:00:00.013208
topic2 ,PUB,7,12,14:25:08.657549,14:25:08.661720,0:00:02.238208,0:00:00.013620
topic2 ,PUB,7,13,14:25:08.670038,14:25:08.672223,0:00:02.248711,0:00:00.010503
topic2 ,PUB,7,14,14:25:08.680497,14:25:08.682883,0:00:02.259371,0:00:00.010660
topic2 ,PUB,7,15,14:25:08.691183,14:25:08.692636,0:00:02.269124,0:00:00.009753
topic2 ,PUB,7,16,14:25:08.703943,14:25:08.705357,0:00:02.281845,0:00:00.012721
topic2 ,PUB,7,17,14:25:08.714947,14:25:08.716908,0:00:02.293396,0:00:00.011551
topic2 ,PUB,7,18,14:25:08.729690,14:25:08.731027,0:00:02.307515,0:00:00.014119
topic2 ,PUB,7,19,14:25:08.740299,14:25:08.743187,0:00:02.319675,0:00:00.012160
topic2 ,PUB,7,20,14:25:08.771406,14:25:08.773484,0:00:02.349972,0:00:00.030297
topic2 ,PUB,7,21,14:25:08.783604,14:25:08.785553,0:00:02.362041,0:00:00.012069
topic2 ,PUB,7,22,14:25:08.796204,14:25:08.798723,0:00:02.375211,0:00:00.013170
topic2 ,PUB,7,23,14:25:08.809075,14:25:08.810746,0:00:02.387234,0:00:00.012023
topic2 ,PUB,7,24,14:25:08.821455,14:25:08.823838,0:00:02.400326,0:00:00.013092
topic2 ,PUB,7,25,14:25:08.832164,14:25:08.833867,0:00:02.410355,0:00:00.010029
topic2 ,PUB,7,26,14:25:08.843576,14:25:08.846674,0:00:02.423162,0:00:00.012807
topic2 ,PUB,7,27,14:25:08.854966,14:25:08.856567,0:00:02.433055,0:00:00.009893
topic2 ,PUB,7,28,14:25:08.866088,14:25:08.868130,0:00:02.444618,0:00:00.011563
topic2 ,PUB,7,29,14:25:08.876830,14:25:08.878659,0:00:02.455147,0:00:00.010529
topic2 ,PUB,7,30,14:25:08.887396,14:25:08.888979,0:00:02.465467,0:00:00.010320
topic2 ,PUB,7,31,14:25:08.897955,14:25:08.900962,0:00:02.477450,0:00:00.011983
topic2 ,PUB,7,32,14:25:08.908886,14:25:08.910295,0:00:02.486783,0:00:00.009333
topic2 ,PUB,7,33,14:25:08.919581,14:25:08.920996,0:00:02.497484,0:00:00.010701
topic2 ,PUB,7,34,14:25:08.930366,14:25:08.931855,0:00:02.508343,0:00:00.010859
topic2 ,PUB,7,35,14:25:08.941041,14:25:08.942590,0:00:02.519078,0:00:00.010735
topic2 ,PUB,7,36,14:25:08.951965,14:25:08.953346,0:00:02.529834,0:00:00.010756
topic2 ,PUB,7,37,14:25:08.962301,14:25:08.963200,0:00:02.539688,0:00:00.009854
topic2 ,PUB,7,38,14:25:08.973306,14:25:08.974956,0:00:02.551444,0:00:00.011756
topic2 ,PUB,7,39,14:25:08.983631,14:25:08.985678,0:00:02.562166,0:00:00.010722
topic2 ,PUB,7,40,14:25:08.994867,14:25:08.996141,0:00:02.572629,0:00:00.010463
topic2 ,PUB,7,41,14:25:09.006439,14:25:09.009311,0:00:02.585799,0:00:00.013170
topic2 ,PUB,7,42,14:25:09.016868,14:25:09.018189,0:00:02.594677,0:00:00.008878
topic2 ,PUB,7,43,14:25:09.028387,14:25:09.032451,0:00:02.608939,0:00:00.014262
topic2 ,PUB,7,44,14:25:09.042422,14:25:09.044618,0:00:02.621106,0:00:00.012167
topic2 ,PUB,7,45,14:25:09.053079,14:25:09.055325,0:00:02.631813,0:00:00.010707
topic2 ,PUB,7,46,14:25:09.063452,14:25:09.065017,0:00:02.641505,0:00:00.009692
topic2 ,PUB,7,47,14:25:09.080358,14:25:09.083698,0:00:02.660186,0:00:00.018681
topic2 ,PUB,7,48,14:25:09.112333,14:25:09.116557,0:00:02.693045,0:00:00.032859
topic2 ,PUB,7,49,14:25:09.125440,14:25:09.126910,0:00:02.703398,0:00:00.010353
topic2 ,PUB,7,50,14:25:09.136156,14:25:09.138445,0:00:02.714933,0:00:00.011535
topic2 ,PUB,7,51,14:25:09.147914,14:25:09.152081,0:00:02.728569,0:00:00.013636
topic2 ,PUB,7,52,14:25:09.159111,14:25:09.170719,0:00:02.747207,0:00:00.018638
topic2 ,PUB,7,53,14:25:09.170776,14:25:09.174651,0:00:02.751139,0:00:00.003932
topic2 ,PUB,7,54,14:25:09.214529,14:25:09.216475,0:00:02.792963,0:00:00.041824
topic2 ,PUB,7,55,14:25:09.239135,14:25:09.242541,0:00:02.819029,0:00:00.026066
topic2 ,PUB,7,56,14:25:09.251551,14:25:09.253429,0:00:02.829917,0:00:00.010888
topic2 ,PUB,7,57,14:25:09.267656,14:25:09.270031,0:00:02.846519,0:00:00.016602
topic2 ,PUB,7,58,14:25:09.287446,14:25:09.290785,0:00:02.867273,0:00:00.020754
topic2 ,PUB,7,59,14:25:09.298388,14:25:09.301689,0:00:02.878177,0:00:00.010904
topic2 ,PUB,7,60,14:25:09.310277,14:25:09.313349,0:00:02.889837,0:00:00.011660
topic2 ,PUB,7,61,14:25:09.323240,14:25:09.326859,0:00:02.903347,0:00:00.013510
topic2 ,PUB,7,62,14:25:09.338876,14:25:09.342094,0:00:02.918582,0:00:00.015235
topic2 ,PUB,7,63,14:25:09.350831,14:25:09.352405,0:00:02.928893,0:00:00.010311
topic2 ,PUB,7,64,14:25:09.362190,14:25:09.364955,0:00:02.941443,0:00:00.012550
topic2 ,PUB,7,65,14:25:09.374043,14:25:09.382107,0:00:02.958595,0:00:00.017152
topic2 ,PUB,7,66,14:25:09.389242,14:25:09.394612,0:00:02.971100,0:00:00.012505
topic2 ,PUB,7,67,14:25:09.400417,14:25:09.402010,0:00:02.978498,0:00:00.007398
topic2 ,PUB,7,68,14:25:09.411681,14:25:09.413660,0:00:02.990148,0:00:00.011650
topic2 ,PUB,7,69,14:25:09.422832,14:25:09.424814,0:00:03.001302,0:00:00.011154
topic2 ,PUB,7,70,14:25:09.434619,14:25:09.437901,0:00:03.014389,0:00:00.013087
topic2 ,PUB,7,71,14:25:09.445048,14:25:09.447251,0:00:03.023739,0:00:00.009350
topic2 ,PUB,7,72,14:25:09.456065,14:25:09.457958,0:00:03.034446,0:00:00.010707
topic2 ,PUB,7,73,14:25:09.466694,14:25:09.469241,0:00:03.045729,0:00:00.011283
topic2 ,PUB,7,74,14:25:09.477817,14:25:09.479552,0:00:03.056040,0:00:00.010311
topic2 ,PUB,7,75,14:25:09.488483,14:25:09.492335,0:00:03.068823,0:00:00.012783
topic2 ,PUB,7,76,14:25:09.500070,14:25:09.502699,0:00:03.079187,0:00:00.010364
topic2 ,PUB,7,77,14:25:09.510902,14:25:09.513895,0:00:03.090383,0:00:00.011196
topic2 ,PUB,7,78,14:25:09.521829,14:25:09.525774,0:00:03.102262,0:00:00.011879
topic2 ,PUB,7,79,14:25:09.534437,14:25:09.538395,0:00:03.114883,0:00:00.012621
topic2 ,PUB,7,80,14:25:09.545669,14:25:09.549248,0:00:03.125736,0:00:00.010853
topic2 ,PUB,7,81,14:25:09.556453,14:25:09.558363,0:00:03.134851,0:00:00.009115
topic2 ,PUB,7,82,14:25:09.568286,14:25:09.571235,0:00:03.147723,0:00:00.012872
topic2 ,PUB,7,83,14:25:09.579090,14:25:09.583072,0:00:03.159560,0:00:00.011837
topic2 ,PUB,7,84,14:25:09.591626,14:25:09.593550,0:00:03.170038,0:00:00.010478
topic2 ,PUB,7,85,14:25:09.603609,14:25:09.609151,0:00:03.185639,0:00:00.015601
topic2 ,PUB,7,86,14:25:09.614575,14:25:09.621004,0:00:03.197492,0:00:00.011853
topic2 ,PUB,7,87,14:25:09.626406,14:25:09.629537,0:00:03.206025,0:00:00.008533
topic2 ,PUB,7,88,14:25:09.639603,14:25:09.644573,0:00:03.221061,0:00:00.015036
topic2 ,PUB,7,89,14:25:09.652278,14:25:09.684067,0:00:03.260555,0:00:00.039494
topic2 ,PUB,7,90,14:25:09.681353,14:25:09.684632,0:00:03.261120,0:00:00.000565
topic2 ,PUB,7,91,14:25:09.692953,14:25:09.696070,0:00:03.272558,0:00:00.011438
topic2 ,PUB,7,92,14:25:09.704349,14:25:09.711823,0:00:03.288311,0:00:00.015753
topic2 ,PUB,7,93,14:25:09.715678,14:25:09.725999,0:00:03.302487,0:00:00.014176
topic2 ,PUB,7,94,14:25:09.726641,14:25:09.731145,0:00:03.307633,0:00:00.005146
topic2 ,PUB,7,95,14:25:09.737469,14:25:09.740083,0:00:03.316571,0:00:00.008938
topic2 ,PUB,7,96,14:25:09.748865,14:25:09.750981,0:00:03.327469,0:00:00.010898
topic2 ,PUB,7,97,14:25:09.759848,14:25:09.770305,0:00:03.346793,0:00:00.019324
topic2 ,PUB,7,98,14:25:09.770945,14:25:09.786113,0:00:03.362601,0:00:00.015808
topic2 ,PUB,7,99,14:25:09.782228,14:25:09.786390,0:00:03.362878,0:00:00.000277
topic2 ,PUB,7,100,14:25:09.793170,14:25:09.797069,0:00:03.373557,0:00:00.010679
topic2 ,PUB,7,101,14:25:09.804593,14:25:09.807957,0:00:03.384445,0:00:00.010888
topic2 ,PUB,7,102,14:25:09.815679,14:25:09.818926,0:00:03.395414,0:00:00.010969
topic2 ,PUB,7,103,14:25:09.829761,14:25:09.835765,0:00:03.412253,0:00:00.016839
topic2 ,PUB,7,104,14:25:09.848217,14:25:09.851803,0:00:03.428291,0:00:00.016038
topic2 ,PUB,7,105,14:25:09.859860,14:25:09.862602,0:00:03.439090,0:00:00.010799
topic2 ,PUB,7,106,14:25:09.871121,14:25:09.874046,0:00:03.450534,0:00:00.011444
topic2 ,PUB,7,107,14:25:09.883107,14:25:09.888724,0:00:03.465212,0:00:00.014678
topic2 ,PUB,7,108,14:25:09.901129,14:25:09.904940,0:00:03.481428,0:00:00.016216
topic2 ,PUB,7,109,14:25:09.912294,14:25:09.914741,0:00:03.491229,0:00:00.009801
topic2 ,PUB,7,110,14:25:09.922891,14:25:09.925661,0:00:03.502149,0:00:00.010920
topic2 ,PUB,7,111,14:25:09.934004,14:25:09.937351,0:00:03.513839,0:00:00.011690
topic2 ,PUB,7,112,14:25:09.945029,14:25:09.947522,0:00:03.524010,0:00:00.010171
topic2 ,PUB,7,113,14:25:09.955925,14:25:09.958242,0:00:03.534730,0:00:00.010720
topic2 ,PUB,7,114,14:25:09.967064,14:25:09.969708,0:00:03.546196,0:00:00.011466
topic2 ,PUB,7,115,14:25:09.978704,14:25:09.981106,0:00:03.557594,0:00:00.011398
topic2 ,PUB,7,116,14:25:09.992157,14:25:09.994686,0:00:03.571174,0:00:00.013580
topic2 ,PUB,7,117,14:25:10.003995,14:25:10.005893,0:00:03.582381,0:00:00.011207
topic2 ,PUB,7,118,14:25:10.015587,14:25:10.017743,0:00:03.594231,0:00:00.011850
topic2 ,PUB,7,119,14:25:10.029034,14:25:10.030726,0:00:03.607214,0:00:00.012983
topic2 ,PUB,7,120,14:25:10.042217,14:25:10.045663,0:00:03.622151,0:00:00.014937
topic2 ,PUB,7,121,14:25:10.052888,14:25:10.054924,0:00:03.631412,0:00:00.009261
topic2 ,PUB,7,122,14:25:10.069056,14:25:10.071879,0:00:03.648367,0:00:00.016955
topic2 ,PUB,7,123,14:25:10.084071,14:25:10.086435,0:00:03.662923,0:00:00.014556
topic2 ,PUB,7,124,14:25:10.095881,14:25:10.098205,0:00:03.674693,0:00:00.011770
topic2 ,PUB,7,125,14:25:10.107641,14:25:10.110952,0:00:03.687440,0:00:00.012747
topic2 ,PUB,7,126,14:25:10.120192,14:25:10.122300,0:00:03.698788,0:00:00.011348
topic2 ,PUB,7,127,14:25:10.132805,14:25:10.134799,0:00:03.711287,0:00:00.012499
topic2 ,PUB,7,128,14:25:10.144966,14:25:10.148186,0:00:03.724674,0:00:00.013387
topic2 ,PUB,7,129,14:25:10.159747,14:25:10.162162,0:00:03.738650,0:00:00.013976
topic2 ,PUB,7,130,14:25:10.171817,14:25:10.173288,0:00:03.749776,0:00:00.011126
topic2 ,PUB,7,131,14:25:10.199750,14:25:10.202635,0:00:03.779123,0:00:00.029347
topic2 ,PUB,7,132,14:25:10.211230,14:25:10.213321,0:00:03.789809,0:00:00.010686
topic2 ,PUB,7,133,14:25:10.222662,14:25:10.224740,0:00:03.801228,0:00:00.011419
topic2 ,PUB,7,134,14:25:10.233811,14:25:10.236986,0:00:03.813474,0:00:00.012246
topic2 ,PUB,7,135,14:25:10.246882,14:25:10.250090,0:00:03.826578,0:00:00.013104
topic2 ,PUB,7,136,14:25:10.260261,14:25:10.266688,0:00:03.843176,0:00:00.016598
topic2 ,PUB,7,137,14:25:10.277958,14:25:10.288104,0:00:03.864592,0:00:00.021416
topic2 ,PUB,7,138,14:25:10.305359,14:25:10.308262,0:00:03.884750,0:00:00.020158
topic2 ,PUB,7,139,14:25:10.327515,14:25:10.332057,0:00:03.908545,0:00:00.023795
topic2 ,PUB,7,140,14:25:10.338214,14:25:10.340176,0:00:03.916664,0:00:00.008119
topic2 ,PUB,7,141,14:25:10.351222,14:25:10.354426,0:00:03.930914,0:00:00.014250
topic2 ,PUB,7,142,14:25:10.362041,14:25:10.364696,0:00:03.941184,0:00:00.010270
topic2 ,PUB,7,143,14:25:10.372867,14:25:10.374898,0:00:03.951386,0:00:00.010202
topic2 ,PUB,7,144,14:25:10.384226,14:25:10.386127,0:00:03.962615,0:00:00.011229
topic2 ,PUB,7,145,14:25:10.394847,14:25:10.402642,0:00:03.979130,0:00:00.016515
topic2 ,PUB,7,146,14:25:10.407101,14:25:10.409406,0:00:03.985894,0:00:00.006764
topic2 ,PUB,7,147,14:25:10.420096,14:25:10.424697,0:00:04.001185,0:00:00.015291
topic2 ,PUB,7,148,14:25:10.431031,14:25:10.433170,0:00:04.009658,0:00:00.008473
topic2 ,PUB,7,149,14:25:10.444021,14:25:10.447164,0:00:04.023652,0:00:00.013994
topic2 ,PUB,7,150,14:25:10.460139,14:25:10.462077,0:00:04.038565,0:00:00.014913
topic2 ,PUB,7,151,14:25:10.470923,14:25:10.472331,0:00:04.048819,0:00:00.010254
topic2 ,PUB,7,152,14:25:10.481578,14:25:10.484458,0:00:04.060946,0:00:00.012127
topic2 ,PUB,7,153,14:25:10.496031,14:25:10.497963,0:00:04.074451,0:00:00.013505
topic2 ,PUB,7,154,14:25:10.509731,14:25:10.512348,0:00:04.088836,0:00:00.014385
topic2 ,PUB,7,155,14:25:10.521435,14:25:10.527088,0:00:04.103576,0:00:00.014740
topic2 ,PUB,7,156,14:25:10.535868,14:25:10.538419,0:00:04.114907,0:00:00.011331
topic2 ,PUB,7,157,14:25:10.546981,14:25:10.549329,0:00:04.125817,0:00:00.010910
topic2 ,PUB,7,158,14:25:10.560608,14:25:10.562614,0:00:04.139102,0:00:00.013285
topic2 ,PUB,7,159,14:25:10.571578,14:25:10.574282,0:00:04.150770,0:00:00.011668
topic2 ,PUB,7,160,14:25:10.584787,14:25:10.587686,0:00:04.164174,0:00:00.013404
topic2 ,PUB,7,161,14:25:10.601780,14:25:10.605609,0:00:04.182097,0:00:00.017923
topic2 ,PUB,7,162,14:25:10.613562,14:25:10.618469,0:00:04.194957,0:00:00.012860
topic2 ,PUB,7,163,14:25:10.630766,14:25:10.636208,0:00:04.212696,0:00:00.017739
topic2 ,PUB,7,164,14:25:10.644012,14:25:10.647487,0:00:04.223975,0:00:00.011279
topic2 ,PUB,7,165,14:25:10.655630,14:25:10.661302,0:00:04.237790,0:00:00.013815
topic2 ,PUB,7,166,14:25:10.668300,14:25:10.673129,0:00:04.249617,0:00:00.011827
topic2 ,PUB,7,167,14:25:10.683358,14:25:10.688449,0:00:04.264937,0:00:00.015320
topic2 ,PUB,7,168,14:25:10.694153,14:25:10.696433,0:00:04.272921,0:00:00.007984
topic2 ,PUB,7,169,14:25:10.704518,14:25:10.708978,0:00:04.285466,0:00:00.012545
topic2 ,PUB,7,170,14:25:10.716208,14:25:10.718932,0:00:04.295420,0:00:00.009954
topic2 ,PUB,7,171,14:25:10.727642,14:25:10.729985,0:00:04.306473,0:00:00.011053
topic2 ,PUB,7,172,14:25:10.744545,14:25:10.747498,0:00:04.323986,0:00:00.017513
topic2 ,PUB,7,173,14:25:10.759742,14:25:10.762403,0:00:04.338891,0:00:00.014905
topic2 ,PUB,7,174,14:25:10.773205,14:25:10.778356,0:00:04.354844,0:00:00.015953
topic2 ,PUB,7,175,14:25:10.792059,14:25:10.796927,0:00:04.373415,0:00:00.018571
topic2 ,PUB,7,176,14:25:10.804390,14:25:10.808616,0:00:04.385104,0:00:00.011689
topic2 ,PUB,7,177,14:25:10.818318,14:25:10.823643,0:00:04.400131,0:00:00.015027
topic2 ,PUB,7,178,14:25:10.832493,14:25:10.834033,0:00:04.410521,0:00:00.010390
topic2 ,PUB,7,179,14:25:10.843698,14:25:10.845480,0:00:04.421968,0:00:00.011447
topic2 ,PUB,7,180,14:25:10.855168,14:25:10.858925,0:00:04.435413,0:00:00.013445
topic2 ,PUB,7,181,14:25:10.866154,14:25:10.868917,0:00:04.445405,0:00:00.009992
topic2 ,PUB,7,182,14:25:10.877304,14:25:10.880862,0:00:04.457350,0:00:00.011945
topic2 ,PUB,7,183,14:25:10.892913,14:25:10.895307,0:00:04.471795,0:00:00.014445
topic2 ,PUB,7,184,14:25:10.903637,14:25:10.907407,0:00:04.483895,0:00:00.012100
topic2 ,PUB,7,185,14:25:10.915095,14:25:10.918679,0:00:04.495167,0:00:00.011272
topic2 ,PUB,7,186,14:25:10.927341,14:25:10.929789,0:00:04.506277,0:00:00.011110
topic2 ,PUB,7,187,14:25:10.941564,14:25:10.945768,0:00:04.522256,0:00:00.015979
topic2 ,PUB,7,188,14:25:10.952611,14:25:10.954631,0:00:04.531119,0:00:00.008863
topic2 ,PUB,7,189,14:25:10.963037,14:25:10.964642,0:00:04.541130,0:00:00.010011
topic2 ,PUB,7,190,14:25:10.975705,14:25:10.976766,0:00:04.553254,0:00:00.012124
topic2 ,PUB,7,191,14:25:10.988868,14:25:10.992471,0:00:04.568959,0:00:00.015705
topic2 ,PUB,7,192,14:25:10.999632,14:25:11.001827,0:00:04.578315,0:00:00.009356
topic2 ,PUB,7,193,14:25:11.010816,14:25:11.016158,0:00:04.592646,0:00:00.014331
topic2 ,PUB,7,194,14:25:11.024024,14:25:11.028842,0:00:04.605330,0:00:00.012684
topic2 ,PUB,7,195,14:25:11.085238,14:25:11.089281,0:00:04.665769,0:00:00.060439
topic2 ,PUB,7,196,14:25:11.096188,14:25:11.098285,0:00:04.674773,0:00:00.009004
topic2 ,PUB,7,197,14:25:11.107519,14:25:11.110212,0:00:04.686700,0:00:00.011927
topic2 ,PUB,7,198,14:25:11.118263,14:25:11.120561,0:00:04.697049,0:00:00.010349
topic2 ,PUB,7,199,14:25:11.129825,14:25:11.131109,0:00:04.707597,0:00:00.010548
