leader change b'1'
lead_broker from zk: ip IP: 10.0.0.1
use broker True
finished creating socket
using broker tcp://10.0.0.1:5556
# starting loop
timeout
reply none type
None
topic1 ,PUB,2,2,12:58:47.261055,12:58:47.274708,0:00:05.648579,0:00:02.639782
topic1 ,PUB,2,3,12:58:49.273501,12:58:49.288907,0:00:07.662778,0:00:02.014199
topic1 ,PUB,2,4,12:58:51.281322,12:58:51.303210,0:00:09.677081,0:00:02.014303
topic1 ,PUB,2,5,12:58:53.286813,12:58:53.299504,0:00:11.673375,0:00:01.996294
topic1 ,PUB,2,6,12:58:55.290673,12:58:55.299514,0:00:13.673385,0:00:02.000010
topic1 ,PUB,2,7,12:58:57.294418,12:58:57.305381,0:00:15.679252,0:00:02.005867
topic1 ,PUB,2,8,12:58:59.301834,12:58:59.317012,0:00:17.690883,0:00:02.011631
topic1 ,PUB,2,9,12:59:01.307934,12:59:01.316958,0:00:19.690829,0:00:01.999946
topic1 ,PUB,2,10,12:59:03.310556,12:59:03.320704,0:00:21.694575,0:00:02.003746
topic1 ,PUB,2,11,12:59:05.314347,12:59:05.325834,0:00:23.699705,0:00:02.005130
topic1 ,PUB,2,12,12:59:07.317424,12:59:07.327625,0:00:25.701496,0:00:02.001791
topic1 ,PUB,2,13,12:59:09.321173,12:59:09.330855,0:00:27.704726,0:00:02.003230
topic1 ,PUB,2,14,12:59:11.334254,12:59:11.346117,0:00:29.719988,0:00:02.015262
topic1 ,PUB,2,15,12:59:13.341699,12:59:13.348926,0:00:31.722797,0:00:02.002809
topic1 ,PUB,2,16,12:59:15.346940,12:59:15.357447,0:00:33.731318,0:00:02.008521
topic1 ,PUB,2,17,12:59:17.350539,12:59:17.358486,0:00:35.732357,0:00:02.001039
topic1 ,PUB,2,18,12:59:19.354529,12:59:19.369606,0:00:37.743477,0:00:02.011120
topic1 ,PUB,2,19,12:59:21.359665,12:59:21.372802,0:00:39.746673,0:00:02.003196
topic1 ,PUB,2,20,12:59:23.371975,12:59:23.389234,0:00:41.763105,0:00:02.016432
topic1 ,PUB,2,21,12:59:25.382389,12:59:25.391476,0:00:43.765347,0:00:02.002242
topic1 ,PUB,2,22,12:59:27.386223,12:59:27.396950,0:00:45.770821,0:00:02.005474
topic1 ,PUB,2,23,12:59:29.390315,12:59:29.398334,0:00:47.772205,0:00:02.001384
topic1 ,PUB,2,24,12:59:31.394384,12:59:31.403020,0:00:49.776891,0:00:02.004686
topic1 ,PUB,2,25,12:59:33.398351,12:59:33.412642,0:00:51.786513,0:00:02.009622
topic1 ,PUB,2,26,12:59:35.403465,12:59:35.422046,0:00:53.795917,0:00:02.009404
topic1 ,PUB,2,27,12:59:37.406696,12:59:37.419176,0:00:55.793047,0:00:01.997130
topic1 ,PUB,2,28,12:59:39.417138,12:59:39.427414,0:00:57.801285,0:00:02.008238
topic1 ,PUB,2,29,12:59:41.431446,12:59:41.459093,0:00:59.832964,0:00:02.031679
topic1 ,PUB,2,30,12:59:43.458447,12:59:43.465855,0:01:01.839726,0:00:02.006762
topic1 ,PUB,2,31,12:59:45.462240,12:59:45.470788,0:01:03.844659,0:00:02.004933
topic1 ,PUB,2,32,12:59:47.476761,12:59:47.504982,0:01:05.878853,0:00:02.034194
topic1 ,PUB,2,33,12:59:49.498555,12:59:49.506656,0:01:07.880527,0:00:02.001674
topic1 ,PUB,2,34,12:59:51.502248,12:59:51.510125,0:01:09.883996,0:00:02.003469
topic1 ,PUB,2,35,12:59:53.504647,12:59:53.513709,0:01:11.887580,0:00:02.003584
topic1 ,PUB,2,36,12:59:55.510484,12:59:55.517545,0:01:13.891416,0:00:02.003836
topic1 ,PUB,2,37,12:59:57.514183,12:59:57.530908,0:01:15.904779,0:00:02.013363
topic1 ,PUB,2,38,12:59:59.529647,12:59:59.537761,0:01:17.911632,0:00:02.006853
topic1 ,PUB,2,39,13:00:01.532304,13:00:01.539660,0:01:19.913531,0:00:02.001899
topic1 ,PUB,2,40,13:00:03.537196,13:00:03.551238,0:01:21.925109,0:00:02.011578
topic1 ,PUB,2,41,13:00:05.540845,13:00:05.548500,0:01:23.922371,0:00:01.997262
topic1 ,PUB,2,42,13:00:07.544942,13:00:07.558775,0:01:25.932646,0:00:02.010275
topic1 ,PUB,2,43,13:00:09.550550,13:00:09.559042,0:01:27.932913,0:00:02.000267
topic1 ,PUB,2,44,13:00:11.555211,13:00:11.581029,0:01:29.954900,0:00:02.021987
topic1 ,PUB,2,45,13:00:13.577793,13:00:13.594053,0:01:31.967924,0:00:02.013024
topic1 ,PUB,2,46,13:00:15.582402,13:00:15.594809,0:01:33.968680,0:00:02.000756
topic1 ,PUB,2,47,13:00:17.586419,13:00:17.597029,0:01:35.970900,0:00:02.002220
topic1 ,PUB,2,48,13:00:19.596264,13:00:19.605381,0:01:37.979252,0:00:02.008352
topic1 ,PUB,2,49,13:00:21.599590,13:00:21.610657,0:01:39.984528,0:00:02.005276
topic1 ,PUB,2,50,13:00:23.606462,13:00:23.637331,0:01:42.011202,0:00:02.026674
topic1 ,PUB,2,51,13:00:25.610425,13:00:25.627114,0:01:44.000985,0:00:01.989783
topic1 ,PUB,2,52,13:00:27.613258,13:00:27.623214,0:01:45.997085,0:00:01.996100
topic1 ,PUB,2,53,13:00:29.618811,13:00:29.631589,0:01:48.005460,0:00:02.008375
topic1 ,PUB,2,54,13:00:31.623202,13:00:31.637605,0:01:50.011476,0:00:02.006016
topic1 ,PUB,2,55,13:00:33.628898,13:00:33.645122,0:01:52.018993,0:00:02.007517
topic1 ,PUB,2,56,13:00:35.633866,13:00:35.645870,0:01:54.019741,0:00:02.000748
topic1 ,PUB,2,57,13:00:37.638749,13:00:37.650662,0:01:56.024533,0:00:02.004792
topic1 ,PUB,2,58,13:00:39.642660,13:00:39.655373,0:01:58.029244,0:00:02.004711
topic1 ,PUB,2,59,13:00:41.646489,13:00:41.659148,0:02:00.033019,0:00:02.003775
topic1 ,PUB,2,60,13:00:43.650774,13:00:43.666411,0:02:02.040282,0:00:02.007263
topic1 ,PUB,2,61,13:00:45.656523,13:00:45.666213,0:02:04.040084,0:00:01.999802
topic1 ,PUB,2,62,13:00:47.660419,13:00:47.670675,0:02:06.044546,0:00:02.004462
topic1 ,PUB,2,63,13:00:49.664856,13:00:49.690383,0:02:08.064254,0:00:02.019708
topic1 ,PUB,2,64,13:00:51.679295,13:00:51.686998,0:02:10.060869,0:00:01.996615
topic1 ,PUB,2,65,13:00:53.684361,13:00:53.698576,0:02:12.072447,0:00:02.011578
topic1 ,PUB,2,66,13:00:55.689593,13:00:55.703154,0:02:14.077025,0:00:02.004578
topic1 ,PUB,2,67,13:00:57.693368,13:00:57.706574,0:02:16.080445,0:00:02.003420
topic1 ,PUB,2,68,13:00:59.696616,13:00:59.705791,0:02:18.079662,0:00:01.999217
topic1 ,PUB,2,69,13:01:01.704578,13:01:01.718056,0:02:20.091927,0:00:02.012265
topic1 ,PUB,2,70,13:01:03.708901,13:01:03.715191,0:02:22.089062,0:00:01.997135
topic1 ,PUB,2,71,13:01:05.713021,13:01:05.721089,0:02:24.094960,0:00:02.005898
topic1 ,PUB,2,72,13:01:07.717206,13:01:07.728714,0:02:26.102585,0:00:02.007625
topic1 ,PUB,2,73,13:01:09.720489,13:01:09.727746,0:02:28.101617,0:00:01.999032
topic1 ,PUB,2,74,13:01:11.724651,13:01:11.740333,0:02:30.114204,0:00:02.012587
topic1 ,PUB,2,75,13:01:13.731542,13:01:13.741331,0:02:32.115202,0:00:02.000998
topic1 ,PUB,2,76,13:01:15.742426,13:01:15.754859,0:02:34.128730,0:00:02.013528
topic1 ,PUB,2,77,13:01:17.746661,13:01:17.758366,0:02:36.132237,0:00:02.003507
topic1 ,PUB,2,78,13:01:19.749030,13:01:19.756988,0:02:38.130859,0:00:01.998622
topic1 ,PUB,2,79,13:01:21.752499,13:01:21.759617,0:02:40.133488,0:00:02.002629
topic1 ,PUB,2,80,13:01:23.757720,13:01:23.767693,0:02:42.141564,0:00:02.008076
topic1 ,PUB,2,81,13:01:25.759355,13:01:25.767455,0:02:44.141326,0:00:01.999762
topic1 ,PUB,2,82,13:01:27.764615,13:01:27.778523,0:02:46.152394,0:00:02.011068
topic1 ,PUB,2,83,13:01:29.796108,13:01:29.808280,0:02:48.182151,0:00:02.029757
topic1 ,PUB,2,84,13:01:31.803510,13:01:31.813384,0:02:50.187255,0:00:02.005104
topic1 ,PUB,2,85,13:01:33.806863,13:01:33.818857,0:02:52.192728,0:00:02.005473
topic1 ,PUB,2,86,13:01:35.814868,13:01:35.821913,0:02:54.195784,0:00:02.003056
topic1 ,PUB,2,87,13:01:37.818217,13:01:37.845532,0:02:56.219403,0:00:02.023619
topic1 ,PUB,2,88,13:01:39.838188,13:01:39.844765,0:02:58.218636,0:00:01.999233
topic1 ,PUB,2,89,13:01:41.842543,13:01:41.860767,0:03:00.234638,0:00:02.016002
topic1 ,PUB,2,90,13:01:43.844440,13:01:43.865759,0:03:02.239630,0:00:02.004992
topic1 ,PUB,2,91,13:01:45.852514,13:01:45.867762,0:03:04.241633,0:00:02.002003
topic1 ,PUB,2,92,13:01:47.854264,13:01:47.874768,0:03:06.248639,0:00:02.007006
topic1 ,PUB,2,93,13:01:49.855757,13:01:49.875430,0:03:08.249301,0:00:02.000662
topic1 ,PUB,2,94,13:01:51.870352,13:01:51.885644,0:03:10.259515,0:00:02.010214
topic1 ,PUB,2,95,13:01:53.874226,13:01:53.885403,0:03:12.259274,0:00:01.999759
topic1 ,PUB,2,96,13:01:55.878205,13:01:55.893195,0:03:14.267066,0:00:02.007792
topic1 ,PUB,2,97,13:01:57.882351,13:01:57.890919,0:03:16.264790,0:00:01.997724
topic1 ,PUB,2,98,13:01:59.885914,13:01:59.894877,0:03:18.268748,0:00:02.003958
topic1 ,PUB,2,99,13:02:01.889904,13:02:01.899987,0:03:20.273858,0:00:02.005110
topic1 ,PUB,2,100,13:02:03.894294,13:02:03.903897,0:03:22.277768,0:00:02.003910
topic1 ,PUB,2,101,13:02:05.899368,13:02:05.909190,0:03:24.283061,0:00:02.005293
topic1 ,PUB,2,102,13:02:07.903100,13:02:07.913615,0:03:26.287486,0:00:02.004425
topic1 ,PUB,2,103,13:02:09.906540,13:02:09.916417,0:03:28.290288,0:00:02.002802
topic1 ,PUB,2,104,13:02:11.911671,13:02:11.920684,0:03:30.294555,0:00:02.004267
topic1 ,PUB,2,105,13:02:13.918287,13:02:13.928433,0:03:32.302304,0:00:02.007749
topic1 ,PUB,2,106,13:02:15.922525,13:02:15.929045,0:03:34.302916,0:00:02.000612
topic1 ,PUB,2,107,13:02:17.926617,13:02:17.933630,0:03:36.307501,0:00:02.004585
topic1 ,PUB,2,108,13:02:19.933839,13:02:19.943170,0:03:38.317041,0:00:02.009540
topic1 ,PUB,2,109,13:02:21.937101,13:02:21.948450,0:03:40.322321,0:00:02.005280
topic1 ,PUB,2,110,13:02:23.940802,13:02:23.949512,0:03:42.323383,0:00:02.001062
topic1 ,PUB,2,111,13:02:25.946313,13:02:25.961086,0:03:44.334957,0:00:02.011574
topic1 ,PUB,2,112,13:02:27.950855,13:02:27.963211,0:03:46.337082,0:00:02.002125
topic1 ,PUB,2,113,13:02:29.954297,13:02:29.963592,0:03:48.337463,0:00:02.000381
topic1 ,PUB,2,114,13:02:31.957793,13:02:31.965495,0:03:50.339366,0:00:02.001903
topic1 ,PUB,2,115,13:02:33.960568,13:02:33.969885,0:03:52.343756,0:00:02.004390
topic1 ,PUB,2,116,13:02:35.964010,13:02:35.972095,0:03:54.345966,0:00:02.002210
topic1 ,PUB,2,117,13:02:37.966793,13:02:37.974744,0:03:56.348615,0:00:02.002649
topic1 ,PUB,2,118,13:02:39.971131,13:02:39.982746,0:03:58.356617,0:00:02.008002
topic1 ,PUB,2,119,13:02:41.976973,13:02:41.990949,0:04:00.364820,0:00:02.008203
topic1 ,PUB,2,120,13:02:43.982757,13:02:43.996970,0:04:02.370841,0:00:02.006021
topic1 ,PUB,2,121,13:02:45.990629,13:02:45.999336,0:04:04.373207,0:00:02.002366
topic1 ,PUB,2,122,13:02:47.994361,13:02:48.003036,0:04:06.376907,0:00:02.003700
topic1 ,PUB,2,123,13:02:49.998625,13:02:50.013499,0:04:08.387370,0:00:02.010463
topic1 ,PUB,2,124,13:02:52.014488,13:02:52.027666,0:04:10.401537,0:00:02.014167
topic1 ,PUB,2,125,13:02:54.021695,13:02:54.032954,0:04:12.406825,0:00:02.005288
topic1 ,PUB,2,126,13:02:56.026533,13:02:56.034869,0:04:14.408740,0:00:02.001915
topic1 ,PUB,2,127,13:02:58.030333,13:02:58.037782,0:04:16.411653,0:00:02.002913
topic1 ,PUB,2,128,13:03:00.032974,13:03:00.074567,0:04:18.448438,0:00:02.036785
topic1 ,PUB,2,129,13:03:02.070280,13:03:02.077012,0:04:20.450883,0:00:02.002445
topic1 ,PUB,2,130,13:03:04.074916,13:03:04.084522,0:04:22.458393,0:00:02.007510
topic1 ,PUB,2,131,13:03:06.078705,13:03:06.086930,0:04:24.460801,0:00:02.002408
topic1 ,PUB,2,132,13:03:08.082382,13:03:08.088515,0:04:26.462386,0:00:02.001585
topic1 ,PUB,2,133,13:03:10.085134,13:03:10.091023,0:04:28.464894,0:00:02.002508
topic1 ,PUB,2,134,13:03:12.088880,13:03:12.096374,0:04:30.470245,0:00:02.005351
topic1 ,PUB,2,135,13:03:14.093226,13:03:14.100653,0:04:32.474524,0:00:02.004279
topic1 ,PUB,2,136,13:03:16.098635,13:03:16.107026,0:04:34.480897,0:00:02.006373
topic1 ,PUB,2,137,13:03:18.104166,13:03:18.116628,0:04:36.490499,0:00:02.009602
topic1 ,PUB,2,138,13:03:20.108254,13:03:20.119103,0:04:38.492974,0:00:02.002475
topic1 ,PUB,2,139,13:03:22.111443,13:03:22.125070,0:04:40.498941,0:00:02.005967
topic1 ,PUB,2,140,13:03:24.115427,13:03:24.123505,0:04:42.497376,0:00:01.998435
topic1 ,PUB,2,141,13:03:26.121385,13:03:26.129825,0:04:44.503696,0:00:02.006320
topic1 ,PUB,2,142,13:03:28.124844,13:03:28.131057,0:04:46.504928,0:00:02.001232
topic1 ,PUB,2,143,13:03:30.129243,13:03:30.137893,0:04:48.511764,0:00:02.006836
topic1 ,PUB,2,144,13:03:32.133015,13:03:32.153370,0:04:50.527241,0:00:02.015477
topic1 ,PUB,2,145,13:03:34.134968,13:03:34.143853,0:04:52.517724,0:00:01.990483
topic1 ,PUB,2,146,13:03:36.141304,13:03:36.160523,0:04:54.534394,0:00:02.016670
topic1 ,PUB,2,147,13:03:38.158236,13:03:38.164691,0:04:56.538562,0:00:02.004168
topic1 ,PUB,2,148,13:03:40.166513,13:03:40.178423,0:04:58.552294,0:00:02.013732
topic1 ,PUB,2,149,13:03:42.181477,13:03:42.223787,0:05:00.597658,0:00:02.045364
topic1 ,PUB,2,150,13:03:44.186917,13:03:44.195415,0:05:02.569286,0:00:01.971628
topic1 ,PUB,2,151,13:03:46.191802,13:03:46.203258,0:05:04.577129,0:00:02.007843
topic1 ,PUB,2,152,13:03:48.194967,13:03:48.203906,0:05:06.577777,0:00:02.000648
topic1 ,PUB,2,153,13:03:50.201528,13:03:50.215422,0:05:08.589293,0:00:02.011516
topic1 ,PUB,2,154,13:03:52.206924,13:03:52.217499,0:05:10.591370,0:00:02.002077
topic1 ,PUB,2,155,13:03:54.211938,13:03:54.232895,0:05:12.606766,0:00:02.015396
topic1 ,PUB,2,156,13:03:56.214566,13:03:56.231287,0:05:14.605158,0:00:01.998392
topic1 ,PUB,2,157,13:03:58.218594,13:03:58.231187,0:05:16.605058,0:00:01.999900
topic1 ,PUB,2,158,13:04:00.223031,13:04:00.235364,0:05:18.609235,0:00:02.004177
topic1 ,PUB,2,159,13:04:02.228388,13:04:02.248473,0:05:20.622344,0:00:02.013109
topic1 ,PUB,2,160,13:04:04.233539,13:04:04.242970,0:05:22.616841,0:00:01.994497
topic1 ,PUB,2,161,13:04:06.234227,13:04:06.252209,0:05:24.626080,0:00:02.009239
topic1 ,PUB,2,162,13:04:08.241963,13:04:08.250226,0:05:26.624097,0:00:01.998017
topic1 ,PUB,2,163,13:04:10.244653,13:04:10.251061,0:05:28.624932,0:00:02.000835
topic1 ,PUB,2,164,13:04:12.247308,13:04:12.269325,0:05:30.643196,0:00:02.018264
topic1 ,PUB,2,165,13:04:14.258446,13:04:14.267971,0:05:32.641842,0:00:01.998646
topic1 ,PUB,2,166,13:04:16.266322,13:04:16.274856,0:05:34.648727,0:00:02.006885
topic1 ,PUB,2,167,13:04:18.271042,13:04:18.286769,0:05:36.660640,0:00:02.011913
topic1 ,PUB,2,168,13:04:20.278984,13:04:20.286853,0:05:38.660724,0:00:02.000084
topic1 ,PUB,2,169,13:04:22.285299,13:04:22.301287,0:05:40.675158,0:00:02.014434
topic1 ,PUB,2,170,13:04:24.291059,13:04:24.304601,0:05:42.678472,0:00:02.003314
topic1 ,PUB,2,171,13:04:26.296787,13:04:26.311039,0:05:44.684910,0:00:02.006438
topic1 ,PUB,2,172,13:04:28.305051,13:04:28.314679,0:05:46.688550,0:00:02.003640
topic1 ,PUB,2,173,13:04:30.313396,13:04:30.322040,0:05:48.695911,0:00:02.007361
topic1 ,PUB,2,174,13:04:32.320884,13:04:32.336291,0:05:50.710162,0:00:02.014251
topic1 ,PUB,2,175,13:04:34.325959,13:04:34.341437,0:05:52.715308,0:00:02.005146
topic1 ,PUB,2,176,13:04:36.331196,13:04:36.340397,0:05:54.714268,0:00:01.998960
topic1 ,PUB,2,177,13:04:38.334872,13:04:38.344499,0:05:56.718370,0:00:02.004102
topic1 ,PUB,2,178,13:04:40.338373,13:04:40.354648,0:05:58.728519,0:00:02.010149
topic1 ,PUB,2,179,13:04:42.343521,13:04:42.371831,0:06:00.745702,0:00:02.017183
topic1 ,PUB,2,180,13:04:44.350125,13:04:44.365648,0:06:02.739519,0:00:01.993817
topic1 ,PUB,2,181,13:04:46.355717,13:04:46.368102,0:06:04.741973,0:00:02.002454
topic1 ,PUB,2,182,13:04:48.358610,13:04:48.372419,0:06:06.746290,0:00:02.004317
topic1 ,PUB,2,183,13:04:50.362591,13:04:50.370903,0:06:08.744774,0:00:01.998484
topic1 ,PUB,2,184,13:04:52.367279,13:04:52.383392,0:06:10.757263,0:00:02.012489
topic1 ,PUB,2,185,13:04:54.371849,13:04:54.382850,0:06:12.756721,0:00:01.999458
topic1 ,PUB,2,186,13:04:56.375794,13:04:56.389340,0:06:14.763211,0:00:02.006490
topic1 ,PUB,2,187,13:04:58.379103,13:04:58.400662,0:06:16.774533,0:00:02.011322
topic1 ,PUB,2,188,13:05:00.382499,13:05:00.395104,0:06:18.768975,0:00:01.994442
topic1 ,PUB,2,189,13:05:02.388702,13:05:02.408588,0:06:20.782459,0:00:02.013484
topic1 ,PUB,2,190,13:05:04.393341,13:05:04.412579,0:06:22.786450,0:00:02.003991
topic1 ,PUB,2,191,13:05:06.397120,13:05:06.409300,0:06:24.783171,0:00:01.996721
topic1 ,PUB,2,192,13:05:08.400659,13:05:08.410328,0:06:26.784199,0:00:02.001028
topic1 ,PUB,2,193,13:05:10.407680,13:05:10.420087,0:06:28.793958,0:00:02.009759
topic1 ,PUB,2,194,13:05:12.413275,13:05:12.420665,0:06:30.794536,0:00:02.000578
topic1 ,PUB,2,195,13:05:14.418502,13:05:14.434420,0:06:32.808291,0:00:02.013755
topic1 ,PUB,2,196,13:05:16.425935,13:05:16.438465,0:06:34.812336,0:00:02.004045
topic1 ,PUB,2,197,13:05:18.435222,13:05:18.450988,0:06:36.824859,0:00:02.012523
topic1 ,PUB,2,198,13:05:20.446257,13:05:20.459162,0:06:38.833033,0:00:02.008174
topic1 ,PUB,2,199,13:05:22.448686,13:05:22.456939,0:06:40.830810,0:00:01.997777
topic1 ,PUB,2,200,13:05:24.452411,13:05:24.472953,0:06:42.846824,0:00:02.016014
topic1 ,PUB,2,201,13:05:26.455385,13:05:26.465074,0:06:44.838945,0:00:01.992121
topic1 ,PUB,2,202,13:05:28.467221,13:05:28.476851,0:06:46.850722,0:00:02.011777
topic1 ,PUB,2,203,13:05:30.471637,13:05:30.479360,0:06:48.853231,0:00:02.002509
topic1 ,PUB,2,204,13:05:32.474403,13:05:32.485257,0:06:50.859128,0:00:02.005897
topic1 ,PUB,2,205,13:05:34.478510,13:05:34.484259,0:06:52.858130,0:00:01.999002
topic1 ,PUB,2,206,13:05:36.483126,13:05:36.491490,0:06:54.865361,0:00:02.007231
topic1 ,PUB,2,207,13:05:38.486763,13:05:38.499317,0:06:56.873188,0:00:02.007827
topic1 ,PUB,2,208,13:05:40.490841,13:05:40.500785,0:06:58.874656,0:00:02.001468
topic1 ,PUB,2,209,13:05:42.495010,13:05:42.509710,0:07:00.883581,0:00:02.008925
topic1 ,PUB,2,210,13:05:44.498447,13:05:44.507469,0:07:02.881340,0:00:01.997759
topic1 ,PUB,2,211,13:05:46.507475,13:05:46.527756,0:07:04.901627,0:00:02.020287
topic1 ,PUB,2,212,13:05:48.522647,13:05:48.531850,0:07:06.905721,0:00:02.004094
topic1 ,PUB,2,213,13:05:50.526257,13:05:50.533542,0:07:08.907413,0:00:02.001692
topic1 ,PUB,2,214,13:05:52.533616,13:05:52.551915,0:07:10.925786,0:00:02.018373
topic1 ,PUB,2,215,13:05:54.551797,13:05:54.563301,0:07:12.937172,0:00:02.011386
topic1 ,PUB,2,216,13:05:56.555452,13:05:56.563877,0:07:14.937748,0:00:02.000576
topic1 ,PUB,2,217,13:05:58.563032,13:05:58.569581,0:07:16.943452,0:00:02.005704
topic1 ,PUB,2,218,13:06:00.566287,13:06:00.574431,0:07:18.948302,0:00:02.004850
topic1 ,PUB,2,219,13:06:02.570387,13:06:02.576947,0:07:20.950818,0:00:02.002516
topic1 ,PUB,2,220,13:06:04.574707,13:06:04.581564,0:07:22.955435,0:00:02.004617
topic1 ,PUB,2,221,13:06:06.578517,13:06:06.586686,0:07:24.960557,0:00:02.005122
topic1 ,PUB,2,222,13:06:08.582374,13:06:08.601780,0:07:26.975651,0:00:02.015094
topic1 ,PUB,2,223,13:06:10.586234,13:06:10.599203,0:07:28.973074,0:00:01.997423
topic1 ,PUB,2,224,13:06:12.590652,13:06:12.598315,0:07:30.972186,0:00:01.999112
topic1 ,PUB,2,225,13:06:14.594998,13:06:14.608106,0:07:32.981977,0:00:02.009791
topic1 ,PUB,2,226,13:06:16.598443,13:06:16.605240,0:07:34.979111,0:00:01.997134
topic1 ,PUB,2,227,13:06:18.604209,13:06:18.611684,0:07:36.985555,0:00:02.006444
topic1 ,PUB,2,228,13:06:20.610347,13:06:20.616658,0:07:38.990529,0:00:02.004974
topic1 ,PUB,2,229,13:06:22.615182,13:06:22.622774,0:07:40.996645,0:00:02.006116
topic1 ,PUB,2,230,13:06:24.618948,13:06:24.627422,0:07:43.001293,0:00:02.004648
topic1 ,PUB,2,231,13:06:26.624828,13:06:26.633604,0:07:45.007475,0:00:02.006182
topic1 ,PUB,2,232,13:06:28.631768,13:06:28.645636,0:07:47.019507,0:00:02.012032
topic1 ,PUB,2,233,13:06:30.637993,13:06:30.650426,0:07:49.024297,0:00:02.004790
topic1 ,PUB,2,234,13:06:32.642600,13:06:32.651217,0:07:51.025088,0:00:02.000791
topic1 ,PUB,2,235,13:06:34.645696,13:06:34.652366,0:07:53.026237,0:00:02.001149
timeout
reply none type
None
