leader change b'1'
lead_broker from zk: ip IP: 10.0.0.1
use broker True
finished creating socket
using broker tcp://10.0.0.1:5556
# starting loop
timeout
reply none type
None
topic0 ,PUB,1,1,12:58:47.219046,12:58:47.243531,0:00:05.269362,0:00:02.266930
topic0 ,PUB,1,2,12:58:49.226745,12:58:49.243866,0:00:07.269697,0:00:02.000335
topic0 ,PUB,1,3,12:58:51.230547,12:58:51.241229,0:00:09.267060,0:00:01.997363
topic0 ,PUB,1,4,12:58:53.238268,12:58:53.249581,0:00:11.275412,0:00:02.008352
topic0 ,PUB,1,5,12:58:55.242847,12:58:55.251916,0:00:13.277747,0:00:02.002335
topic0 ,PUB,1,6,12:58:57.246838,12:58:57.261936,0:00:15.287767,0:00:02.010020
topic0 ,PUB,1,7,12:58:59.251161,12:58:59.268100,0:00:17.293931,0:00:02.006164
topic0 ,PUB,1,8,12:59:01.254202,12:59:01.269141,0:00:19.294972,0:00:02.001041
topic0 ,PUB,1,9,12:59:03.258053,12:59:03.281755,0:00:21.307586,0:00:02.012614
topic0 ,PUB,1,10,12:59:05.266384,12:59:05.274884,0:00:23.300715,0:00:01.993129
topic0 ,PUB,1,11,12:59:07.269943,12:59:07.286455,0:00:25.312286,0:00:02.011571
topic0 ,PUB,1,12,12:59:09.278528,12:59:09.291336,0:00:27.317167,0:00:02.004881
topic0 ,PUB,1,13,12:59:11.282981,12:59:11.298655,0:00:29.324486,0:00:02.007319
topic0 ,PUB,1,14,12:59:13.286752,12:59:13.302384,0:00:31.328215,0:00:02.003729
topic0 ,PUB,1,15,12:59:15.290618,12:59:15.297497,0:00:33.323328,0:00:01.995113
topic0 ,PUB,1,16,12:59:17.294459,12:59:17.301393,0:00:35.327224,0:00:02.003896
topic0 ,PUB,1,17,12:59:19.298570,12:59:19.305659,0:00:37.331490,0:00:02.004266
topic0 ,PUB,1,18,12:59:21.301966,12:59:21.325898,0:00:39.351729,0:00:02.020239
topic0 ,PUB,1,19,12:59:23.308069,12:59:23.320891,0:00:41.346722,0:00:01.994993
topic0 ,PUB,1,20,12:59:25.315613,12:59:25.325137,0:00:43.350968,0:00:02.004246
topic0 ,PUB,1,21,12:59:27.322614,12:59:27.329831,0:00:45.355662,0:00:02.004694
topic0 ,PUB,1,22,12:59:29.326594,12:59:29.334784,0:00:47.360615,0:00:02.004953
topic0 ,PUB,1,23,12:59:31.331033,12:59:31.340134,0:00:49.365965,0:00:02.005350
topic0 ,PUB,1,24,12:59:33.335950,12:59:33.348678,0:00:51.374509,0:00:02.008544
topic0 ,PUB,1,25,12:59:35.346466,12:59:35.376185,0:00:53.402016,0:00:02.027507
topic0 ,PUB,1,26,12:59:37.363045,12:59:37.380222,0:00:55.406053,0:00:02.004037
topic0 ,PUB,1,27,12:59:39.374316,12:59:39.392872,0:00:57.418703,0:00:02.012650
topic0 ,PUB,1,28,12:59:41.383802,12:59:41.406392,0:00:59.432223,0:00:02.013520
topic0 ,PUB,1,29,12:59:43.386837,12:59:43.408171,0:01:01.434002,0:00:02.001779
topic0 ,PUB,1,30,12:59:45.392304,12:59:45.403845,0:01:03.429676,0:00:01.995674
topic0 ,PUB,1,31,12:59:47.411123,12:59:47.424830,0:01:05.450661,0:00:02.020985
topic0 ,PUB,1,32,12:59:49.419099,12:59:49.434857,0:01:07.460688,0:00:02.010027
topic0 ,PUB,1,33,12:59:51.424105,12:59:51.434903,0:01:09.460734,0:00:02.000046
topic0 ,PUB,1,34,12:59:53.430212,12:59:53.440484,0:01:11.466315,0:00:02.005581
topic0 ,PUB,1,35,12:59:55.434397,12:59:55.444796,0:01:13.470627,0:00:02.004312
topic0 ,PUB,1,36,12:59:57.440660,12:59:57.448723,0:01:15.474554,0:00:02.003927
topic0 ,PUB,1,37,12:59:59.445652,12:59:59.455180,0:01:17.481011,0:00:02.006457
topic0 ,PUB,1,38,13:00:01.450322,13:00:01.462031,0:01:19.487862,0:00:02.006851
topic0 ,PUB,1,39,13:00:03.458864,13:00:03.469145,0:01:21.494976,0:00:02.007114
topic0 ,PUB,1,40,13:00:05.494415,13:00:05.504176,0:01:23.530007,0:00:02.035031
topic0 ,PUB,1,41,13:00:07.499368,13:00:07.514928,0:01:25.540759,0:00:02.010752
topic0 ,PUB,1,42,13:00:09.507407,13:00:09.517528,0:01:27.543359,0:00:02.002600
topic0 ,PUB,1,43,13:00:11.512379,13:00:11.519973,0:01:29.545804,0:00:02.002445
topic0 ,PUB,1,44,13:00:13.515088,13:00:13.524142,0:01:31.549973,0:00:02.004169
topic0 ,PUB,1,45,13:00:15.518192,13:00:15.526836,0:01:33.552667,0:00:02.002694
topic0 ,PUB,1,46,13:00:17.526967,13:00:17.536826,0:01:35.562657,0:00:02.009990
topic0 ,PUB,1,47,13:00:19.530490,13:00:19.541243,0:01:37.567074,0:00:02.004417
topic0 ,PUB,1,48,13:00:21.536088,13:00:21.548851,0:01:39.574682,0:00:02.007608
topic0 ,PUB,1,49,13:00:23.541353,13:00:23.551003,0:01:41.576834,0:00:02.002152
topic0 ,PUB,1,50,13:00:25.545314,13:00:25.563344,0:01:43.589175,0:00:02.012341
topic0 ,PUB,1,51,13:00:27.551147,13:00:27.561542,0:01:45.587373,0:00:01.998198
topic0 ,PUB,1,52,13:00:29.555953,13:00:29.573515,0:01:47.599346,0:00:02.011973
topic0 ,PUB,1,53,13:00:31.565489,13:00:31.571358,0:01:49.597189,0:00:01.997843
topic0 ,PUB,1,54,13:00:33.569494,13:00:33.577691,0:01:51.603522,0:00:02.006333
topic0 ,PUB,1,55,13:00:35.573672,13:00:35.580788,0:01:53.606619,0:00:02.003097
topic0 ,PUB,1,56,13:00:37.577729,13:00:37.585933,0:01:55.611764,0:00:02.005145
topic0 ,PUB,1,57,13:00:39.581558,13:00:39.591080,0:01:57.616911,0:00:02.005147
topic0 ,PUB,1,58,13:00:41.586033,13:00:41.597802,0:01:59.623633,0:00:02.006722
topic0 ,PUB,1,59,13:00:43.590477,13:00:43.599786,0:02:01.625617,0:00:02.001984
topic0 ,PUB,1,60,13:00:45.593111,13:00:45.604409,0:02:03.630240,0:00:02.004623
topic0 ,PUB,1,61,13:00:47.596968,13:00:47.608815,0:02:05.634646,0:00:02.004406
topic0 ,PUB,1,62,13:00:49.601620,13:00:49.610464,0:02:07.636295,0:00:02.001649
topic0 ,PUB,1,63,13:00:51.615320,13:00:51.626005,0:02:09.651836,0:00:02.015541
topic0 ,PUB,1,64,13:00:53.619352,13:00:53.629001,0:02:11.654832,0:00:02.002996
topic0 ,PUB,1,65,13:00:55.624739,13:00:55.635938,0:02:13.661769,0:00:02.006937
topic0 ,PUB,1,66,13:00:57.629896,13:00:57.640156,0:02:15.665987,0:00:02.004218
topic0 ,PUB,1,67,13:00:59.638515,13:00:59.656004,0:02:17.681835,0:00:02.015848
topic0 ,PUB,1,68,13:01:01.643740,13:01:01.650876,0:02:19.676707,0:00:01.994872
topic0 ,PUB,1,69,13:01:03.646576,13:01:03.661155,0:02:21.686986,0:00:02.010279
topic0 ,PUB,1,70,13:01:05.650166,13:01:05.660658,0:02:23.686489,0:00:01.999503
topic0 ,PUB,1,71,13:01:07.657170,13:01:07.666905,0:02:25.692736,0:00:02.006247
topic0 ,PUB,1,72,13:01:09.662362,13:01:09.673498,0:02:27.699329,0:00:02.006593
topic0 ,PUB,1,73,13:01:11.667772,13:01:11.675880,0:02:29.701711,0:00:02.002382
topic0 ,PUB,1,74,13:01:13.678648,13:01:13.690924,0:02:31.716755,0:00:02.015044
topic0 ,PUB,1,75,13:01:15.683457,13:01:15.711315,0:02:33.737146,0:00:02.020391
topic0 ,PUB,1,76,13:01:17.714017,13:01:17.730984,0:02:35.756815,0:00:02.019669
topic0 ,PUB,1,77,13:01:19.719590,13:01:19.749024,0:02:37.774855,0:00:02.018040
topic0 ,PUB,1,78,13:01:21.722527,13:01:21.731258,0:02:39.757089,0:00:01.982234
topic0 ,PUB,1,79,13:01:23.726989,13:01:23.741514,0:02:41.767345,0:00:02.010256
topic0 ,PUB,1,80,13:01:25.731326,13:01:25.739495,0:02:43.765326,0:00:01.997981
topic0 ,PUB,1,81,13:01:27.734888,13:01:27.745372,0:02:45.771203,0:00:02.005877
topic0 ,PUB,1,82,13:01:29.739399,13:01:29.747446,0:02:47.773277,0:00:02.002074
topic0 ,PUB,1,83,13:01:31.741101,13:01:31.749750,0:02:49.775581,0:00:02.002304
topic0 ,PUB,1,84,13:01:33.747006,13:01:33.768816,0:02:51.794647,0:00:02.019066
topic0 ,PUB,1,85,13:01:35.751458,13:01:35.766594,0:02:53.792425,0:00:01.997778
topic0 ,PUB,1,86,13:01:37.755461,13:01:37.767626,0:02:55.793457,0:00:02.001032
topic0 ,PUB,1,87,13:01:39.761147,13:01:39.771258,0:02:57.797089,0:00:02.003632
topic0 ,PUB,1,88,13:01:41.765527,13:01:41.775742,0:02:59.801573,0:00:02.004484
topic0 ,PUB,1,89,13:01:43.770926,13:01:43.791907,0:03:01.817738,0:00:02.016165
topic0 ,PUB,1,90,13:01:45.784423,13:01:45.791527,0:03:03.817358,0:00:01.999620
topic0 ,PUB,1,91,13:01:47.792270,13:01:47.804943,0:03:05.830774,0:00:02.013416
topic0 ,PUB,1,92,13:01:49.804860,13:01:49.813893,0:03:07.839724,0:00:02.008950
topic0 ,PUB,1,93,13:01:51.814524,13:01:51.825789,0:03:09.851620,0:00:02.011896
topic0 ,PUB,1,94,13:01:53.818317,13:01:53.832042,0:03:11.857873,0:00:02.006253
topic0 ,PUB,1,95,13:01:55.820043,13:01:55.834746,0:03:13.860577,0:00:02.002704
topic0 ,PUB,1,96,13:01:57.822657,13:01:57.833576,0:03:15.859407,0:00:01.998830
topic0 ,PUB,1,97,13:01:59.830546,13:01:59.839016,0:03:17.864847,0:00:02.005440
topic0 ,PUB,1,98,13:02:01.835129,13:02:01.849468,0:03:19.875299,0:00:02.010452
topic0 ,PUB,1,99,13:02:03.838710,13:02:03.850266,0:03:21.876097,0:00:02.000798
topic0 ,PUB,1,100,13:02:05.842723,13:02:05.851463,0:03:23.877294,0:00:02.001197
topic0 ,PUB,1,101,13:02:07.848878,13:02:07.855931,0:03:25.881762,0:00:02.004468
topic0 ,PUB,1,102,13:02:09.852552,13:02:09.860526,0:03:27.886357,0:00:02.004595
topic0 ,PUB,1,103,13:02:11.854632,13:02:11.868561,0:03:29.894392,0:00:02.008035
topic0 ,PUB,1,104,13:02:13.858442,13:02:13.867716,0:03:31.893547,0:00:01.999155
topic0 ,PUB,1,105,13:02:15.860622,13:02:15.872217,0:03:33.898048,0:00:02.004501
topic0 ,PUB,1,106,13:02:17.871676,13:02:17.878757,0:03:35.904588,0:00:02.006540
topic0 ,PUB,1,107,13:02:19.876643,13:02:19.884549,0:03:37.910380,0:00:02.005792
topic0 ,PUB,1,108,13:02:21.881664,13:02:21.888164,0:03:39.913995,0:00:02.003615
topic0 ,PUB,1,109,13:02:23.883560,13:02:23.894063,0:03:41.919894,0:00:02.005899
topic0 ,PUB,1,110,13:02:25.886431,13:02:25.899209,0:03:43.925040,0:00:02.005146
topic0 ,PUB,1,111,13:02:27.888544,13:02:27.901294,0:03:45.927125,0:00:02.002085
topic0 ,PUB,1,112,13:02:29.890562,13:02:29.899506,0:03:47.925337,0:00:01.998212
topic0 ,PUB,1,113,13:02:31.894662,13:02:31.905050,0:03:49.930881,0:00:02.005544
topic0 ,PUB,1,114,13:02:33.899049,13:02:33.920435,0:03:51.946266,0:00:02.015385
topic0 ,PUB,1,115,13:02:35.902207,13:02:35.914025,0:03:53.939856,0:00:01.993590
topic0 ,PUB,1,116,13:02:37.903902,13:02:37.919445,0:03:55.945276,0:00:02.005420
topic0 ,PUB,1,117,13:02:39.906309,13:02:39.918650,0:03:57.944481,0:00:01.999205
topic0 ,PUB,1,118,13:02:41.910452,13:02:41.921790,0:03:59.947621,0:00:02.003140
topic0 ,PUB,1,119,13:02:43.914509,13:02:43.924151,0:04:01.949982,0:00:02.002361
topic0 ,PUB,1,120,13:02:45.916888,13:02:45.925175,0:04:03.951006,0:00:02.001024
topic0 ,PUB,1,121,13:02:47.922236,13:02:47.931192,0:04:05.957023,0:00:02.006017
topic0 ,PUB,1,122,13:02:49.926511,13:02:49.938548,0:04:07.964379,0:00:02.007356
topic0 ,PUB,1,123,13:02:51.929658,13:02:51.942874,0:04:09.968705,0:00:02.004326
topic0 ,PUB,1,124,13:02:53.934763,13:02:53.943888,0:04:11.969719,0:00:02.001014
topic0 ,PUB,1,125,13:02:55.938632,13:02:55.946956,0:04:13.972787,0:00:02.003068
topic0 ,PUB,1,126,13:02:57.943429,13:02:57.959081,0:04:15.984912,0:00:02.012125
topic0 ,PUB,1,127,13:02:59.946459,13:02:59.959318,0:04:17.985149,0:00:02.000237
topic0 ,PUB,1,128,13:03:01.951147,13:03:01.961083,0:04:19.986914,0:00:02.001765
topic0 ,PUB,1,129,13:03:03.954274,13:03:03.961687,0:04:21.987518,0:00:02.000604
topic0 ,PUB,1,130,13:03:05.956988,13:03:05.967109,0:04:23.992940,0:00:02.005422
topic0 ,PUB,1,131,13:03:07.961179,13:03:07.971144,0:04:25.996975,0:00:02.004035
topic0 ,PUB,1,132,13:03:09.963303,13:03:09.976912,0:04:28.002743,0:00:02.005768
topic0 ,PUB,1,133,13:03:11.966542,13:03:11.976111,0:04:30.001942,0:00:01.999199
topic0 ,PUB,1,134,13:03:13.968489,13:03:13.981482,0:04:32.007313,0:00:02.005371
topic0 ,PUB,1,135,13:03:15.978795,13:03:15.990591,0:04:34.016422,0:00:02.009109
topic0 ,PUB,1,136,13:03:17.982439,13:03:17.990792,0:04:36.016623,0:00:02.000201
topic0 ,PUB,1,137,13:03:19.987234,13:03:19.994836,0:04:38.020667,0:00:02.004044
topic0 ,PUB,1,138,13:03:21.990309,13:03:21.998011,0:04:40.023842,0:00:02.003175
topic0 ,PUB,1,139,13:03:23.992867,13:03:24.003347,0:04:42.029178,0:00:02.005336
topic0 ,PUB,1,140,13:03:25.996740,13:03:26.006334,0:04:44.032165,0:00:02.002987
topic0 ,PUB,1,141,13:03:28.002226,13:03:28.011904,0:04:46.037735,0:00:02.005570
topic0 ,PUB,1,142,13:03:30.005943,13:03:30.017172,0:04:48.043003,0:00:02.005268
topic0 ,PUB,1,143,13:03:32.010566,13:03:32.017474,0:04:50.043305,0:00:02.000302
topic0 ,PUB,1,144,13:03:34.014494,13:03:34.030363,0:04:52.056194,0:00:02.012889
topic0 ,PUB,1,145,13:03:36.018874,13:03:36.033412,0:04:54.059243,0:00:02.003049
topic0 ,PUB,1,146,13:03:38.023549,13:03:38.039613,0:04:56.065444,0:00:02.006201
topic0 ,PUB,1,147,13:03:40.032505,13:03:40.050606,0:04:58.076437,0:00:02.010993
topic0 ,PUB,1,148,13:03:42.038452,13:03:42.051424,0:05:00.077255,0:00:02.000818
topic0 ,PUB,1,149,13:03:44.042255,13:03:44.060676,0:05:02.086507,0:00:02.009252
topic0 ,PUB,1,150,13:03:46.046435,13:03:46.057312,0:05:04.083143,0:00:01.996636
topic0 ,PUB,1,151,13:03:48.050417,13:03:48.059608,0:05:06.085439,0:00:02.002296
topic0 ,PUB,1,152,13:03:50.054322,13:03:50.061909,0:05:08.087740,0:00:02.002301
topic0 ,PUB,1,153,13:03:52.058562,13:03:52.076061,0:05:10.101892,0:00:02.014152
topic0 ,PUB,1,154,13:03:54.069556,13:03:54.077267,0:05:12.103098,0:00:02.001206
topic0 ,PUB,1,155,13:03:56.074638,13:03:56.083360,0:05:14.109191,0:00:02.006093
topic0 ,PUB,1,156,13:03:58.078312,13:03:58.092841,0:05:16.118672,0:00:02.009481
topic0 ,PUB,1,157,13:04:00.082766,13:04:00.096959,0:05:18.122790,0:00:02.004118
topic0 ,PUB,1,158,13:04:02.089389,13:04:02.105258,0:05:20.131089,0:00:02.008299
topic0 ,PUB,1,159,13:04:04.091466,13:04:04.101350,0:05:22.127181,0:00:01.996092
topic0 ,PUB,1,160,13:04:06.096424,13:04:06.109244,0:05:24.135075,0:00:02.007894
topic0 ,PUB,1,161,13:04:08.107937,13:04:08.120970,0:05:26.146801,0:00:02.011726
topic0 ,PUB,1,162,13:04:10.130446,13:04:10.139514,0:05:28.165345,0:00:02.018544
topic0 ,PUB,1,163,13:04:12.133781,13:04:12.141326,0:05:30.167157,0:00:02.001812
topic0 ,PUB,1,164,13:04:14.139340,13:04:14.157999,0:05:32.183830,0:00:02.016673
topic0 ,PUB,1,165,13:04:16.146532,13:04:16.157377,0:05:34.183208,0:00:01.999378
topic0 ,PUB,1,166,13:04:18.151125,13:04:18.160308,0:05:36.186139,0:00:02.002931
topic0 ,PUB,1,167,13:04:20.155723,13:04:20.165321,0:05:38.191152,0:00:02.005013
topic0 ,PUB,1,168,13:04:22.167345,13:04:22.187625,0:05:40.213456,0:00:02.022304
topic0 ,PUB,1,169,13:04:24.180644,13:04:24.187509,0:05:42.213340,0:00:01.999884
topic0 ,PUB,1,170,13:04:26.188604,13:04:26.205543,0:05:44.231374,0:00:02.018034
topic0 ,PUB,1,171,13:04:28.194412,13:04:28.207052,0:05:46.232883,0:00:02.001509
topic0 ,PUB,1,172,13:04:30.206907,13:04:30.221291,0:05:48.247122,0:00:02.014239
topic0 ,PUB,1,173,13:04:32.213924,13:04:32.225749,0:05:50.251580,0:00:02.004458
topic0 ,PUB,1,174,13:04:34.218518,13:04:34.238936,0:05:52.264767,0:00:02.013187
topic0 ,PUB,1,175,13:04:36.226039,13:04:36.237999,0:05:54.263830,0:00:01.999063
topic0 ,PUB,1,176,13:04:38.231262,13:04:38.244593,0:05:56.270424,0:00:02.006594
topic0 ,PUB,1,177,13:04:40.235184,13:04:40.257158,0:05:58.282989,0:00:02.012565
topic0 ,PUB,1,178,13:04:42.243662,13:04:42.276034,0:06:00.301865,0:00:02.018876
topic0 ,PUB,1,179,13:04:44.261360,13:04:44.283671,0:06:02.309502,0:00:02.007637
topic0 ,PUB,1,180,13:04:46.265610,13:04:46.279194,0:06:04.305025,0:00:01.995523
topic0 ,PUB,1,181,13:04:48.270963,13:04:48.287010,0:06:06.312841,0:00:02.007816
topic0 ,PUB,1,182,13:04:50.282710,13:04:50.296535,0:06:08.322366,0:00:02.009525
topic0 ,PUB,1,183,13:04:52.286878,13:04:52.296398,0:06:10.322229,0:00:01.999863
topic0 ,PUB,1,184,13:04:54.293367,13:04:54.308599,0:06:12.334430,0:00:02.012201
topic0 ,PUB,1,185,13:04:56.304702,13:04:56.327289,0:06:14.353120,0:00:02.018690
topic0 ,PUB,1,186,13:04:58.310577,13:04:58.327523,0:06:16.353354,0:00:02.000234
topic0 ,PUB,1,187,13:05:00.321450,13:05:00.343244,0:06:18.369075,0:00:02.015721
topic0 ,PUB,1,188,13:05:02.325502,13:05:02.334775,0:06:20.360606,0:00:01.991531
topic0 ,PUB,1,189,13:05:04.330601,13:05:04.339496,0:06:22.365327,0:00:02.004721
topic0 ,PUB,1,190,13:05:06.332270,13:05:06.350919,0:06:24.376750,0:00:02.011423
topic0 ,PUB,1,191,13:05:08.334337,13:05:08.355104,0:06:26.380935,0:00:02.004185
topic0 ,PUB,1,192,13:05:10.336699,13:05:10.347454,0:06:28.373285,0:00:01.992350
topic0 ,PUB,1,193,13:05:12.339531,13:05:12.351364,0:06:30.377195,0:00:02.003910
topic0 ,PUB,1,194,13:05:14.347934,13:05:14.365322,0:06:32.391153,0:00:02.013958
topic0 ,PUB,1,195,13:05:16.350588,13:05:16.363247,0:06:34.389078,0:00:01.997925
topic0 ,PUB,1,196,13:05:18.359008,13:05:18.371010,0:06:36.396841,0:00:02.007763
topic0 ,PUB,1,197,13:05:20.366355,13:05:20.381856,0:06:38.407687,0:00:02.010846
topic0 ,PUB,1,198,13:05:22.371218,13:05:22.387125,0:06:40.412956,0:00:02.005269
topic0 ,PUB,1,199,13:05:24.374479,13:05:24.387586,0:06:42.413417,0:00:02.000461
topic0 ,PUB,1,200,13:05:26.379240,13:05:26.397924,0:06:44.423755,0:00:02.010338
topic0 ,PUB,1,201,13:05:28.386700,13:05:28.397143,0:06:46.422974,0:00:01.999219
topic0 ,PUB,1,202,13:05:30.389973,13:05:30.404805,0:06:48.430636,0:00:02.007662
topic0 ,PUB,1,203,13:05:32.394252,13:05:32.409037,0:06:50.434868,0:00:02.004232
topic0 ,PUB,1,204,13:05:34.402321,13:05:34.421311,0:06:52.447142,0:00:02.012274
topic0 ,PUB,1,205,13:05:36.411327,13:05:36.436195,0:06:54.462026,0:00:02.014884
topic0 ,PUB,1,206,13:05:38.415104,13:05:38.426537,0:06:56.452368,0:00:01.990342
topic0 ,PUB,1,207,13:05:40.419930,13:05:40.434550,0:06:58.460381,0:00:02.008013
topic0 ,PUB,1,208,13:05:42.426600,13:05:42.439164,0:07:00.464995,0:00:02.004614
topic0 ,PUB,1,209,13:05:44.429383,13:05:44.441281,0:07:02.467112,0:00:02.002117
topic0 ,PUB,1,210,13:05:46.434737,13:05:46.471052,0:07:04.496883,0:00:02.029771
topic0 ,PUB,1,211,13:05:48.442347,13:05:48.452305,0:07:06.478136,0:00:01.981253
topic0 ,PUB,1,212,13:05:50.446304,13:05:50.455943,0:07:08.481774,0:00:02.003638
topic0 ,PUB,1,213,13:05:52.451958,13:05:52.459402,0:07:10.485233,0:00:02.003459
topic0 ,PUB,1,214,13:05:54.454627,13:05:54.468638,0:07:12.494469,0:00:02.009236
topic0 ,PUB,1,215,13:05:56.460420,13:05:56.473729,0:07:14.499560,0:00:02.005091
topic0 ,PUB,1,216,13:05:58.464147,13:05:58.471994,0:07:16.497825,0:00:01.998265
topic0 ,PUB,1,217,13:06:00.466266,13:06:00.476707,0:07:18.502538,0:00:02.004713
topic0 ,PUB,1,218,13:06:02.470321,13:06:02.492553,0:07:20.518384,0:00:02.015846
topic0 ,PUB,1,219,13:06:04.474572,13:06:04.491479,0:07:22.517310,0:00:01.998926
topic0 ,PUB,1,220,13:06:06.487378,13:06:06.496359,0:07:24.522190,0:00:02.004880
topic0 ,PUB,1,221,13:06:08.490361,13:06:08.498053,0:07:26.523884,0:00:02.001694
topic0 ,PUB,1,222,13:06:10.494546,13:06:10.503293,0:07:28.529124,0:00:02.005240
topic0 ,PUB,1,223,13:06:12.498347,13:06:12.510840,0:07:30.536671,0:00:02.007547
topic0 ,PUB,1,224,13:06:14.504867,13:06:14.516721,0:07:32.542552,0:00:02.005881
topic0 ,PUB,1,225,13:06:16.508729,13:06:16.518351,0:07:34.544182,0:00:02.001630
topic0 ,PUB,1,226,13:06:18.512476,13:06:18.521359,0:07:36.547190,0:00:02.003008
topic0 ,PUB,1,227,13:06:20.518929,13:06:20.535924,0:07:38.561755,0:00:02.014565
topic0 ,PUB,1,228,13:06:22.522782,13:06:22.531918,0:07:40.557749,0:00:01.995994
topic0 ,PUB,1,229,13:06:24.526632,13:06:24.536849,0:07:42.562680,0:00:02.004931
topic0 ,PUB,1,230,13:06:26.532585,13:06:26.539937,0:07:44.565768,0:00:02.003088
topic0 ,PUB,1,231,13:06:28.534362,13:06:28.543978,0:07:46.569809,0:00:02.004041
topic0 ,PUB,1,232,13:06:30.538070,13:06:30.548589,0:07:48.574420,0:00:02.004611
topic0 ,PUB,1,233,13:06:32.547701,13:06:32.556130,0:07:50.581961,0:00:02.007541
topic0 ,PUB,1,234,13:06:34.558731,13:06:34.575066,0:07:52.600897,0:00:02.018936
timeout
reply none type
None
