hello now
Connection dropped: socket connection error: Connection refused
Connection dropped: socket connection error: Connection refused
Connection dropped: socket connection error: Connection refused
Connection dropped: socket connection error: Connection refused
Connection dropped: socket connection error: Connection refused
Connection dropped: socket connection error: Connection refused
Connection dropped: socket connection error: Connection refused
Connection dropped: socket connection error: Connection refused
Failed connecting to Zookeeper within the connection retry policy.
Traceback (most recent call last):
  File "publisher.py", line 112, in <module>
    main ()
  File "publisher.py", line 98, in main
    pub1 = Publisher(args.topic,args.id)
  File "publisher.py", line 50, in __init__
    self.zk.start()
  File "/home/rob/.local/lib/python3.6/site-packages/kazoo/client.py", line 635, in start
    raise self.handler.timeout_exception("Connection time-out")
kazoo.handlers.threading.KazooTimeoutError: Connection time-out
